<?xml version="1.0" encoding="UTF-8"?>
<testsuites name="ITSupporter" time="12" tests="0" failures="9" errors="0">
   <testsuite name="ITSupporter" tests="0" failures="9" errors="0" time="12" timestamp="2019-02-18 11:18:51" hostname="Ninja - AnhNVSE63446" id="Test Suites/ITSupporter">
      <properties>
         <property name="deviceName" value=""/>
         <property name="devicePlatform" value=""/>
         <property name="logFolder" value="E:\\Internship\\Tester\\TestKatalon\\test\\Reports\\ITSupporter\\20190218_111843"/>
         <property name="logFiles" value="E:\\Internship\\Tester\\TestKatalon\\test\\Reports\\ITSupporter\\20190218_111843\\execution0.log"/>
         <property name="attachments" value=""/>
         <property name="hostName" value="Ninja - AnhNVSE63446"/>
         <property name="hostAddress" value="192.168.175.1"/>
         <property name="os" value="Windows 10 64bit"/>
         <property name="katalonVersion" value="5.10.0.1"/>
      </properties>
      <testcase name="Test Cases/ITSupporter/01Login" classname="Test Cases/ITSupporter/01Login" status="FAILED">
         <failure type="FAILED" message="Test Cases/ITSupporter/01Login FAILED.
Reason:
com.kms.katalon.core.exception.StepFailedException: Unable to verify element property value (Root cause: java.lang.NullPointerException: Cannot get property 'order' on null object)
	at com.kms.katalon.core.keyword.internal.KeywordMain.stepFailed(KeywordMain.groovy:32)
	at com.kms.katalon.core.keyword.internal.KeywordMain.stepFailed(KeywordMain.groovy)
	at com.kms.katalon.core.keyword.internal.KeywordMain.runKeyword(KeywordMain.groovy:56)
	at com.kms.katalon.core.webservice.keyword.builtin.VerifyElementPropertyValueKeyword.verifyElementPropertyValue(VerifyElementPropertyValueKeyword.groovy:48)
	at com.kms.katalon.core.webservice.keyword.builtin.VerifyElementPropertyValueKeyword.execute(VerifyElementPropertyValueKeyword.groovy:43)
	at com.kms.katalon.core.keyword.internal.KeywordExecutor.executeKeywordForPlatform(KeywordExecutor.groovy:53)
	at com.kms.katalon.core.webservice.keyword.WSBuiltInKeywords.verifyElementPropertyValue(WSBuiltInKeywords.groovy:123)
	at com.kms.katalon.core.webservice.keyword.WSBuiltInKeywords$verifyElementPropertyValue$1.call(Unknown Source)
	at 01Login.run(01Login:20)
	at com.kms.katalon.core.main.ScriptEngine.run(ScriptEngine.java:194)
	at com.kms.katalon.core.main.ScriptEngine.runScriptAsRawText(ScriptEngine.java:119)
	at com.kms.katalon.core.main.TestCaseExecutor.runScript(TestCaseExecutor.java:328)
	at com.kms.katalon.core.main.TestCaseExecutor.doExecute(TestCaseExecutor.java:319)
	at com.kms.katalon.core.main.TestCaseExecutor.processExecutionPhase(TestCaseExecutor.java:298)
	at com.kms.katalon.core.main.TestCaseExecutor.accessMainPhase(TestCaseExecutor.java:290)
	at com.kms.katalon.core.main.TestCaseExecutor.execute(TestCaseExecutor.java:224)
	at com.kms.katalon.core.main.TestSuiteExecutor.accessTestCaseMainPhase(TestSuiteExecutor.java:129)
	at com.kms.katalon.core.main.TestSuiteExecutor.accessTestSuiteMainPhase(TestSuiteExecutor.java:112)
	at com.kms.katalon.core.main.TestSuiteExecutor.execute(TestSuiteExecutor.java:81)
	at com.kms.katalon.core.main.TestCaseMain.startTestSuite(TestCaseMain.java:149)
	at com.kms.katalon.core.main.TestCaseMain$startTestSuite$0.call(Unknown Source)
	at TempTestSuite1550463528097.run(TempTestSuite1550463528097.groovy:36)
"/>
         <system-out><![CDATA[2019-02-18 11:18:51 - [TEST_CASE][FAILED] - Test Cases/ITSupporter/01Login: Test Cases/ITSupporter/01Login FAILED.
Reason:
com.kms.katalon.core.exception.StepFailedException: Unable to verify element property value (Root cause: java.lang.NullPointerException: Cannot get property 'order' on null object)
	at com.kms.katalon.core.keyword.internal.KeywordMain.stepFailed(KeywordMain.groovy:32)
	at com.kms.katalon.core.keyword.internal.KeywordMain.stepFailed(KeywordMain.groovy)
	at com.kms.katalon.core.keyword.internal.KeywordMain.runKeyword(KeywordMain.groovy:56)
	at com.kms.katalon.core.webservice.keyword.builtin.VerifyElementPropertyValueKeyword.verifyElementPropertyValue(VerifyElementPropertyValueKeyword.groovy:48)
	at com.kms.katalon.core.webservice.keyword.builtin.VerifyElementPropertyValueKeyword.execute(VerifyElementPropertyValueKeyword.groovy:43)
	at com.kms.katalon.core.keyword.internal.KeywordExecutor.executeKeywordForPlatform(KeywordExecutor.groovy:53)
	at com.kms.katalon.core.webservice.keyword.WSBuiltInKeywords.verifyElementPropertyValue(WSBuiltInKeywords.groovy:123)
	at com.kms.katalon.core.webservice.keyword.WSBuiltInKeywords$verifyElementPropertyValue$1.call(Unknown Source)
	at 01Login.run(01Login:20)
	at com.kms.katalon.core.main.ScriptEngine.run(ScriptEngine.java:194)
	at com.kms.katalon.core.main.ScriptEngine.runScriptAsRawText(ScriptEngine.java:119)
	at com.kms.katalon.core.main.TestCaseExecutor.runScript(TestCaseExecutor.java:328)
	at com.kms.katalon.core.main.TestCaseExecutor.doExecute(TestCaseExecutor.java:319)
	at com.kms.katalon.core.main.TestCaseExecutor.processExecutionPhase(TestCaseExecutor.java:298)
	at com.kms.katalon.core.main.TestCaseExecutor.accessMainPhase(TestCaseExecutor.java:290)
	at com.kms.katalon.core.main.TestCaseExecutor.execute(TestCaseExecutor.java:224)
	at com.kms.katalon.core.main.TestSuiteExecutor.accessTestCaseMainPhase(TestSuiteExecutor.java:129)
	at com.kms.katalon.core.main.TestSuiteExecutor.accessTestSuiteMainPhase(TestSuiteExecutor.java:112)
	at com.kms.katalon.core.main.TestSuiteExecutor.execute(TestSuiteExecutor.java:81)
	at com.kms.katalon.core.main.TestCaseMain.startTestSuite(TestCaseMain.java:149)
	at com.kms.katalon.core.main.TestCaseMain$startTestSuite$0.call(Unknown Source)
	at TempTestSuite1550463528097.run(TempTestSuite1550463528097.groovy:36)


2019-02-18 11:18:52 - [TEST_STEP][PASSED] - a = sendRequest(findTestObject("ITSupporter/01Login")): Send request successfully

2019-02-18 11:18:53 - [MESSAGE][PASSED] - Send request successfully

2019-02-18 11:18:53 - [TEST_STEP][PASSED] - verifyResponseStatusCode(a, 200): Verify response status code successfully

2019-02-18 11:18:53 - [MESSAGE][PASSED] - Verify response status code successfully

2019-02-18 11:18:53 - [TEST_STEP][FAILED] - verifyElementPropertyValue(a, "ObjReturn.order", 1): Unable to verify element property value (Root cause: java.lang.NullPointerException: Cannot get property 'order' on null object)

2019-02-18 11:18:53 - [MESSAGE][FAILED] - Unable to verify element property value (Root cause: java.lang.NullPointerException: Cannot get property 'order' on null object)

2019-02-18 11:18:53 - [TEST_STEP][FAILED] - verifyElementPropertyValue(a, "ObjReturn.it_supporter_id", 1): Unable to verify element property value (Root cause: java.lang.NullPointerException: Cannot get property 'it_supporter_id' on null object)

2019-02-18 11:18:53 - [MESSAGE][FAILED] - Unable to verify element property value (Root cause: java.lang.NullPointerException: Cannot get property 'it_supporter_id' on null object)

2019-02-18 11:18:53 - [TEST_STEP][FAILED] - verifyElementPropertyValue(a, "ObjReturn.it_supporter_name", "Lê Hồng Ân"): Unable to verify element property value (Root cause: java.lang.NullPointerException: Cannot get property 'it_supporter_name' on null object)

2019-02-18 11:18:53 - [MESSAGE][FAILED] - Unable to verify element property value (Root cause: java.lang.NullPointerException: Cannot get property 'it_supporter_name' on null object)

2019-02-18 11:18:53 - [TEST_STEP][FAILED] - verifyElementPropertyValue(a, "ObjReturn.account_id", 2): Unable to verify element property value (Root cause: java.lang.NullPointerException: Cannot get property 'account_id' on null object)

2019-02-18 11:18:53 - [MESSAGE][FAILED] - Unable to verify element property value (Root cause: java.lang.NullPointerException: Cannot get property 'account_id' on null object)

2019-02-18 11:18:53 - [TEST_STEP][FAILED] - verifyElementPropertyValue(a, "ObjReturn.username", "lehongan"): Unable to verify element property value (Root cause: java.lang.NullPointerException: Cannot get property 'username' on null object)

2019-02-18 11:18:53 - [MESSAGE][FAILED] - Unable to verify element property value (Root cause: java.lang.NullPointerException: Cannot get property 'username' on null object)

2019-02-18 11:18:53 - [TEST_STEP][FAILED] - verifyElementPropertyValue(a, "ObjReturn.old_username", null): Unable to verify element property value (Root cause: java.lang.NullPointerException: Cannot get property 'old_username' on null object)

2019-02-18 11:18:54 - [MESSAGE][FAILED] - Unable to verify element property value (Root cause: java.lang.NullPointerException: Cannot get property 'old_username' on null object)

2019-02-18 11:18:54 - [TEST_STEP][FAILED] - verifyElementPropertyValue(a, "ObjReturn.it_supporter_phone", "0152012421"): Unable to verify element property value (Root cause: java.lang.NullPointerException: Cannot get property 'it_supporter_phone' on null object)

2019-02-18 11:18:54 - [MESSAGE][FAILED] - Unable to verify element property value (Root cause: java.lang.NullPointerException: Cannot get property 'it_supporter_phone' on null object)

2019-02-18 11:18:54 - [TEST_STEP][FAILED] - verifyElementPropertyValue(a, "ObjReturn.it_supporter_mail", "anh@gmail.com"): Unable to verify element property value (Root cause: java.lang.NullPointerException: Cannot get property 'it_supporter_mail' on null object)

2019-02-18 11:18:54 - [MESSAGE][FAILED] - Unable to verify element property value (Root cause: java.lang.NullPointerException: Cannot get property 'it_supporter_mail' on null object)

2019-02-18 11:18:54 - [TEST_STEP][FAILED] - verifyElementPropertyValue(a, "ObjReturn.gender", "1"): Unable to verify element property value (Root cause: java.lang.NullPointerException: Cannot get property 'gender' on null object)

2019-02-18 11:18:54 - [MESSAGE][FAILED] - Unable to verify element property value (Root cause: java.lang.NullPointerException: Cannot get property 'gender' on null object)

2019-02-18 11:18:54 - [TEST_STEP][FAILED] - verifyElementPropertyValue(a, "ObjReturn.address", "742 Lê Đức Thọ"): Unable to verify element property value (Root cause: java.lang.NullPointerException: Cannot get property 'address' on null object)

2019-02-18 11:18:54 - [MESSAGE][FAILED] - Unable to verify element property value (Root cause: java.lang.NullPointerException: Cannot get property 'address' on null object)

2019-02-18 11:18:54 - [TEST_STEP][FAILED] - verifyElementPropertyValue(a, "ObjReturn.rating_avg", 4.4375): Unable to verify element property value (Root cause: java.lang.NullPointerException: Cannot get property 'rating_avg' on null object)

2019-02-18 11:18:54 - [MESSAGE][FAILED] - Unable to verify element property value (Root cause: java.lang.NullPointerException: Cannot get property 'rating_avg' on null object)

2019-02-18 11:18:54 - [TEST_STEP][FAILED] - verifyElementPropertyValue(a, "ObjReturn.working_status", true): Unable to verify element property value (Root cause: java.lang.NullPointerException: Cannot get property 'working_status' on null object)

2019-02-18 11:18:54 - [MESSAGE][FAILED] - Unable to verify element property value (Root cause: java.lang.NullPointerException: Cannot get property 'working_status' on null object)

2019-02-18 11:18:54 - [TEST_STEP][FAILED] - verifyElementPropertyValue(a, "ObjReturn.available", false): Unable to verify element property value (Root cause: java.lang.NullPointerException: Cannot get property 'available' on null object)

2019-02-18 11:18:54 - [MESSAGE][FAILED] - Unable to verify element property value (Root cause: java.lang.NullPointerException: Cannot get property 'available' on null object)

2019-02-18 11:18:54 - [TEST_STEP][FAILED] - verifyElementPropertyValue(a, "ObjReturn.is_online", true): Unable to verify element property value (Root cause: java.lang.NullPointerException: Cannot get property 'is_online' on null object)

2019-02-18 11:18:54 - [MESSAGE][FAILED] - Unable to verify element property value (Root cause: java.lang.NullPointerException: Cannot get property 'is_online' on null object)

2019-02-18 11:18:54 - [TEST_STEP][FAILED] - verifyElementPropertyValue(a, "ObjReturn.create_date", "01:00:00 03/10/2018"): Unable to verify element property value (Root cause: java.lang.NullPointerException: Cannot get property 'create_date' on null object)

2019-02-18 11:18:54 - [MESSAGE][FAILED] - Unable to verify element property value (Root cause: java.lang.NullPointerException: Cannot get property 'create_date' on null object)

2019-02-18 11:18:54 - [TEST_STEP][FAILED] - verifyElementPropertyValue(a, "ObjReturn.update_date", "16:59:21 13/02/2019"): Unable to verify element property value (Root cause: java.lang.NullPointerException: Cannot get property 'update_date' on null object)

2019-02-18 11:18:54 - [MESSAGE][FAILED] - Unable to verify element property value (Root cause: java.lang.NullPointerException: Cannot get property 'update_date' on null object)

2019-02-18 11:18:54 - [TEST_STEP][FAILED] - verifyElementPropertyValue(a, "ObjReturn.request_pending", ""): Unable to verify element property value (Root cause: java.lang.NullPointerException: Cannot get property 'request_pending' on null object)

2019-02-18 11:18:54 - [MESSAGE][FAILED] - Unable to verify element property value (Root cause: java.lang.NullPointerException: Cannot get property 'request_pending' on null object)

2019-02-18 11:18:54 - [TEST_STEP][FAILED] - verifyElementPropertyValue(a, "ObjReturn.service_it_supporter_name", ""): Unable to verify element property value (Root cause: java.lang.NullPointerException: Cannot get property 'service_it_supporter_name' on null object)

2019-02-18 11:18:54 - [MESSAGE][FAILED] - Unable to verify element property value (Root cause: java.lang.NullPointerException: Cannot get property 'service_it_supporter_name' on null object)

2019-02-18 11:18:54 - [TEST_STEP][FAILED] - verifyElementPropertyValue(a, "ObjReturn.password", "e10adc3949ba59abbe56e057f20f883e"): Unable to verify element property value (Root cause: java.lang.NullPointerException: Cannot get property 'password' on null object)

2019-02-18 11:18:54 - [MESSAGE][FAILED] - Unable to verify element property value (Root cause: java.lang.NullPointerException: Cannot get property 'password' on null object)

2019-02-18 11:18:54 - [TEST_STEP][FAILED] - verifyElementPropertyValue(a, "ObjReturn.experience_months", ""): Unable to verify element property value (Root cause: java.lang.NullPointerException: Cannot get property 'experience_months' on null object)

2019-02-18 11:18:54 - [MESSAGE][FAILED] - Unable to verify element property value (Root cause: java.lang.NullPointerException: Cannot get property 'experience_months' on null object)

2019-02-18 11:18:54 - [TEST_STEP][FAILED] - verifyElementPropertyValue(a, "ObjReturn.Id", ""): Unable to verify element property value (Root cause: java.lang.NullPointerException: Cannot get property 'Id' on null object)

2019-02-18 11:18:54 - [MESSAGE][FAILED] - Unable to verify element property value (Root cause: java.lang.NullPointerException: Cannot get property 'Id' on null object)

2019-02-18 11:18:54 - [TEST_STEP][FAILED] - verifyElementPropertyValue(a, "ObjReturn.role_id", 2): Unable to verify element property value (Root cause: java.lang.NullPointerException: Cannot get property 'role_id' on null object)

2019-02-18 11:18:54 - [MESSAGE][FAILED] - Unable to verify element property value (Root cause: java.lang.NullPointerException: Cannot get property 'role_id' on null object)

2019-02-18 11:18:54 - [TEST_STEP][FAILED] - verifyElementPropertyValue(a, "ObjReturn.role_name", "ITSupporter"): Unable to verify element property value (Root cause: java.lang.NullPointerException: Cannot get property 'role_name' on null object)

2019-02-18 11:18:54 - [MESSAGE][FAILED] - Unable to verify element property value (Root cause: java.lang.NullPointerException: Cannot get property 'role_name' on null object)

2019-02-18 11:18:54 - [TEST_STEP][FAILED] - verifyElementPropertyValue(a, "ObjReturn.RoleName", "ITSupporter"): verifyElementPropertyValue(a, "ObjReturn.RoleName", "ITSupporter") FAILED.
Reason:
com.kms.katalon.core.exception.StepFailedException: Unable to verify element property value (Root cause: java.lang.NullPointerException: Cannot get property 'order' on null object)
	at com.kms.katalon.core.keyword.internal.KeywordMain.stepFailed(KeywordMain.groovy:32)
	at com.kms.katalon.core.keyword.internal.KeywordMain.stepFailed(KeywordMain.groovy)
	at com.kms.katalon.core.keyword.internal.KeywordMain.runKeyword(KeywordMain.groovy:56)
	at com.kms.katalon.core.webservice.keyword.builtin.VerifyElementPropertyValueKeyword.verifyElementPropertyValue(VerifyElementPropertyValueKeyword.groovy:48)
	at com.kms.katalon.core.webservice.keyword.builtin.VerifyElementPropertyValueKeyword.execute(VerifyElementPropertyValueKeyword.groovy:43)
	at com.kms.katalon.core.keyword.internal.KeywordExecutor.executeKeywordForPlatform(KeywordExecutor.groovy:53)
	at com.kms.katalon.core.webservice.keyword.WSBuiltInKeywords.verifyElementPropertyValue(WSBuiltInKeywords.groovy:123)
	at com.kms.katalon.core.webservice.keyword.WSBuiltInKeywords$verifyElementPropertyValue$1.call(Unknown Source)
	at 01Login.run(01Login:20)
	at com.kms.katalon.core.main.ScriptEngine.run(ScriptEngine.java:194)
	at com.kms.katalon.core.main.ScriptEngine.runScriptAsRawText(ScriptEngine.java:119)
	at com.kms.katalon.core.main.TestCaseExecutor.runScript(TestCaseExecutor.java:328)
	at com.kms.katalon.core.main.TestCaseExecutor.doExecute(TestCaseExecutor.java:319)
	at com.kms.katalon.core.main.TestCaseExecutor.processExecutionPhase(TestCaseExecutor.java:298)
	at com.kms.katalon.core.main.TestCaseExecutor.accessMainPhase(TestCaseExecutor.java:290)
	at com.kms.katalon.core.main.TestCaseExecutor.execute(TestCaseExecutor.java:224)
	at com.kms.katalon.core.main.TestSuiteExecutor.accessTestCaseMainPhase(TestSuiteExecutor.java:129)
	at com.kms.katalon.core.main.TestSuiteExecutor.accessTestSuiteMainPhase(TestSuiteExecutor.java:112)
	at com.kms.katalon.core.main.TestSuiteExecutor.execute(TestSuiteExecutor.java:81)
	at com.kms.katalon.core.main.TestCaseMain.startTestSuite(TestCaseMain.java:149)
	at com.kms.katalon.core.main.TestCaseMain$startTestSuite$0.call(Unknown Source)
	at TempTestSuite1550463528097.run(TempTestSuite1550463528097.groovy:36)


2019-02-18 11:18:54 - [MESSAGE][FAILED] - Unable to verify element property value (Root cause: java.lang.NullPointerException: Cannot get property 'RoleName' on null object)

2019-02-18 11:18:54 - [MESSAGE][FAILED] - verifyElementPropertyValue(a, "ObjReturn.RoleName", "ITSupporter") FAILED.
Reason:
com.kms.katalon.core.exception.StepFailedException: Unable to verify element property value (Root cause: java.lang.NullPointerException: Cannot get property 'order' on null object)
	at com.kms.katalon.core.keyword.internal.KeywordMain.stepFailed(KeywordMain.groovy:32)
	at com.kms.katalon.core.keyword.internal.KeywordMain.stepFailed(KeywordMain.groovy)
	at com.kms.katalon.core.keyword.internal.KeywordMain.runKeyword(KeywordMain.groovy:56)
	at com.kms.katalon.core.webservice.keyword.builtin.VerifyElementPropertyValueKeyword.verifyElementPropertyValue(VerifyElementPropertyValueKeyword.groovy:48)
	at com.kms.katalon.core.webservice.keyword.builtin.VerifyElementPropertyValueKeyword.execute(VerifyElementPropertyValueKeyword.groovy:43)
	at com.kms.katalon.core.keyword.internal.KeywordExecutor.executeKeywordForPlatform(KeywordExecutor.groovy:53)
	at com.kms.katalon.core.webservice.keyword.WSBuiltInKeywords.verifyElementPropertyValue(WSBuiltInKeywords.groovy:123)
	at com.kms.katalon.core.webservice.keyword.WSBuiltInKeywords$verifyElementPropertyValue$1.call(Unknown Source)
	at 01Login.run(01Login:20)
	at com.kms.katalon.core.main.ScriptEngine.run(ScriptEngine.java:194)
	at com.kms.katalon.core.main.ScriptEngine.runScriptAsRawText(ScriptEngine.java:119)
	at com.kms.katalon.core.main.TestCaseExecutor.runScript(TestCaseExecutor.java:328)
	at com.kms.katalon.core.main.TestCaseExecutor.doExecute(TestCaseExecutor.java:319)
	at com.kms.katalon.core.main.TestCaseExecutor.processExecutionPhase(TestCaseExecutor.java:298)
	at com.kms.katalon.core.main.TestCaseExecutor.accessMainPhase(TestCaseExecutor.java:290)
	at com.kms.katalon.core.main.TestCaseExecutor.execute(TestCaseExecutor.java:224)
	at com.kms.katalon.core.main.TestSuiteExecutor.accessTestCaseMainPhase(TestSuiteExecutor.java:129)
	at com.kms.katalon.core.main.TestSuiteExecutor.accessTestSuiteMainPhase(TestSuiteExecutor.java:112)
	at com.kms.katalon.core.main.TestSuiteExecutor.execute(TestSuiteExecutor.java:81)
	at com.kms.katalon.core.main.TestCaseMain.startTestSuite(TestCaseMain.java:149)
	at com.kms.katalon.core.main.TestCaseMain$startTestSuite$0.call(Unknown Source)
	at TempTestSuite1550463528097.run(TempTestSuite1550463528097.groovy:36)]]></system-out>
         <system-err><![CDATA[2019-02-18 11:18:51 - [TEST_CASE][FAILED] - Test Cases/ITSupporter/01Login: Test Cases/ITSupporter/01Login FAILED.
Reason:
com.kms.katalon.core.exception.StepFailedException: Unable to verify element property value (Root cause: java.lang.NullPointerException: Cannot get property 'order' on null object)
	at com.kms.katalon.core.keyword.internal.KeywordMain.stepFailed(KeywordMain.groovy:32)
	at com.kms.katalon.core.keyword.internal.KeywordMain.stepFailed(KeywordMain.groovy)
	at com.kms.katalon.core.keyword.internal.KeywordMain.runKeyword(KeywordMain.groovy:56)
	at com.kms.katalon.core.webservice.keyword.builtin.VerifyElementPropertyValueKeyword.verifyElementPropertyValue(VerifyElementPropertyValueKeyword.groovy:48)
	at com.kms.katalon.core.webservice.keyword.builtin.VerifyElementPropertyValueKeyword.execute(VerifyElementPropertyValueKeyword.groovy:43)
	at com.kms.katalon.core.keyword.internal.KeywordExecutor.executeKeywordForPlatform(KeywordExecutor.groovy:53)
	at com.kms.katalon.core.webservice.keyword.WSBuiltInKeywords.verifyElementPropertyValue(WSBuiltInKeywords.groovy:123)
	at com.kms.katalon.core.webservice.keyword.WSBuiltInKeywords$verifyElementPropertyValue$1.call(Unknown Source)
	at 01Login.run(01Login:20)
	at com.kms.katalon.core.main.ScriptEngine.run(ScriptEngine.java:194)
	at com.kms.katalon.core.main.ScriptEngine.runScriptAsRawText(ScriptEngine.java:119)
	at com.kms.katalon.core.main.TestCaseExecutor.runScript(TestCaseExecutor.java:328)
	at com.kms.katalon.core.main.TestCaseExecutor.doExecute(TestCaseExecutor.java:319)
	at com.kms.katalon.core.main.TestCaseExecutor.processExecutionPhase(TestCaseExecutor.java:298)
	at com.kms.katalon.core.main.TestCaseExecutor.accessMainPhase(TestCaseExecutor.java:290)
	at com.kms.katalon.core.main.TestCaseExecutor.execute(TestCaseExecutor.java:224)
	at com.kms.katalon.core.main.TestSuiteExecutor.accessTestCaseMainPhase(TestSuiteExecutor.java:129)
	at com.kms.katalon.core.main.TestSuiteExecutor.accessTestSuiteMainPhase(TestSuiteExecutor.java:112)
	at com.kms.katalon.core.main.TestSuiteExecutor.execute(TestSuiteExecutor.java:81)
	at com.kms.katalon.core.main.TestCaseMain.startTestSuite(TestCaseMain.java:149)
	at com.kms.katalon.core.main.TestCaseMain$startTestSuite$0.call(Unknown Source)
	at TempTestSuite1550463528097.run(TempTestSuite1550463528097.groovy:36)]]></system-err>
      </testcase>
      <testcase name="Test Cases/ITSupporter/03ViewProfile" classname="Test Cases/ITSupporter/03ViewProfile" status="FAILED">
         <failure type="FAILED" message="Test Cases/ITSupporter/03ViewProfile FAILED.
Reason:
com.kms.katalon.core.exception.StepFailedException: Expected element property value '1' is not equal with actual property value '0'
	at com.kms.katalon.core.keyword.internal.KeywordMain.stepFailed(KeywordMain.groovy:32)
	at com.kms.katalon.core.webservice.keyword.builtin.VerifyElementPropertyValueKeyword$_verifyElementPropertyValue_closure1.doCall(VerifyElementPropertyValueKeyword.groovy:56)
	at com.kms.katalon.core.webservice.keyword.builtin.VerifyElementPropertyValueKeyword$_verifyElementPropertyValue_closure1.call(VerifyElementPropertyValueKeyword.groovy)
	at com.kms.katalon.core.keyword.internal.KeywordMain.runKeyword(KeywordMain.groovy:54)
	at com.kms.katalon.core.webservice.keyword.builtin.VerifyElementPropertyValueKeyword.verifyElementPropertyValue(VerifyElementPropertyValueKeyword.groovy:48)
	at com.kms.katalon.core.webservice.keyword.builtin.VerifyElementPropertyValueKeyword.execute(VerifyElementPropertyValueKeyword.groovy:43)
	at com.kms.katalon.core.keyword.internal.KeywordExecutor.executeKeywordForPlatform(KeywordExecutor.groovy:53)
	at com.kms.katalon.core.webservice.keyword.WSBuiltInKeywords.verifyElementPropertyValue(WSBuiltInKeywords.groovy:123)
	at com.kms.katalon.core.webservice.keyword.WSBuiltInKeywords$verifyElementPropertyValue$1.call(Unknown Source)
	at 03ViewProfile.run(03ViewProfile:20)
	at com.kms.katalon.core.main.ScriptEngine.run(ScriptEngine.java:194)
	at com.kms.katalon.core.main.ScriptEngine.runScriptAsRawText(ScriptEngine.java:119)
	at com.kms.katalon.core.main.TestCaseExecutor.runScript(TestCaseExecutor.java:328)
	at com.kms.katalon.core.main.TestCaseExecutor.doExecute(TestCaseExecutor.java:319)
	at com.kms.katalon.core.main.TestCaseExecutor.processExecutionPhase(TestCaseExecutor.java:298)
	at com.kms.katalon.core.main.TestCaseExecutor.accessMainPhase(TestCaseExecutor.java:290)
	at com.kms.katalon.core.main.TestCaseExecutor.execute(TestCaseExecutor.java:224)
	at com.kms.katalon.core.main.TestSuiteExecutor.accessTestCaseMainPhase(TestSuiteExecutor.java:129)
	at com.kms.katalon.core.main.TestSuiteExecutor.accessTestSuiteMainPhase(TestSuiteExecutor.java:112)
	at com.kms.katalon.core.main.TestSuiteExecutor.execute(TestSuiteExecutor.java:81)
	at com.kms.katalon.core.main.TestCaseMain.startTestSuite(TestCaseMain.java:149)
	at com.kms.katalon.core.main.TestCaseMain$startTestSuite$0.call(Unknown Source)
	at TempTestSuite1550463528097.run(TempTestSuite1550463528097.groovy:36)
"/>
         <system-out><![CDATA[2019-02-18 11:18:54 - [TEST_CASE][FAILED] - Test Cases/ITSupporter/03ViewProfile: Test Cases/ITSupporter/03ViewProfile FAILED.
Reason:
com.kms.katalon.core.exception.StepFailedException: Expected element property value '1' is not equal with actual property value '0'
	at com.kms.katalon.core.keyword.internal.KeywordMain.stepFailed(KeywordMain.groovy:32)
	at com.kms.katalon.core.webservice.keyword.builtin.VerifyElementPropertyValueKeyword$_verifyElementPropertyValue_closure1.doCall(VerifyElementPropertyValueKeyword.groovy:56)
	at com.kms.katalon.core.webservice.keyword.builtin.VerifyElementPropertyValueKeyword$_verifyElementPropertyValue_closure1.call(VerifyElementPropertyValueKeyword.groovy)
	at com.kms.katalon.core.keyword.internal.KeywordMain.runKeyword(KeywordMain.groovy:54)
	at com.kms.katalon.core.webservice.keyword.builtin.VerifyElementPropertyValueKeyword.verifyElementPropertyValue(VerifyElementPropertyValueKeyword.groovy:48)
	at com.kms.katalon.core.webservice.keyword.builtin.VerifyElementPropertyValueKeyword.execute(VerifyElementPropertyValueKeyword.groovy:43)
	at com.kms.katalon.core.keyword.internal.KeywordExecutor.executeKeywordForPlatform(KeywordExecutor.groovy:53)
	at com.kms.katalon.core.webservice.keyword.WSBuiltInKeywords.verifyElementPropertyValue(WSBuiltInKeywords.groovy:123)
	at com.kms.katalon.core.webservice.keyword.WSBuiltInKeywords$verifyElementPropertyValue$1.call(Unknown Source)
	at 03ViewProfile.run(03ViewProfile:20)
	at com.kms.katalon.core.main.ScriptEngine.run(ScriptEngine.java:194)
	at com.kms.katalon.core.main.ScriptEngine.runScriptAsRawText(ScriptEngine.java:119)
	at com.kms.katalon.core.main.TestCaseExecutor.runScript(TestCaseExecutor.java:328)
	at com.kms.katalon.core.main.TestCaseExecutor.doExecute(TestCaseExecutor.java:319)
	at com.kms.katalon.core.main.TestCaseExecutor.processExecutionPhase(TestCaseExecutor.java:298)
	at com.kms.katalon.core.main.TestCaseExecutor.accessMainPhase(TestCaseExecutor.java:290)
	at com.kms.katalon.core.main.TestCaseExecutor.execute(TestCaseExecutor.java:224)
	at com.kms.katalon.core.main.TestSuiteExecutor.accessTestCaseMainPhase(TestSuiteExecutor.java:129)
	at com.kms.katalon.core.main.TestSuiteExecutor.accessTestSuiteMainPhase(TestSuiteExecutor.java:112)
	at com.kms.katalon.core.main.TestSuiteExecutor.execute(TestSuiteExecutor.java:81)
	at com.kms.katalon.core.main.TestCaseMain.startTestSuite(TestCaseMain.java:149)
	at com.kms.katalon.core.main.TestCaseMain$startTestSuite$0.call(Unknown Source)
	at TempTestSuite1550463528097.run(TempTestSuite1550463528097.groovy:36)


2019-02-18 11:18:55 - [TEST_STEP][PASSED] - response = sendRequest(findTestObject("ITSupporter/03ViewProfile")): Send request successfully

2019-02-18 11:18:55 - [MESSAGE][PASSED] - Send request successfully

2019-02-18 11:18:55 - [TEST_STEP][PASSED] - verifyResponseStatusCode(response, 200): Verify response status code successfully

2019-02-18 11:18:55 - [MESSAGE][PASSED] - Verify response status code successfully

2019-02-18 11:18:55 - [TEST_STEP][FAILED] - verifyElementPropertyValue(response, "ObjReturn.order", 1): Expected element property value '1' is not equal with actual property value '0'

2019-02-18 11:18:55 - [MESSAGE][FAILED] - Expected element property value '1' is not equal with actual property value '0'

2019-02-18 11:18:55 - [TEST_STEP][PASSED] - verifyElementPropertyValue(response, "ObjReturn.it_supporter_id", 1): Verify element property value successfully

2019-02-18 11:18:55 - [MESSAGE][PASSED] - Verify element property value successfully

2019-02-18 11:18:55 - [TEST_STEP][PASSED] - verifyElementPropertyValue(response, "ObjReturn.it_supporter_name", "Lê Hồng Ân"): Verify element property value successfully

2019-02-18 11:18:55 - [MESSAGE][PASSED] - Verify element property value successfully

2019-02-18 11:18:55 - [TEST_STEP][PASSED] - verifyElementPropertyValue(response, "ObjReturn.account_id", 2): Verify element property value successfully

2019-02-18 11:18:55 - [MESSAGE][PASSED] - Verify element property value successfully

2019-02-18 11:18:55 - [TEST_STEP][PASSED] - verifyElementPropertyValue(response, "ObjReturn.username", "lehongan"): Verify element property value successfully

2019-02-18 11:18:55 - [MESSAGE][PASSED] - Verify element property value successfully

2019-02-18 11:18:55 - [TEST_STEP][PASSED] - verifyElementPropertyValue(response, "ObjReturn.old_username", null): Verify element property value successfully

2019-02-18 11:18:55 - [MESSAGE][PASSED] - Verify element property value successfully

2019-02-18 11:18:55 - [TEST_STEP][PASSED] - verifyElementPropertyValue(response, "ObjReturn.it_supporter_phone", "0152012421"): Verify element property value successfully

2019-02-18 11:18:55 - [MESSAGE][PASSED] - Verify element property value successfully

2019-02-18 11:18:55 - [TEST_STEP][PASSED] - verifyElementPropertyValue(response, "ObjReturn.it_supporter_mail", "anh@gmail.com"): Verify element property value successfully

2019-02-18 11:18:55 - [MESSAGE][PASSED] - Verify element property value successfully

2019-02-18 11:18:55 - [TEST_STEP][PASSED] - verifyElementPropertyValue(response, "ObjReturn.gender", "Nam"): Verify element property value successfully

2019-02-18 11:18:55 - [MESSAGE][PASSED] - Verify element property value successfully

2019-02-18 11:18:55 - [TEST_STEP][PASSED] - verifyElementPropertyValue(response, "ObjReturn.address", "742 Lê Đức Thọ"): Verify element property value successfully

2019-02-18 11:18:55 - [MESSAGE][PASSED] - Verify element property value successfully

2019-02-18 11:18:55 - [TEST_STEP][PASSED] - verifyElementPropertyValue(response, "ObjReturn.rating_avg", 4.4375): Verify element property value successfully

2019-02-18 11:18:55 - [MESSAGE][PASSED] - Verify element property value successfully

2019-02-18 11:18:55 - [TEST_STEP][FAILED] - verifyElementPropertyValue(response, "ObjReturn.working_status", "Đang bận!"): Expected element property value 'Đang bận!' is not equal with actual property value 'Chờ việc'

2019-02-18 11:18:55 - [MESSAGE][FAILED] - Expected element property value 'Đang bận!' is not equal with actual property value 'Chờ việc'

2019-02-18 11:18:55 - [TEST_STEP][PASSED] - verifyElementPropertyValue(response, "ObjReturn.available", false): Verify element property value successfully

2019-02-18 11:18:55 - [MESSAGE][PASSED] - Verify element property value successfully

2019-02-18 11:18:55 - [TEST_STEP][FAILED] - verifyElementPropertyValue(response, "ObjReturn.is_online", "Đang online"): Expected element property value 'Đang online' is not equal with actual property value 'đang online'

2019-02-18 11:18:55 - [MESSAGE][FAILED] - Expected element property value 'Đang online' is not equal with actual property value 'đang online'

2019-02-18 11:18:55 - [TEST_STEP][FAILED] - verifyElementPropertyValue(response, "ObjReturn.create_date", "01:00:00 03/10/2018"): Expected element property value '01:00:00 03/10/2018' is not equal with actual property value '01:00 03/10/2018'

2019-02-18 11:18:55 - [MESSAGE][FAILED] - Expected element property value '01:00:00 03/10/2018' is not equal with actual property value '01:00 03/10/2018'

2019-02-18 11:18:55 - [TEST_STEP][FAILED] - verifyElementPropertyValue(response, "ObjReturn.update_date", "16:59:00 13/02/2019"): Expected element property value '16:59:00 13/02/2019' is not equal with actual property value '10:31 18/02/2019'

2019-02-18 11:18:55 - [MESSAGE][FAILED] - Expected element property value '16:59:00 13/02/2019' is not equal with actual property value '10:31 18/02/2019'

2019-02-18 11:18:55 - [TEST_STEP][FAILED] - verifyElementPropertyValue(response, "ObjReturn.request_pending", ""): Expected element property value '' is not equal with actual property value '0'

2019-02-18 11:18:55 - [MESSAGE][FAILED] - Expected element property value '' is not equal with actual property value '0'

2019-02-18 11:18:55 - [TEST_STEP][FAILED] - verifyElementPropertyValue(response, "ObjReturn.service_it_supporter_name", ""): Expected element property value '' is not equal with actual property value 'null'

2019-02-18 11:18:55 - [MESSAGE][FAILED] - Expected element property value '' is not equal with actual property value 'null'

2019-02-18 11:18:55 - [TEST_STEP][FAILED] - verifyElementPropertyValue(response, "ObjReturn.password", "e10adc3949ba59abbe56e057f20f883e"): Expected element property value 'e10adc3949ba59abbe56e057f20f883e' is not equal with actual property value 'ec6a6536ca304edf844d1d248a4f08dc'

2019-02-18 11:18:55 - [MESSAGE][FAILED] - Expected element property value 'e10adc3949ba59abbe56e057f20f883e' is not equal with actual property value 'ec6a6536ca304edf844d1d248a4f08dc'

2019-02-18 11:18:55 - [TEST_STEP][FAILED] - verifyElementPropertyValue(response, "ObjReturn.experience_months", ""): Expected element property value '' is not equal with actual property value 'null'

2019-02-18 11:18:55 - [MESSAGE][FAILED] - Expected element property value '' is not equal with actual property value 'null'

2019-02-18 11:18:55 - [TEST_STEP][FAILED] - verifyElementPropertyValue(response, "ObjReturn.Id", ""): Expected element property value '' is not equal with actual property value '0'

2019-02-18 11:18:55 - [MESSAGE][FAILED] - Expected element property value '' is not equal with actual property value '0'

2019-02-18 11:18:55 - [TEST_STEP][PASSED] - verifyElementPropertyValue(response, "ObjReturn.role_id", 2): Verify element property value successfully

2019-02-18 11:18:56 - [MESSAGE][PASSED] - Verify element property value successfully

2019-02-18 11:18:56 - [TEST_STEP][PASSED] - verifyElementPropertyValue(response, "ObjReturn.role_name", "ITSupporter"): Verify element property value successfully

2019-02-18 11:18:56 - [MESSAGE][PASSED] - Verify element property value successfully

2019-02-18 11:18:56 - [TEST_STEP][FAILED] - verifyElementPropertyValue(response, "ObjReturn.role_name", "ITSupporter"): verifyElementPropertyValue(response, "ObjReturn.role_name", "ITSupporter") FAILED.
Reason:
com.kms.katalon.core.exception.StepFailedException: Expected element property value '1' is not equal with actual property value '0'
	at com.kms.katalon.core.keyword.internal.KeywordMain.stepFailed(KeywordMain.groovy:32)
	at com.kms.katalon.core.webservice.keyword.builtin.VerifyElementPropertyValueKeyword$_verifyElementPropertyValue_closure1.doCall(VerifyElementPropertyValueKeyword.groovy:56)
	at com.kms.katalon.core.webservice.keyword.builtin.VerifyElementPropertyValueKeyword$_verifyElementPropertyValue_closure1.call(VerifyElementPropertyValueKeyword.groovy)
	at com.kms.katalon.core.keyword.internal.KeywordMain.runKeyword(KeywordMain.groovy:54)
	at com.kms.katalon.core.webservice.keyword.builtin.VerifyElementPropertyValueKeyword.verifyElementPropertyValue(VerifyElementPropertyValueKeyword.groovy:48)
	at com.kms.katalon.core.webservice.keyword.builtin.VerifyElementPropertyValueKeyword.execute(VerifyElementPropertyValueKeyword.groovy:43)
	at com.kms.katalon.core.keyword.internal.KeywordExecutor.executeKeywordForPlatform(KeywordExecutor.groovy:53)
	at com.kms.katalon.core.webservice.keyword.WSBuiltInKeywords.verifyElementPropertyValue(WSBuiltInKeywords.groovy:123)
	at com.kms.katalon.core.webservice.keyword.WSBuiltInKeywords$verifyElementPropertyValue$1.call(Unknown Source)
	at 03ViewProfile.run(03ViewProfile:20)
	at com.kms.katalon.core.main.ScriptEngine.run(ScriptEngine.java:194)
	at com.kms.katalon.core.main.ScriptEngine.runScriptAsRawText(ScriptEngine.java:119)
	at com.kms.katalon.core.main.TestCaseExecutor.runScript(TestCaseExecutor.java:328)
	at com.kms.katalon.core.main.TestCaseExecutor.doExecute(TestCaseExecutor.java:319)
	at com.kms.katalon.core.main.TestCaseExecutor.processExecutionPhase(TestCaseExecutor.java:298)
	at com.kms.katalon.core.main.TestCaseExecutor.accessMainPhase(TestCaseExecutor.java:290)
	at com.kms.katalon.core.main.TestCaseExecutor.execute(TestCaseExecutor.java:224)
	at com.kms.katalon.core.main.TestSuiteExecutor.accessTestCaseMainPhase(TestSuiteExecutor.java:129)
	at com.kms.katalon.core.main.TestSuiteExecutor.accessTestSuiteMainPhase(TestSuiteExecutor.java:112)
	at com.kms.katalon.core.main.TestSuiteExecutor.execute(TestSuiteExecutor.java:81)
	at com.kms.katalon.core.main.TestCaseMain.startTestSuite(TestCaseMain.java:149)
	at com.kms.katalon.core.main.TestCaseMain$startTestSuite$0.call(Unknown Source)
	at TempTestSuite1550463528097.run(TempTestSuite1550463528097.groovy:36)


2019-02-18 11:18:56 - [MESSAGE][PASSED] - Verify element property value successfully

2019-02-18 11:18:56 - [MESSAGE][FAILED] - verifyElementPropertyValue(response, "ObjReturn.role_name", "ITSupporter") FAILED.
Reason:
com.kms.katalon.core.exception.StepFailedException: Expected element property value '1' is not equal with actual property value '0'
	at com.kms.katalon.core.keyword.internal.KeywordMain.stepFailed(KeywordMain.groovy:32)
	at com.kms.katalon.core.webservice.keyword.builtin.VerifyElementPropertyValueKeyword$_verifyElementPropertyValue_closure1.doCall(VerifyElementPropertyValueKeyword.groovy:56)
	at com.kms.katalon.core.webservice.keyword.builtin.VerifyElementPropertyValueKeyword$_verifyElementPropertyValue_closure1.call(VerifyElementPropertyValueKeyword.groovy)
	at com.kms.katalon.core.keyword.internal.KeywordMain.runKeyword(KeywordMain.groovy:54)
	at com.kms.katalon.core.webservice.keyword.builtin.VerifyElementPropertyValueKeyword.verifyElementPropertyValue(VerifyElementPropertyValueKeyword.groovy:48)
	at com.kms.katalon.core.webservice.keyword.builtin.VerifyElementPropertyValueKeyword.execute(VerifyElementPropertyValueKeyword.groovy:43)
	at com.kms.katalon.core.keyword.internal.KeywordExecutor.executeKeywordForPlatform(KeywordExecutor.groovy:53)
	at com.kms.katalon.core.webservice.keyword.WSBuiltInKeywords.verifyElementPropertyValue(WSBuiltInKeywords.groovy:123)
	at com.kms.katalon.core.webservice.keyword.WSBuiltInKeywords$verifyElementPropertyValue$1.call(Unknown Source)
	at 03ViewProfile.run(03ViewProfile:20)
	at com.kms.katalon.core.main.ScriptEngine.run(ScriptEngine.java:194)
	at com.kms.katalon.core.main.ScriptEngine.runScriptAsRawText(ScriptEngine.java:119)
	at com.kms.katalon.core.main.TestCaseExecutor.runScript(TestCaseExecutor.java:328)
	at com.kms.katalon.core.main.TestCaseExecutor.doExecute(TestCaseExecutor.java:319)
	at com.kms.katalon.core.main.TestCaseExecutor.processExecutionPhase(TestCaseExecutor.java:298)
	at com.kms.katalon.core.main.TestCaseExecutor.accessMainPhase(TestCaseExecutor.java:290)
	at com.kms.katalon.core.main.TestCaseExecutor.execute(TestCaseExecutor.java:224)
	at com.kms.katalon.core.main.TestSuiteExecutor.accessTestCaseMainPhase(TestSuiteExecutor.java:129)
	at com.kms.katalon.core.main.TestSuiteExecutor.accessTestSuiteMainPhase(TestSuiteExecutor.java:112)
	at com.kms.katalon.core.main.TestSuiteExecutor.execute(TestSuiteExecutor.java:81)
	at com.kms.katalon.core.main.TestCaseMain.startTestSuite(TestCaseMain.java:149)
	at com.kms.katalon.core.main.TestCaseMain$startTestSuite$0.call(Unknown Source)
	at TempTestSuite1550463528097.run(TempTestSuite1550463528097.groovy:36)]]></system-out>
         <system-err><![CDATA[2019-02-18 11:18:54 - [TEST_CASE][FAILED] - Test Cases/ITSupporter/03ViewProfile: Test Cases/ITSupporter/03ViewProfile FAILED.
Reason:
com.kms.katalon.core.exception.StepFailedException: Expected element property value '1' is not equal with actual property value '0'
	at com.kms.katalon.core.keyword.internal.KeywordMain.stepFailed(KeywordMain.groovy:32)
	at com.kms.katalon.core.webservice.keyword.builtin.VerifyElementPropertyValueKeyword$_verifyElementPropertyValue_closure1.doCall(VerifyElementPropertyValueKeyword.groovy:56)
	at com.kms.katalon.core.webservice.keyword.builtin.VerifyElementPropertyValueKeyword$_verifyElementPropertyValue_closure1.call(VerifyElementPropertyValueKeyword.groovy)
	at com.kms.katalon.core.keyword.internal.KeywordMain.runKeyword(KeywordMain.groovy:54)
	at com.kms.katalon.core.webservice.keyword.builtin.VerifyElementPropertyValueKeyword.verifyElementPropertyValue(VerifyElementPropertyValueKeyword.groovy:48)
	at com.kms.katalon.core.webservice.keyword.builtin.VerifyElementPropertyValueKeyword.execute(VerifyElementPropertyValueKeyword.groovy:43)
	at com.kms.katalon.core.keyword.internal.KeywordExecutor.executeKeywordForPlatform(KeywordExecutor.groovy:53)
	at com.kms.katalon.core.webservice.keyword.WSBuiltInKeywords.verifyElementPropertyValue(WSBuiltInKeywords.groovy:123)
	at com.kms.katalon.core.webservice.keyword.WSBuiltInKeywords$verifyElementPropertyValue$1.call(Unknown Source)
	at 03ViewProfile.run(03ViewProfile:20)
	at com.kms.katalon.core.main.ScriptEngine.run(ScriptEngine.java:194)
	at com.kms.katalon.core.main.ScriptEngine.runScriptAsRawText(ScriptEngine.java:119)
	at com.kms.katalon.core.main.TestCaseExecutor.runScript(TestCaseExecutor.java:328)
	at com.kms.katalon.core.main.TestCaseExecutor.doExecute(TestCaseExecutor.java:319)
	at com.kms.katalon.core.main.TestCaseExecutor.processExecutionPhase(TestCaseExecutor.java:298)
	at com.kms.katalon.core.main.TestCaseExecutor.accessMainPhase(TestCaseExecutor.java:290)
	at com.kms.katalon.core.main.TestCaseExecutor.execute(TestCaseExecutor.java:224)
	at com.kms.katalon.core.main.TestSuiteExecutor.accessTestCaseMainPhase(TestSuiteExecutor.java:129)
	at com.kms.katalon.core.main.TestSuiteExecutor.accessTestSuiteMainPhase(TestSuiteExecutor.java:112)
	at com.kms.katalon.core.main.TestSuiteExecutor.execute(TestSuiteExecutor.java:81)
	at com.kms.katalon.core.main.TestCaseMain.startTestSuite(TestCaseMain.java:149)
	at com.kms.katalon.core.main.TestCaseMain$startTestSuite$0.call(Unknown Source)
	at TempTestSuite1550463528097.run(TempTestSuite1550463528097.groovy:36)]]></system-err>
      </testcase>
      <testcase name="Test Cases/ITSupporter/09AllTaskByRequestID" classname="Test Cases/ITSupporter/09AllTaskByRequestID" status="FAILED">
         <failure type="FAILED" message="Test Cases/ITSupporter/09AllTaskByRequestID FAILED.
Reason:
com.kms.katalon.core.exception.StepFailedException: Expected element property value '00:00:00 10/10/2019' is not equal with actual property value '10/10/2019 12:00:00 AM'
	at com.kms.katalon.core.keyword.internal.KeywordMain.stepFailed(KeywordMain.groovy:32)
	at com.kms.katalon.core.webservice.keyword.builtin.VerifyElementPropertyValueKeyword$_verifyElementPropertyValue_closure1.doCall(VerifyElementPropertyValueKeyword.groovy:56)
	at com.kms.katalon.core.webservice.keyword.builtin.VerifyElementPropertyValueKeyword$_verifyElementPropertyValue_closure1.call(VerifyElementPropertyValueKeyword.groovy)
	at com.kms.katalon.core.keyword.internal.KeywordMain.runKeyword(KeywordMain.groovy:54)
	at com.kms.katalon.core.webservice.keyword.builtin.VerifyElementPropertyValueKeyword.verifyElementPropertyValue(VerifyElementPropertyValueKeyword.groovy:48)
	at com.kms.katalon.core.webservice.keyword.builtin.VerifyElementPropertyValueKeyword.execute(VerifyElementPropertyValueKeyword.groovy:43)
	at com.kms.katalon.core.keyword.internal.KeywordExecutor.executeKeywordForPlatform(KeywordExecutor.groovy:53)
	at com.kms.katalon.core.webservice.keyword.WSBuiltInKeywords.verifyElementPropertyValue(WSBuiltInKeywords.groovy:123)
	at com.kms.katalon.core.webservice.keyword.WSBuiltInKeywords$verifyElementPropertyValue$1.call(Unknown Source)
	at 09AllTaskByRequestID.run(09AllTaskByRequestID:30)
	at com.kms.katalon.core.main.ScriptEngine.run(ScriptEngine.java:194)
	at com.kms.katalon.core.main.ScriptEngine.runScriptAsRawText(ScriptEngine.java:119)
	at com.kms.katalon.core.main.TestCaseExecutor.runScript(TestCaseExecutor.java:328)
	at com.kms.katalon.core.main.TestCaseExecutor.doExecute(TestCaseExecutor.java:319)
	at com.kms.katalon.core.main.TestCaseExecutor.processExecutionPhase(TestCaseExecutor.java:298)
	at com.kms.katalon.core.main.TestCaseExecutor.accessMainPhase(TestCaseExecutor.java:290)
	at com.kms.katalon.core.main.TestCaseExecutor.execute(TestCaseExecutor.java:224)
	at com.kms.katalon.core.main.TestSuiteExecutor.accessTestCaseMainPhase(TestSuiteExecutor.java:129)
	at com.kms.katalon.core.main.TestSuiteExecutor.accessTestSuiteMainPhase(TestSuiteExecutor.java:112)
	at com.kms.katalon.core.main.TestSuiteExecutor.execute(TestSuiteExecutor.java:81)
	at com.kms.katalon.core.main.TestCaseMain.startTestSuite(TestCaseMain.java:149)
	at com.kms.katalon.core.main.TestCaseMain$startTestSuite$0.call(Unknown Source)
	at TempTestSuite1550463528097.run(TempTestSuite1550463528097.groovy:36)
"/>
         <system-out><![CDATA[2019-02-18 11:18:56 - [TEST_CASE][FAILED] - Test Cases/ITSupporter/09AllTaskByRequestID: Test Cases/ITSupporter/09AllTaskByRequestID FAILED.
Reason:
com.kms.katalon.core.exception.StepFailedException: Expected element property value '00:00:00 10/10/2019' is not equal with actual property value '10/10/2019 12:00:00 AM'
	at com.kms.katalon.core.keyword.internal.KeywordMain.stepFailed(KeywordMain.groovy:32)
	at com.kms.katalon.core.webservice.keyword.builtin.VerifyElementPropertyValueKeyword$_verifyElementPropertyValue_closure1.doCall(VerifyElementPropertyValueKeyword.groovy:56)
	at com.kms.katalon.core.webservice.keyword.builtin.VerifyElementPropertyValueKeyword$_verifyElementPropertyValue_closure1.call(VerifyElementPropertyValueKeyword.groovy)
	at com.kms.katalon.core.keyword.internal.KeywordMain.runKeyword(KeywordMain.groovy:54)
	at com.kms.katalon.core.webservice.keyword.builtin.VerifyElementPropertyValueKeyword.verifyElementPropertyValue(VerifyElementPropertyValueKeyword.groovy:48)
	at com.kms.katalon.core.webservice.keyword.builtin.VerifyElementPropertyValueKeyword.execute(VerifyElementPropertyValueKeyword.groovy:43)
	at com.kms.katalon.core.keyword.internal.KeywordExecutor.executeKeywordForPlatform(KeywordExecutor.groovy:53)
	at com.kms.katalon.core.webservice.keyword.WSBuiltInKeywords.verifyElementPropertyValue(WSBuiltInKeywords.groovy:123)
	at com.kms.katalon.core.webservice.keyword.WSBuiltInKeywords$verifyElementPropertyValue$1.call(Unknown Source)
	at 09AllTaskByRequestID.run(09AllTaskByRequestID:30)
	at com.kms.katalon.core.main.ScriptEngine.run(ScriptEngine.java:194)
	at com.kms.katalon.core.main.ScriptEngine.runScriptAsRawText(ScriptEngine.java:119)
	at com.kms.katalon.core.main.TestCaseExecutor.runScript(TestCaseExecutor.java:328)
	at com.kms.katalon.core.main.TestCaseExecutor.doExecute(TestCaseExecutor.java:319)
	at com.kms.katalon.core.main.TestCaseExecutor.processExecutionPhase(TestCaseExecutor.java:298)
	at com.kms.katalon.core.main.TestCaseExecutor.accessMainPhase(TestCaseExecutor.java:290)
	at com.kms.katalon.core.main.TestCaseExecutor.execute(TestCaseExecutor.java:224)
	at com.kms.katalon.core.main.TestSuiteExecutor.accessTestCaseMainPhase(TestSuiteExecutor.java:129)
	at com.kms.katalon.core.main.TestSuiteExecutor.accessTestSuiteMainPhase(TestSuiteExecutor.java:112)
	at com.kms.katalon.core.main.TestSuiteExecutor.execute(TestSuiteExecutor.java:81)
	at com.kms.katalon.core.main.TestCaseMain.startTestSuite(TestCaseMain.java:149)
	at com.kms.katalon.core.main.TestCaseMain$startTestSuite$0.call(Unknown Source)
	at TempTestSuite1550463528097.run(TempTestSuite1550463528097.groovy:36)


2019-02-18 11:18:56 - [TEST_STEP][PASSED] - a = sendRequest(findTestObject("ITSupporter/09AllTaskByRequestID")): Send request successfully

2019-02-18 11:18:56 - [MESSAGE][PASSED] - Send request successfully

2019-02-18 11:18:56 - [TEST_STEP][PASSED] - verifyResponseStatusCode(a, 200): Verify response status code successfully

2019-02-18 11:18:56 - [MESSAGE][PASSED] - Verify response status code successfully

2019-02-18 11:18:56 - [TEST_STEP][PASSED] - verifyElementPropertyValue(a, "ObjReturn[0].request_id", 1): Verify element property value successfully

2019-02-18 11:18:56 - [MESSAGE][PASSED] - Verify element property value successfully

2019-02-18 11:18:56 - [TEST_STEP][PASSED] - verifyElementPropertyValue(a, "ObjReturn[0].request_task_id", 1): Verify element property value successfully

2019-02-18 11:18:56 - [MESSAGE][PASSED] - Verify element property value successfully

2019-02-18 11:18:56 - [TEST_STEP][PASSED] - verifyElementPropertyValue(a, "ObjReturn[0].task_status", 2): Verify element property value successfully

2019-02-18 11:18:56 - [MESSAGE][PASSED] - Verify element property value successfully

2019-02-18 11:18:56 - [TEST_STEP][PASSED] - verifyElementPropertyValue(a, "ObjReturn[0].task_detail", "anh"): Verify element property value successfully

2019-02-18 11:18:56 - [MESSAGE][PASSED] - Verify element property value successfully

2019-02-18 11:18:56 - [TEST_STEP][PASSED] - verifyElementPropertyValue(a, "ObjReturn[0].create_by", 1): Verify element property value successfully

2019-02-18 11:18:56 - [MESSAGE][PASSED] - Verify element property value successfully

2019-02-18 11:18:56 - [TEST_STEP][FAILED] - verifyElementPropertyValue(a, "ObjReturn[0].start_time", "00:00:00 10/10/2019"): Expected element property value '00:00:00 10/10/2019' is not equal with actual property value '10/10/2019 12:00:00 AM'

2019-02-18 11:18:56 - [MESSAGE][FAILED] - Expected element property value '00:00:00 10/10/2019' is not equal with actual property value '10/10/2019 12:00:00 AM'

2019-02-18 11:18:56 - [TEST_STEP][FAILED] - verifyElementPropertyValue(a, "ObjReturn[0].end_time", "00:00:00 11/10/2019"): Expected element property value '00:00:00 11/10/2019' is not equal with actual property value '10/11/2019 12:00:00 AM'

2019-02-18 11:18:56 - [MESSAGE][FAILED] - Expected element property value '00:00:00 11/10/2019' is not equal with actual property value '10/11/2019 12:00:00 AM'

2019-02-18 11:18:56 - [TEST_STEP][FAILED] - verifyElementPropertyValue(a, "ObjReturn[0].priority", 1): Expected element property value '1' is not equal with actual property value '0'

2019-02-18 11:18:56 - [MESSAGE][FAILED] - Expected element property value '1' is not equal with actual property value '0'

2019-02-18 11:18:56 - [TEST_STEP][FAILED] - verifyElementPropertyValue(a, "ObjReturn[0].pre_task_condition", 2): Expected element property value '2' is not equal with actual property value '0'

2019-02-18 11:18:56 - [MESSAGE][FAILED] - Expected element property value '2' is not equal with actual property value '0'

2019-02-18 11:18:56 - [TEST_STEP][PASSED] - verifyElementPropertyValue(a, "ObjReturn[1].request_id", 1): Verify element property value successfully

2019-02-18 11:18:56 - [MESSAGE][PASSED] - Verify element property value successfully

2019-02-18 11:18:56 - [TEST_STEP][PASSED] - verifyElementPropertyValue(a, "ObjReturn[1].request_task_id", 4): Verify element property value successfully

2019-02-18 11:18:56 - [MESSAGE][PASSED] - Verify element property value successfully

2019-02-18 11:18:56 - [TEST_STEP][PASSED] - verifyElementPropertyValue(a, "ObjReturn[1].task_status", 2): Verify element property value successfully

2019-02-18 11:18:56 - [MESSAGE][PASSED] - Verify element property value successfully

2019-02-18 11:18:56 - [TEST_STEP][PASSED] - verifyElementPropertyValue(a, "ObjReturn[1].task_detail", "nguyen"): Verify element property value successfully

2019-02-18 11:18:56 - [MESSAGE][PASSED] - Verify element property value successfully

2019-02-18 11:18:56 - [TEST_STEP][PASSED] - verifyElementPropertyValue(a, "ObjReturn[1].create_by", 3): Verify element property value successfully

2019-02-18 11:18:56 - [MESSAGE][PASSED] - Verify element property value successfully

2019-02-18 11:18:56 - [TEST_STEP][FAILED] - verifyElementPropertyValue(a, "ObjReturn[1].start_time", "00:00:00 04/04/2019"): Expected element property value '00:00:00 04/04/2019' is not equal with actual property value '4/4/2019 12:00:00 AM'

2019-02-18 11:18:56 - [MESSAGE][FAILED] - Expected element property value '00:00:00 04/04/2019' is not equal with actual property value '4/4/2019 12:00:00 AM'

2019-02-18 11:18:56 - [TEST_STEP][FAILED] - verifyElementPropertyValue(a, "ObjReturn[1].end_time", "00:00:00 01/08/2019"): Expected element property value '00:00:00 01/08/2019' is not equal with actual property value '8/1/2019 12:00:00 AM'

2019-02-18 11:18:56 - [MESSAGE][FAILED] - Expected element property value '00:00:00 01/08/2019' is not equal with actual property value '8/1/2019 12:00:00 AM'

2019-02-18 11:18:56 - [TEST_STEP][FAILED] - verifyElementPropertyValue(a, "ObjReturn[1].priority", 3): Expected element property value '3' is not equal with actual property value '0'

2019-02-18 11:18:56 - [MESSAGE][FAILED] - Expected element property value '3' is not equal with actual property value '0'

2019-02-18 11:18:56 - [TEST_STEP][FAILED] - verifyElementPropertyValue(a, "ObjReturn[1].pre_task_condition", 4): Expected element property value '4' is not equal with actual property value '0'

2019-02-18 11:18:56 - [MESSAGE][FAILED] - Expected element property value '4' is not equal with actual property value '0'

2019-02-18 11:18:56 - [TEST_STEP][PASSED] - verifyElementPropertyValue(a, "ObjReturn[2].request_id", 1): Verify element property value successfully

2019-02-18 11:18:56 - [MESSAGE][PASSED] - Verify element property value successfully

2019-02-18 11:18:56 - [TEST_STEP][PASSED] - verifyElementPropertyValue(a, "ObjReturn[2].request_task_id", 12): Verify element property value successfully

2019-02-18 11:18:56 - [MESSAGE][PASSED] - Verify element property value successfully

2019-02-18 11:18:56 - [TEST_STEP][PASSED] - verifyElementPropertyValue(a, "ObjReturn[2].task_status", 1): Verify element property value successfully

2019-02-18 11:18:56 - [MESSAGE][PASSED] - Verify element property value successfully

2019-02-18 11:18:56 - [TEST_STEP][PASSED] - verifyElementPropertyValue(a, "ObjReturn[2].task_detail", "kiem tra create_task_by_guideline"): Verify element property value successfully

2019-02-18 11:18:56 - [MESSAGE][PASSED] - Verify element property value successfully

2019-02-18 11:18:56 - [TEST_STEP][PASSED] - verifyElementPropertyValue(a, "ObjReturn[2].create_by", 8): Verify element property value successfully

2019-02-18 11:18:56 - [MESSAGE][PASSED] - Verify element property value successfully

2019-02-18 11:18:57 - [TEST_STEP][FAILED] - verifyElementPropertyValue(a, "ObjReturn[2].start_time", "17:08:57 02-02-2019"): Expected element property value '17:08:57 02-02-2019' is not equal with actual property value '2/2/2019 5:08:57 PM'

2019-02-18 11:18:57 - [MESSAGE][FAILED] - Expected element property value '17:08:57 02-02-2019' is not equal with actual property value '2/2/2019 5:08:57 PM'

2019-02-18 11:18:57 - [TEST_STEP][FAILED] - verifyElementPropertyValue(a, "ObjReturn[2].end_time", "00:00:00 02-03-2019"): Expected element property value '00:00:00 02-03-2019' is not equal with actual property value '3/2/2019 12:00:00 AM'

2019-02-18 11:18:57 - [MESSAGE][FAILED] - Expected element property value '00:00:00 02-03-2019' is not equal with actual property value '3/2/2019 12:00:00 AM'

2019-02-18 11:18:57 - [TEST_STEP][FAILED] - verifyElementPropertyValue(a, "ObjReturn[2].priority", 3): Expected element property value '3' is not equal with actual property value '0'

2019-02-18 11:18:57 - [MESSAGE][FAILED] - Expected element property value '3' is not equal with actual property value '0'

2019-02-18 11:18:57 - [TEST_STEP][FAILED] - verifyElementPropertyValue(a, "ObjReturn[2].pre_task_condition", 1): Expected element property value '1' is not equal with actual property value '0'

2019-02-18 11:18:57 - [MESSAGE][FAILED] - Expected element property value '1' is not equal with actual property value '0'

2019-02-18 11:18:57 - [TEST_STEP][FAILED] - verifyElementPropertyValue(a, "ObjReturn[2].pre_task_condition", 1): verifyElementPropertyValue(a, "ObjReturn[2].pre_task_condition", 1) FAILED.
Reason:
com.kms.katalon.core.exception.StepFailedException: Expected element property value '00:00:00 10/10/2019' is not equal with actual property value '10/10/2019 12:00:00 AM'
	at com.kms.katalon.core.keyword.internal.KeywordMain.stepFailed(KeywordMain.groovy:32)
	at com.kms.katalon.core.webservice.keyword.builtin.VerifyElementPropertyValueKeyword$_verifyElementPropertyValue_closure1.doCall(VerifyElementPropertyValueKeyword.groovy:56)
	at com.kms.katalon.core.webservice.keyword.builtin.VerifyElementPropertyValueKeyword$_verifyElementPropertyValue_closure1.call(VerifyElementPropertyValueKeyword.groovy)
	at com.kms.katalon.core.keyword.internal.KeywordMain.runKeyword(KeywordMain.groovy:54)
	at com.kms.katalon.core.webservice.keyword.builtin.VerifyElementPropertyValueKeyword.verifyElementPropertyValue(VerifyElementPropertyValueKeyword.groovy:48)
	at com.kms.katalon.core.webservice.keyword.builtin.VerifyElementPropertyValueKeyword.execute(VerifyElementPropertyValueKeyword.groovy:43)
	at com.kms.katalon.core.keyword.internal.KeywordExecutor.executeKeywordForPlatform(KeywordExecutor.groovy:53)
	at com.kms.katalon.core.webservice.keyword.WSBuiltInKeywords.verifyElementPropertyValue(WSBuiltInKeywords.groovy:123)
	at com.kms.katalon.core.webservice.keyword.WSBuiltInKeywords$verifyElementPropertyValue$1.call(Unknown Source)
	at 09AllTaskByRequestID.run(09AllTaskByRequestID:30)
	at com.kms.katalon.core.main.ScriptEngine.run(ScriptEngine.java:194)
	at com.kms.katalon.core.main.ScriptEngine.runScriptAsRawText(ScriptEngine.java:119)
	at com.kms.katalon.core.main.TestCaseExecutor.runScript(TestCaseExecutor.java:328)
	at com.kms.katalon.core.main.TestCaseExecutor.doExecute(TestCaseExecutor.java:319)
	at com.kms.katalon.core.main.TestCaseExecutor.processExecutionPhase(TestCaseExecutor.java:298)
	at com.kms.katalon.core.main.TestCaseExecutor.accessMainPhase(TestCaseExecutor.java:290)
	at com.kms.katalon.core.main.TestCaseExecutor.execute(TestCaseExecutor.java:224)
	at com.kms.katalon.core.main.TestSuiteExecutor.accessTestCaseMainPhase(TestSuiteExecutor.java:129)
	at com.kms.katalon.core.main.TestSuiteExecutor.accessTestSuiteMainPhase(TestSuiteExecutor.java:112)
	at com.kms.katalon.core.main.TestSuiteExecutor.execute(TestSuiteExecutor.java:81)
	at com.kms.katalon.core.main.TestCaseMain.startTestSuite(TestCaseMain.java:149)
	at com.kms.katalon.core.main.TestCaseMain$startTestSuite$0.call(Unknown Source)
	at TempTestSuite1550463528097.run(TempTestSuite1550463528097.groovy:36)


2019-02-18 11:18:57 - [MESSAGE][FAILED] - Expected element property value '1' is not equal with actual property value '0'

2019-02-18 11:18:57 - [MESSAGE][FAILED] - verifyElementPropertyValue(a, "ObjReturn[2].pre_task_condition", 1) FAILED.
Reason:
com.kms.katalon.core.exception.StepFailedException: Expected element property value '00:00:00 10/10/2019' is not equal with actual property value '10/10/2019 12:00:00 AM'
	at com.kms.katalon.core.keyword.internal.KeywordMain.stepFailed(KeywordMain.groovy:32)
	at com.kms.katalon.core.webservice.keyword.builtin.VerifyElementPropertyValueKeyword$_verifyElementPropertyValue_closure1.doCall(VerifyElementPropertyValueKeyword.groovy:56)
	at com.kms.katalon.core.webservice.keyword.builtin.VerifyElementPropertyValueKeyword$_verifyElementPropertyValue_closure1.call(VerifyElementPropertyValueKeyword.groovy)
	at com.kms.katalon.core.keyword.internal.KeywordMain.runKeyword(KeywordMain.groovy:54)
	at com.kms.katalon.core.webservice.keyword.builtin.VerifyElementPropertyValueKeyword.verifyElementPropertyValue(VerifyElementPropertyValueKeyword.groovy:48)
	at com.kms.katalon.core.webservice.keyword.builtin.VerifyElementPropertyValueKeyword.execute(VerifyElementPropertyValueKeyword.groovy:43)
	at com.kms.katalon.core.keyword.internal.KeywordExecutor.executeKeywordForPlatform(KeywordExecutor.groovy:53)
	at com.kms.katalon.core.webservice.keyword.WSBuiltInKeywords.verifyElementPropertyValue(WSBuiltInKeywords.groovy:123)
	at com.kms.katalon.core.webservice.keyword.WSBuiltInKeywords$verifyElementPropertyValue$1.call(Unknown Source)
	at 09AllTaskByRequestID.run(09AllTaskByRequestID:30)
	at com.kms.katalon.core.main.ScriptEngine.run(ScriptEngine.java:194)
	at com.kms.katalon.core.main.ScriptEngine.runScriptAsRawText(ScriptEngine.java:119)
	at com.kms.katalon.core.main.TestCaseExecutor.runScript(TestCaseExecutor.java:328)
	at com.kms.katalon.core.main.TestCaseExecutor.doExecute(TestCaseExecutor.java:319)
	at com.kms.katalon.core.main.TestCaseExecutor.processExecutionPhase(TestCaseExecutor.java:298)
	at com.kms.katalon.core.main.TestCaseExecutor.accessMainPhase(TestCaseExecutor.java:290)
	at com.kms.katalon.core.main.TestCaseExecutor.execute(TestCaseExecutor.java:224)
	at com.kms.katalon.core.main.TestSuiteExecutor.accessTestCaseMainPhase(TestSuiteExecutor.java:129)
	at com.kms.katalon.core.main.TestSuiteExecutor.accessTestSuiteMainPhase(TestSuiteExecutor.java:112)
	at com.kms.katalon.core.main.TestSuiteExecutor.execute(TestSuiteExecutor.java:81)
	at com.kms.katalon.core.main.TestCaseMain.startTestSuite(TestCaseMain.java:149)
	at com.kms.katalon.core.main.TestCaseMain$startTestSuite$0.call(Unknown Source)
	at TempTestSuite1550463528097.run(TempTestSuite1550463528097.groovy:36)]]></system-out>
         <system-err><![CDATA[2019-02-18 11:18:56 - [TEST_CASE][FAILED] - Test Cases/ITSupporter/09AllTaskByRequestID: Test Cases/ITSupporter/09AllTaskByRequestID FAILED.
Reason:
com.kms.katalon.core.exception.StepFailedException: Expected element property value '00:00:00 10/10/2019' is not equal with actual property value '10/10/2019 12:00:00 AM'
	at com.kms.katalon.core.keyword.internal.KeywordMain.stepFailed(KeywordMain.groovy:32)
	at com.kms.katalon.core.webservice.keyword.builtin.VerifyElementPropertyValueKeyword$_verifyElementPropertyValue_closure1.doCall(VerifyElementPropertyValueKeyword.groovy:56)
	at com.kms.katalon.core.webservice.keyword.builtin.VerifyElementPropertyValueKeyword$_verifyElementPropertyValue_closure1.call(VerifyElementPropertyValueKeyword.groovy)
	at com.kms.katalon.core.keyword.internal.KeywordMain.runKeyword(KeywordMain.groovy:54)
	at com.kms.katalon.core.webservice.keyword.builtin.VerifyElementPropertyValueKeyword.verifyElementPropertyValue(VerifyElementPropertyValueKeyword.groovy:48)
	at com.kms.katalon.core.webservice.keyword.builtin.VerifyElementPropertyValueKeyword.execute(VerifyElementPropertyValueKeyword.groovy:43)
	at com.kms.katalon.core.keyword.internal.KeywordExecutor.executeKeywordForPlatform(KeywordExecutor.groovy:53)
	at com.kms.katalon.core.webservice.keyword.WSBuiltInKeywords.verifyElementPropertyValue(WSBuiltInKeywords.groovy:123)
	at com.kms.katalon.core.webservice.keyword.WSBuiltInKeywords$verifyElementPropertyValue$1.call(Unknown Source)
	at 09AllTaskByRequestID.run(09AllTaskByRequestID:30)
	at com.kms.katalon.core.main.ScriptEngine.run(ScriptEngine.java:194)
	at com.kms.katalon.core.main.ScriptEngine.runScriptAsRawText(ScriptEngine.java:119)
	at com.kms.katalon.core.main.TestCaseExecutor.runScript(TestCaseExecutor.java:328)
	at com.kms.katalon.core.main.TestCaseExecutor.doExecute(TestCaseExecutor.java:319)
	at com.kms.katalon.core.main.TestCaseExecutor.processExecutionPhase(TestCaseExecutor.java:298)
	at com.kms.katalon.core.main.TestCaseExecutor.accessMainPhase(TestCaseExecutor.java:290)
	at com.kms.katalon.core.main.TestCaseExecutor.execute(TestCaseExecutor.java:224)
	at com.kms.katalon.core.main.TestSuiteExecutor.accessTestCaseMainPhase(TestSuiteExecutor.java:129)
	at com.kms.katalon.core.main.TestSuiteExecutor.accessTestSuiteMainPhase(TestSuiteExecutor.java:112)
	at com.kms.katalon.core.main.TestSuiteExecutor.execute(TestSuiteExecutor.java:81)
	at com.kms.katalon.core.main.TestCaseMain.startTestSuite(TestCaseMain.java:149)
	at com.kms.katalon.core.main.TestCaseMain$startTestSuite$0.call(Unknown Source)
	at TempTestSuite1550463528097.run(TempTestSuite1550463528097.groovy:36)]]></system-err>
      </testcase>
      <testcase name="Test Cases/ITSupporter/10TaskByRequestTaskID" classname="Test Cases/ITSupporter/10TaskByRequestTaskID" status="FAILED">
         <failure type="FAILED" message="Test Cases/ITSupporter/10TaskByRequestTaskID FAILED.
Reason:
com.kms.katalon.core.exception.StepFailedException: Expected element property value '00:00:00 01/01/2019' is not equal with actual property value '1/1/2019 12:00:00 AM'
	at com.kms.katalon.core.keyword.internal.KeywordMain.stepFailed(KeywordMain.groovy:32)
	at com.kms.katalon.core.webservice.keyword.builtin.VerifyElementPropertyValueKeyword$_verifyElementPropertyValue_closure1.doCall(VerifyElementPropertyValueKeyword.groovy:56)
	at com.kms.katalon.core.webservice.keyword.builtin.VerifyElementPropertyValueKeyword$_verifyElementPropertyValue_closure1.call(VerifyElementPropertyValueKeyword.groovy)
	at com.kms.katalon.core.keyword.internal.KeywordMain.runKeyword(KeywordMain.groovy:54)
	at com.kms.katalon.core.webservice.keyword.builtin.VerifyElementPropertyValueKeyword.verifyElementPropertyValue(VerifyElementPropertyValueKeyword.groovy:48)
	at com.kms.katalon.core.webservice.keyword.builtin.VerifyElementPropertyValueKeyword.execute(VerifyElementPropertyValueKeyword.groovy:43)
	at com.kms.katalon.core.keyword.internal.KeywordExecutor.executeKeywordForPlatform(KeywordExecutor.groovy:53)
	at com.kms.katalon.core.webservice.keyword.WSBuiltInKeywords.verifyElementPropertyValue(WSBuiltInKeywords.groovy:123)
	at com.kms.katalon.core.webservice.keyword.WSBuiltInKeywords$verifyElementPropertyValue$1.call(Unknown Source)
	at 10TaskByRequestTaskID.run(10TaskByRequestTaskID:30)
	at com.kms.katalon.core.main.ScriptEngine.run(ScriptEngine.java:194)
	at com.kms.katalon.core.main.ScriptEngine.runScriptAsRawText(ScriptEngine.java:119)
	at com.kms.katalon.core.main.TestCaseExecutor.runScript(TestCaseExecutor.java:328)
	at com.kms.katalon.core.main.TestCaseExecutor.doExecute(TestCaseExecutor.java:319)
	at com.kms.katalon.core.main.TestCaseExecutor.processExecutionPhase(TestCaseExecutor.java:298)
	at com.kms.katalon.core.main.TestCaseExecutor.accessMainPhase(TestCaseExecutor.java:290)
	at com.kms.katalon.core.main.TestCaseExecutor.execute(TestCaseExecutor.java:224)
	at com.kms.katalon.core.main.TestSuiteExecutor.accessTestCaseMainPhase(TestSuiteExecutor.java:129)
	at com.kms.katalon.core.main.TestSuiteExecutor.accessTestSuiteMainPhase(TestSuiteExecutor.java:112)
	at com.kms.katalon.core.main.TestSuiteExecutor.execute(TestSuiteExecutor.java:81)
	at com.kms.katalon.core.main.TestCaseMain.startTestSuite(TestCaseMain.java:149)
	at com.kms.katalon.core.main.TestCaseMain$startTestSuite$0.call(Unknown Source)
	at TempTestSuite1550463528097.run(TempTestSuite1550463528097.groovy:36)
"/>
         <system-out><![CDATA[2019-02-18 11:18:57 - [TEST_CASE][FAILED] - Test Cases/ITSupporter/10TaskByRequestTaskID: Test Cases/ITSupporter/10TaskByRequestTaskID FAILED.
Reason:
com.kms.katalon.core.exception.StepFailedException: Expected element property value '00:00:00 01/01/2019' is not equal with actual property value '1/1/2019 12:00:00 AM'
	at com.kms.katalon.core.keyword.internal.KeywordMain.stepFailed(KeywordMain.groovy:32)
	at com.kms.katalon.core.webservice.keyword.builtin.VerifyElementPropertyValueKeyword$_verifyElementPropertyValue_closure1.doCall(VerifyElementPropertyValueKeyword.groovy:56)
	at com.kms.katalon.core.webservice.keyword.builtin.VerifyElementPropertyValueKeyword$_verifyElementPropertyValue_closure1.call(VerifyElementPropertyValueKeyword.groovy)
	at com.kms.katalon.core.keyword.internal.KeywordMain.runKeyword(KeywordMain.groovy:54)
	at com.kms.katalon.core.webservice.keyword.builtin.VerifyElementPropertyValueKeyword.verifyElementPropertyValue(VerifyElementPropertyValueKeyword.groovy:48)
	at com.kms.katalon.core.webservice.keyword.builtin.VerifyElementPropertyValueKeyword.execute(VerifyElementPropertyValueKeyword.groovy:43)
	at com.kms.katalon.core.keyword.internal.KeywordExecutor.executeKeywordForPlatform(KeywordExecutor.groovy:53)
	at com.kms.katalon.core.webservice.keyword.WSBuiltInKeywords.verifyElementPropertyValue(WSBuiltInKeywords.groovy:123)
	at com.kms.katalon.core.webservice.keyword.WSBuiltInKeywords$verifyElementPropertyValue$1.call(Unknown Source)
	at 10TaskByRequestTaskID.run(10TaskByRequestTaskID:30)
	at com.kms.katalon.core.main.ScriptEngine.run(ScriptEngine.java:194)
	at com.kms.katalon.core.main.ScriptEngine.runScriptAsRawText(ScriptEngine.java:119)
	at com.kms.katalon.core.main.TestCaseExecutor.runScript(TestCaseExecutor.java:328)
	at com.kms.katalon.core.main.TestCaseExecutor.doExecute(TestCaseExecutor.java:319)
	at com.kms.katalon.core.main.TestCaseExecutor.processExecutionPhase(TestCaseExecutor.java:298)
	at com.kms.katalon.core.main.TestCaseExecutor.accessMainPhase(TestCaseExecutor.java:290)
	at com.kms.katalon.core.main.TestCaseExecutor.execute(TestCaseExecutor.java:224)
	at com.kms.katalon.core.main.TestSuiteExecutor.accessTestCaseMainPhase(TestSuiteExecutor.java:129)
	at com.kms.katalon.core.main.TestSuiteExecutor.accessTestSuiteMainPhase(TestSuiteExecutor.java:112)
	at com.kms.katalon.core.main.TestSuiteExecutor.execute(TestSuiteExecutor.java:81)
	at com.kms.katalon.core.main.TestCaseMain.startTestSuite(TestCaseMain.java:149)
	at com.kms.katalon.core.main.TestCaseMain$startTestSuite$0.call(Unknown Source)
	at TempTestSuite1550463528097.run(TempTestSuite1550463528097.groovy:36)


2019-02-18 11:18:57 - [TEST_STEP][PASSED] - a = sendRequest(findTestObject("ITSupporter/10TaskByRequestTaskID")): Send request successfully

2019-02-18 11:18:57 - [MESSAGE][PASSED] - Send request successfully

2019-02-18 11:18:57 - [TEST_STEP][PASSED] - verifyResponseStatusCode(a, 200): Verify response status code successfully

2019-02-18 11:18:57 - [MESSAGE][PASSED] - Verify response status code successfully

2019-02-18 11:18:57 - [TEST_STEP][PASSED] - verifyElementPropertyValue(a, "ObjReturn.request_id", 2): Verify element property value successfully

2019-02-18 11:18:57 - [MESSAGE][PASSED] - Verify element property value successfully

2019-02-18 11:18:57 - [TEST_STEP][PASSED] - verifyElementPropertyValue(a, "ObjReturn.request_task_id", 3): Verify element property value successfully

2019-02-18 11:18:57 - [MESSAGE][PASSED] - Verify element property value successfully

2019-02-18 11:18:57 - [TEST_STEP][PASSED] - verifyElementPropertyValue(a, "ObjReturn.task_status", 2): Verify element property value successfully

2019-02-18 11:18:57 - [MESSAGE][PASSED] - Verify element property value successfully

2019-02-18 11:18:57 - [TEST_STEP][PASSED] - verifyElementPropertyValue(a, "ObjReturn.task_detail", "viet"): Verify element property value successfully

2019-02-18 11:18:57 - [MESSAGE][PASSED] - Verify element property value successfully

2019-02-18 11:18:57 - [TEST_STEP][PASSED] - verifyElementPropertyValue(a, "ObjReturn.create_by", 1): Verify element property value successfully

2019-02-18 11:18:57 - [MESSAGE][PASSED] - Verify element property value successfully

2019-02-18 11:18:57 - [TEST_STEP][FAILED] - verifyElementPropertyValue(a, "ObjReturn.start_time", "00:00:00 01/01/2019"): Expected element property value '00:00:00 01/01/2019' is not equal with actual property value '1/1/2019 12:00:00 AM'

2019-02-18 11:18:57 - [MESSAGE][FAILED] - Expected element property value '00:00:00 01/01/2019' is not equal with actual property value '1/1/2019 12:00:00 AM'

2019-02-18 11:18:57 - [TEST_STEP][FAILED] - verifyElementPropertyValue(a, "ObjReturn.end_time", "00:00:00 02/02/2019"): Expected element property value '00:00:00 02/02/2019' is not equal with actual property value '2/2/2019 12:00:00 AM'

2019-02-18 11:18:57 - [MESSAGE][FAILED] - Expected element property value '00:00:00 02/02/2019' is not equal with actual property value '2/2/2019 12:00:00 AM'

2019-02-18 11:18:57 - [TEST_STEP][PASSED] - verifyElementPropertyValue(a, "ObjReturn.priority", 2): Verify element property value successfully

2019-02-18 11:18:57 - [MESSAGE][PASSED] - Verify element property value successfully

2019-02-18 11:18:57 - [TEST_STEP][PASSED] - verifyElementPropertyValue(a, "ObjReturn.pre_task_condition", 3): Verify element property value successfully

2019-02-18 11:18:57 - [MESSAGE][PASSED] - Verify element property value successfully

2019-02-18 11:18:57 - [TEST_STEP][FAILED] - verifyElementPropertyValue(a, "ObjReturn.pre_task_condition", 3): verifyElementPropertyValue(a, "ObjReturn.pre_task_condition", 3) FAILED.
Reason:
com.kms.katalon.core.exception.StepFailedException: Expected element property value '00:00:00 01/01/2019' is not equal with actual property value '1/1/2019 12:00:00 AM'
	at com.kms.katalon.core.keyword.internal.KeywordMain.stepFailed(KeywordMain.groovy:32)
	at com.kms.katalon.core.webservice.keyword.builtin.VerifyElementPropertyValueKeyword$_verifyElementPropertyValue_closure1.doCall(VerifyElementPropertyValueKeyword.groovy:56)
	at com.kms.katalon.core.webservice.keyword.builtin.VerifyElementPropertyValueKeyword$_verifyElementPropertyValue_closure1.call(VerifyElementPropertyValueKeyword.groovy)
	at com.kms.katalon.core.keyword.internal.KeywordMain.runKeyword(KeywordMain.groovy:54)
	at com.kms.katalon.core.webservice.keyword.builtin.VerifyElementPropertyValueKeyword.verifyElementPropertyValue(VerifyElementPropertyValueKeyword.groovy:48)
	at com.kms.katalon.core.webservice.keyword.builtin.VerifyElementPropertyValueKeyword.execute(VerifyElementPropertyValueKeyword.groovy:43)
	at com.kms.katalon.core.keyword.internal.KeywordExecutor.executeKeywordForPlatform(KeywordExecutor.groovy:53)
	at com.kms.katalon.core.webservice.keyword.WSBuiltInKeywords.verifyElementPropertyValue(WSBuiltInKeywords.groovy:123)
	at com.kms.katalon.core.webservice.keyword.WSBuiltInKeywords$verifyElementPropertyValue$1.call(Unknown Source)
	at 10TaskByRequestTaskID.run(10TaskByRequestTaskID:30)
	at com.kms.katalon.core.main.ScriptEngine.run(ScriptEngine.java:194)
	at com.kms.katalon.core.main.ScriptEngine.runScriptAsRawText(ScriptEngine.java:119)
	at com.kms.katalon.core.main.TestCaseExecutor.runScript(TestCaseExecutor.java:328)
	at com.kms.katalon.core.main.TestCaseExecutor.doExecute(TestCaseExecutor.java:319)
	at com.kms.katalon.core.main.TestCaseExecutor.processExecutionPhase(TestCaseExecutor.java:298)
	at com.kms.katalon.core.main.TestCaseExecutor.accessMainPhase(TestCaseExecutor.java:290)
	at com.kms.katalon.core.main.TestCaseExecutor.execute(TestCaseExecutor.java:224)
	at com.kms.katalon.core.main.TestSuiteExecutor.accessTestCaseMainPhase(TestSuiteExecutor.java:129)
	at com.kms.katalon.core.main.TestSuiteExecutor.accessTestSuiteMainPhase(TestSuiteExecutor.java:112)
	at com.kms.katalon.core.main.TestSuiteExecutor.execute(TestSuiteExecutor.java:81)
	at com.kms.katalon.core.main.TestCaseMain.startTestSuite(TestCaseMain.java:149)
	at com.kms.katalon.core.main.TestCaseMain$startTestSuite$0.call(Unknown Source)
	at TempTestSuite1550463528097.run(TempTestSuite1550463528097.groovy:36)


2019-02-18 11:18:57 - [MESSAGE][PASSED] - Verify element property value successfully

2019-02-18 11:18:57 - [MESSAGE][FAILED] - verifyElementPropertyValue(a, "ObjReturn.pre_task_condition", 3) FAILED.
Reason:
com.kms.katalon.core.exception.StepFailedException: Expected element property value '00:00:00 01/01/2019' is not equal with actual property value '1/1/2019 12:00:00 AM'
	at com.kms.katalon.core.keyword.internal.KeywordMain.stepFailed(KeywordMain.groovy:32)
	at com.kms.katalon.core.webservice.keyword.builtin.VerifyElementPropertyValueKeyword$_verifyElementPropertyValue_closure1.doCall(VerifyElementPropertyValueKeyword.groovy:56)
	at com.kms.katalon.core.webservice.keyword.builtin.VerifyElementPropertyValueKeyword$_verifyElementPropertyValue_closure1.call(VerifyElementPropertyValueKeyword.groovy)
	at com.kms.katalon.core.keyword.internal.KeywordMain.runKeyword(KeywordMain.groovy:54)
	at com.kms.katalon.core.webservice.keyword.builtin.VerifyElementPropertyValueKeyword.verifyElementPropertyValue(VerifyElementPropertyValueKeyword.groovy:48)
	at com.kms.katalon.core.webservice.keyword.builtin.VerifyElementPropertyValueKeyword.execute(VerifyElementPropertyValueKeyword.groovy:43)
	at com.kms.katalon.core.keyword.internal.KeywordExecutor.executeKeywordForPlatform(KeywordExecutor.groovy:53)
	at com.kms.katalon.core.webservice.keyword.WSBuiltInKeywords.verifyElementPropertyValue(WSBuiltInKeywords.groovy:123)
	at com.kms.katalon.core.webservice.keyword.WSBuiltInKeywords$verifyElementPropertyValue$1.call(Unknown Source)
	at 10TaskByRequestTaskID.run(10TaskByRequestTaskID:30)
	at com.kms.katalon.core.main.ScriptEngine.run(ScriptEngine.java:194)
	at com.kms.katalon.core.main.ScriptEngine.runScriptAsRawText(ScriptEngine.java:119)
	at com.kms.katalon.core.main.TestCaseExecutor.runScript(TestCaseExecutor.java:328)
	at com.kms.katalon.core.main.TestCaseExecutor.doExecute(TestCaseExecutor.java:319)
	at com.kms.katalon.core.main.TestCaseExecutor.processExecutionPhase(TestCaseExecutor.java:298)
	at com.kms.katalon.core.main.TestCaseExecutor.accessMainPhase(TestCaseExecutor.java:290)
	at com.kms.katalon.core.main.TestCaseExecutor.execute(TestCaseExecutor.java:224)
	at com.kms.katalon.core.main.TestSuiteExecutor.accessTestCaseMainPhase(TestSuiteExecutor.java:129)
	at com.kms.katalon.core.main.TestSuiteExecutor.accessTestSuiteMainPhase(TestSuiteExecutor.java:112)
	at com.kms.katalon.core.main.TestSuiteExecutor.execute(TestSuiteExecutor.java:81)
[...]

2019-02-18 11:19:03 - [MESSAGE][FAILED] - Unable to verify element property value (Root cause: java.lang.NullPointerException: Cannot invoke method getAt() on null object)

2019-02-18 11:19:03 - [TEST_STEP][FAILED] - verifyElementPropertyValue(a, "ObjReturn.TicketList[0].CreateDate", "09:42 17/01/2019"): Unable to verify element property value (Root cause: java.lang.NullPointerException: Cannot invoke method getAt() on null object)

2019-02-18 11:19:03 - [MESSAGE][FAILED] - Unable to verify element property value (Root cause: java.lang.NullPointerException: Cannot invoke method getAt() on null object)

2019-02-18 11:19:03 - [TEST_STEP][FAILED] - verifyElementPropertyValue(a, "ObjReturn.TicketList[0].UpdateDate", "09:42 17/01/2019"): Unable to verify element property value (Root cause: java.lang.NullPointerException: Cannot invoke method getAt() on null object)

2019-02-18 11:19:03 - [MESSAGE][FAILED] - Unable to verify element property value (Root cause: java.lang.NullPointerException: Cannot invoke method getAt() on null object)

2019-02-18 11:19:03 - [TEST_STEP][FAILED] - verifyElementPropertyValue(a, "ObjReturn.TicketList[1].TicketId", 12): Unable to verify element property value (Root cause: java.lang.NullPointerException: Cannot invoke method getAt() on null object)

2019-02-18 11:19:03 - [MESSAGE][FAILED] - Unable to verify element property value (Root cause: java.lang.NullPointerException: Cannot invoke method getAt() on null object)

2019-02-18 11:19:03 - [TEST_STEP][FAILED] - verifyElementPropertyValue(a, "ObjReturn.TicketList[1].RequestId", 12): Unable to verify element property value (Root cause: java.lang.NullPointerException: Cannot invoke method getAt() on null object)

2019-02-18 11:19:03 - [MESSAGE][FAILED] - Unable to verify element property value (Root cause: java.lang.NullPointerException: Cannot invoke method getAt() on null object)

2019-02-18 11:19:03 - [TEST_STEP][FAILED] - verifyElementPropertyValue(a, "ObjReturn.TicketList[1].DeviceId", 8): Unable to verify element property value (Root cause: java.lang.NullPointerException: Cannot invoke method getAt() on null object)

2019-02-18 11:19:03 - [MESSAGE][FAILED] - Unable to verify element property value (Root cause: java.lang.NullPointerException: Cannot invoke method getAt() on null object)

2019-02-18 11:19:03 - [TEST_STEP][FAILED] - verifyElementPropertyValue(a, "ObjReturn.TicketList[1].ServiceItemName", "Sửa chữa máy POS  không in được."): Unable to verify element property value (Root cause: java.lang.NullPointerException: Cannot invoke method getAt() on null object)

2019-02-18 11:19:03 - [MESSAGE][FAILED] - Unable to verify element property value (Root cause: java.lang.NullPointerException: Cannot invoke method getAt() on null object)

2019-02-18 11:19:03 - [TEST_STEP][FAILED] - verifyElementPropertyValue(a, "ObjReturn.TicketList[1].Desciption", null): Unable to verify element property value (Root cause: java.lang.NullPointerException: Cannot invoke method getAt() on null object)

2019-02-18 11:19:03 - [MESSAGE][FAILED] - Unable to verify element property value (Root cause: java.lang.NullPointerException: Cannot invoke method getAt() on null object)

2019-02-18 11:19:03 - [TEST_STEP][FAILED] - verifyElementPropertyValue(a, "ObjReturn.TicketList[1].CreateDate", "09:45 17/01/2019"): Unable to verify element property value (Root cause: java.lang.NullPointerException: Cannot invoke method getAt() on null object)

2019-02-18 11:19:03 - [MESSAGE][FAILED] - Unable to verify element property value (Root cause: java.lang.NullPointerException: Cannot invoke method getAt() on null object)

2019-02-18 11:19:03 - [TEST_STEP][FAILED] - verifyElementPropertyValue(a, "ObjReturn.TicketList[1].UpdateDate", null): Unable to verify element property value (Root cause: java.lang.NullPointerException: Cannot invoke method getAt() on null object)

2019-02-18 11:19:03 - [MESSAGE][FAILED] - Unable to verify element property value (Root cause: java.lang.NullPointerException: Cannot invoke method getAt() on null object)

2019-02-18 11:19:03 - [TEST_STEP][FAILED] - verifyElementPropertyValue(a, "ObjReturn.TicketList[2].TicketId", 13): Unable to verify element property value (Root cause: java.lang.NullPointerException: Cannot invoke method getAt() on null object)

2019-02-18 11:19:03 - [MESSAGE][FAILED] - Unable to verify element property value (Root cause: java.lang.NullPointerException: Cannot invoke method getAt() on null object)

2019-02-18 11:19:03 - [TEST_STEP][FAILED] - verifyElementPropertyValue(a, "ObjReturn.TicketList[2].RequestId", 8): Unable to verify element property value (Root cause: java.lang.NullPointerException: Cannot invoke method getAt() on null object)

2019-02-18 11:19:03 - [MESSAGE][FAILED] - Unable to verify element property value (Root cause: java.lang.NullPointerException: Cannot invoke method getAt() on null object)

2019-02-18 11:19:03 - [TEST_STEP][FAILED] - verifyElementPropertyValue(a, "ObjReturn.TicketList[2].DeviceId", 8): Unable to verify element property value (Root cause: java.lang.NullPointerException: Cannot invoke method getAt() on null object)

2019-02-18 11:19:03 - [MESSAGE][FAILED] - Unable to verify element property value (Root cause: java.lang.NullPointerException: Cannot invoke method getAt() on null object)

2019-02-18 11:19:03 - [TEST_STEP][FAILED] - verifyElementPropertyValue(a, "ObjReturn.TicketList[2].ServiceItemName", "Sửa chữa máy POS  không in được."): Unable to verify element property value (Root cause: java.lang.NullPointerException: Cannot invoke method getAt() on null object)

2019-02-18 11:19:03 - [MESSAGE][FAILED] - Unable to verify element property value (Root cause: java.lang.NullPointerException: Cannot invoke method getAt() on null object)

2019-02-18 11:19:03 - [TEST_STEP][FAILED] - verifyElementPropertyValue(a, "ObjReturn.TicketList[2].Desciption", "Được Thêm bởi Admin vào lúc 1/17/2019 12:24:23 PM cho sự cố Uni deli - Sửa chữa máy POS  không in được."): Unable to verify element property value (Root cause: java.lang.NullPointerException: Cannot invoke method getAt() on null object)

2019-02-18 11:19:03 - [MESSAGE][FAILED] - Unable to verify element property value (Root cause: java.lang.NullPointerException: Cannot invoke method getAt() on null object)

2019-02-18 11:19:03 - [TEST_STEP][FAILED] - verifyElementPropertyValue(a, "ObjReturn.TicketList[2].CreateDate", "12:24 17/01/2019"): Unable to verify element property value (Root cause: java.lang.NullPointerException: Cannot invoke method getAt() on null object)

2019-02-18 11:19:03 - [MESSAGE][FAILED] - Unable to verify element property value (Root cause: java.lang.NullPointerException: Cannot invoke method getAt() on null object)

2019-02-18 11:19:03 - [TEST_STEP][FAILED] - verifyElementPropertyValue(a, "ObjReturn.TicketList[2].UpdateDate", null): verifyElementPropertyValue(a, "ObjReturn.TicketList[2].UpdateDate", null) FAILED.
Reason:
com.kms.katalon.core.exception.StepFailedException: Expected element property value '' is not equal with actual property value 'null'
	at com.kms.katalon.core.keyword.internal.KeywordMain.stepFailed(KeywordMain.groovy:32)
	at com.kms.katalon.core.webservice.keyword.builtin.VerifyElementPropertyValueKeyword$_verifyElementPropertyValue_closure1.doCall(VerifyElementPropertyValueKeyword.groovy:56)
	at com.kms.katalon.core.webservice.keyword.builtin.VerifyElementPropertyValueKeyword$_verifyElementPropertyValue_closure1.call(VerifyElementPropertyValueKeyword.groovy)
	at com.kms.katalon.core.keyword.internal.KeywordMain.runKeyword(KeywordMain.groovy:54)
	at com.kms.katalon.core.webservice.keyword.builtin.VerifyElementPropertyValueKeyword.verifyElementPropertyValue(VerifyElementPropertyValueKeyword.groovy:48)
	at com.kms.katalon.core.webservice.keyword.builtin.VerifyElementPropertyValueKeyword.execute(VerifyElementPropertyValueKeyword.groovy:43)
	at com.kms.katalon.core.keyword.internal.KeywordExecutor.executeKeywordForPlatform(KeywordExecutor.groovy:53)
	at com.kms.katalon.core.webservice.keyword.WSBuiltInKeywords.verifyElementPropertyValue(WSBuiltInKeywords.groovy:123)
	at com.kms.katalon.core.webservice.keyword.WSBuiltInKeywords$verifyElementPropertyValue$1.call(Unknown Source)
	at 24CheckDeviceInfoByCode.run(24CheckDeviceInfoByCode:20)
	at com.kms.katalon.core.main.ScriptEngine.run(ScriptEngine.java:194)
	at com.kms.katalon.core.main.ScriptEngine.runScriptAsRawText(ScriptEngine.java:119)
	at com.kms.katalon.core.main.TestCaseExecutor.runScript(TestCaseExecutor.java:328)
	at com.kms.katalon.core.main.TestCaseExecutor.doExecute(TestCaseExecutor.java:319)
	at com.kms.katalon.core.main.TestCaseExecutor.processExecutionPhase(TestCaseExecutor.java:298)
	at com.kms.katalon.core.main.TestCaseExecutor.accessMainPhase(TestCaseExecutor.java:290)
	at com.kms.katalon.core.main.TestCaseExecutor.execute(TestCaseExecutor.java:224)
	at com.kms.katalon.core.main.TestSuiteExecutor.accessTestCaseMainPhase(TestSuiteExecutor.java:129)
	at com.kms.katalon.core.main.TestSuiteExecutor.accessTestSuiteMainPhase(TestSuiteExecutor.java:112)
	at com.kms.katalon.core.main.TestSuiteExecutor.execute(TestSuiteExecutor.java:81)
	at com.kms.katalon.core.main.TestCaseMain.startTestSuite(TestCaseMain.java:149)
	at com.kms.katalon.core.main.TestCaseMain$startTestSuite$0.call(Unknown Source)
	at TempTestSuite1550463528097.run(TempTestSuite1550463528097.groovy:36)


2019-02-18 11:19:03 - [MESSAGE][FAILED] - Unable to verify element property value (Root cause: java.lang.NullPointerException: Cannot invoke method getAt() on null object)

2019-02-18 11:19:03 - [MESSAGE][FAILED] - verifyElementPropertyValue(a, "ObjReturn.TicketList[2].UpdateDate", null) FAILED.
Reason:
com.kms.katalon.core.exception.StepFailedException: Expected element property value '' is not equal with actual property value 'null'
	at com.kms.katalon.core.keyword.internal.KeywordMain.stepFailed(KeywordMain.groovy:32)
	at com.kms.katalon.core.webservice.keyword.builtin.VerifyElementPropertyValueKeyword$_verifyElementPropertyValue_closure1.doCall(VerifyElementPropertyValueKeyword.groovy:56)
	at com.kms.katalon.core.webservice.keyword.builtin.VerifyElementPropertyValueKeyword$_verifyElementPropertyValue_closure1.call(VerifyElementPropertyValueKeyword.groovy)
	at com.kms.katalon.core.keyword.internal.KeywordMain.runKeyword(KeywordMain.groovy:54)
	at com.kms.katalon.core.webservice.keyword.builtin.VerifyElementPropertyValueKeyword.verifyElementPropertyValue(VerifyElementPropertyValueKeyword.groovy:48)
	at com.kms.katalon.core.webservice.keyword.builtin.VerifyElementPropertyValueKeyword.execute(VerifyElementPropertyValueKeyword.groovy:43)
	at com.kms.katalon.core.keyword.internal.KeywordExecutor.executeKeywordForPlatform(KeywordExecutor.groovy:53)
	at com.kms.katalon.core.webservice.keyword.WSBuiltInKeywords.verifyElementPropertyValue(WSBuiltInKeywords.groovy:123)
	at com.kms.katalon.core.webservice.keyword.WSBuiltInKeywords$verifyElementPropertyValue$1.call(Unknown Source)
	at 24CheckDeviceInfoByCode.run(24CheckDeviceInfoByCode:20)
	at com.kms.katalon.core.main.ScriptEngine.run(ScriptEngine.java:194)
	at com.kms.katalon.core.main.ScriptEngine.runScriptAsRawText(ScriptEngine.java:119)
	at com.kms.katalon.core.main.TestCaseExecutor.runScript(TestCaseExecutor.java:328)
	at com.kms.katalon.core.main.TestCaseExecutor.doExecute(TestCaseExecutor.java:319)
	at com.kms.katalon.core.main.TestCaseExecutor.processExecutionPhase(TestCaseExecutor.java:298)
	at com.kms.katalon.core.main.TestCaseExecutor.accessMainPhase(TestCaseExecutor.java:290)
	at com.kms.katalon.core.main.TestCaseExecutor.execute(TestCaseExecutor.java:224)
	at com.kms.katalon.core.main.TestSuiteExecutor.accessTestCaseMainPhase(TestSuiteExecutor.java:129)
	at com.kms.katalon.core.main.TestSuiteExecutor.accessTestSuiteMainPhase(TestSuiteExecutor.java:112)
	at com.kms.katalon.core.main.TestSuiteExecutor.execute(TestSuiteExecutor.java:81)
	at com.kms.katalon.core.main.TestCaseMain.startTestSuite(TestCaseMain.java:149)
	at com.kms.katalon.core.main.TestCaseMain$startTestSuite$0.call(Unknown Source)
	at TempTestSuite1550463528097.run(TempTestSuite1550463528097.groovy:36)]]></system-out>
         <system-err><![CDATA[2019-02-18 11:19:02 - [TEST_CASE][FAILED] - Test Cases/ITSupporter/24CheckDeviceInfoByCode: Test Cases/ITSupporter/24CheckDeviceInfoByCode FAILED.
Reason:
com.kms.katalon.core.exception.StepFailedException: Expected element property value '' is not equal with actual property value 'null'
	at com.kms.katalon.core.keyword.internal.KeywordMain.stepFailed(KeywordMain.groovy:32)
	at com.kms.katalon.core.webservice.keyword.builtin.VerifyElementPropertyValueKeyword$_verifyElementPropertyValue_closure1.doCall(VerifyElementPropertyValueKeyword.groovy:56)
	at com.kms.katalon.core.webservice.keyword.builtin.VerifyElementPropertyValueKeyword$_verifyElementPropertyValue_closure1.call(VerifyElementPropertyValueKeyword.groovy)
	at com.kms.katalon.core.keyword.internal.KeywordMain.runKeyword(KeywordMain.groovy:54)
	at com.kms.katalon.core.webservice.keyword.builtin.VerifyElementPropertyValueKeyword.verifyElementPropertyValue(VerifyElementPropertyValueKeyword.groovy:48)
	at com.kms.katalon.core.webservice.keyword.builtin.VerifyElementPropertyValueKeyword.execute(VerifyElementPropertyValueKeyword.groovy:43)
	at com.kms.katalon.core.keyword.internal.KeywordExecutor.executeKeywordForPlatform(KeywordExecutor.groovy:53)
	at com.kms.katalon.core.webservice.keyword.WSBuiltInKeywords.verifyElementPropertyValue(WSBuiltInKeywords.groovy:123)
	at com.kms.katalon.core.webservice.keyword.WSBuiltInKeywords$verifyElementPropertyValue$1.call(Unknown Source)
	at 24CheckDeviceInfoByCode.run(24CheckDeviceInfoByCode:20)
	at com.kms.katalon.core.main.ScriptEngine.run(ScriptEngine.java:194)
	at com.kms.katalon.core.main.ScriptEngine.runScriptAsRawText(ScriptEngine.java:119)
	at com.kms.katalon.core.main.TestCaseExecutor.runScript(TestCaseExecutor.java:328)
	at com.kms.katalon.core.main.TestCaseExecutor.doExecute(TestCaseExecutor.java:319)
	at com.kms.katalon.core.main.TestCaseExecutor.processExecutionPhase(TestCaseExecutor.java:298)
	at com.kms.katalon.core.main.TestCaseExecutor.accessMainPhase(TestCaseExecutor.java:290)
	at com.kms.katalon.core.main.TestCaseExecutor.execute(TestCaseExecutor.java:224)
	at com.kms.katalon.core.main.TestSuiteExecutor.accessTestCaseMainPhase(TestSuiteExecutor.java:129)
	at com.kms.katalon.core.main.TestSuiteExecutor.accessTestSuiteMainPhase(TestSuiteExecutor.java:112)
	at com.kms.katalon.core.main.TestSuiteExecutor.execute(TestSuiteExecutor.java:81)
	at com.kms.katalon.core.main.TestCaseMain.startTestSuite(TestCaseMain.java:149)
	at com.kms.katalon.core.main.TestCaseMain$startTestSuite$0.call(Unknown Source)
	at TempTestSuite1550463528097.run(TempTestSuite1550463528097.groovy:36)]]></system-err>
      </testcase>
      <system-out><![CDATA[2019-02-18 11:18:51 - [TEST_SUITE][FAILED] - ITSupporter: Test Cases/ITSupporter/01Login FAILED.
Reason:
com.kms.katalon.core.exception.StepFailedException: Unable to verify element property value (Root cause: java.lang.NullPointerException: Cannot get property 'order' on null object)
	at com.kms.katalon.core.keyword.internal.KeywordMain.stepFailed(KeywordMain.groovy:32)
	at com.kms.katalon.core.keyword.internal.KeywordMain.stepFailed(KeywordMain.groovy)
	at com.kms.katalon.core.keyword.internal.KeywordMain.runKeyword(KeywordMain.groovy:56)
	at com.kms.katalon.core.webservice.keyword.builtin.VerifyElementPropertyValueKeyword.verifyElementPropertyValue(VerifyElementPropertyValueKeyword.groovy:48)
	at com.kms.katalon.core.webservice.keyword.builtin.VerifyElementPropertyValueKeyword.execute(VerifyElementPropertyValueKeyword.groovy:43)
	at com.kms.katalon.core.keyword.internal.KeywordExecutor.executeKeywordForPlatform(KeywordExecutor.groovy:53)
	at com.kms.katalon.core.webservice.keyword.WSBuiltInKeywords.verifyElementPropertyValue(WSBuiltInKeywords.groovy:123)
	at com.kms.katalon.core.webservice.keyword.WSBuiltInKeywords$verifyElementPropertyValue$1.call(Unknown Source)
	at 01Login.run(01Login:20)
	at com.kms.katalon.core.main.ScriptEngine.run(ScriptEngine.java:194)
	at com.kms.katalon.core.main.ScriptEngine.runScriptAsRawText(ScriptEngine.java:119)
	at com.kms.katalon.core.main.TestCaseExecutor.runScript(TestCaseExecutor.java:328)
	at com.kms.katalon.core.main.TestCaseExecutor.doExecute(TestCaseExecutor.java:319)
	at com.kms.katalon.core.main.TestCaseExecutor.processExecutionPhase(TestCaseExecutor.java:298)
	at com.kms.katalon.core.main.TestCaseExecutor.accessMainPhase(TestCaseExecutor.java:290)
	at com.kms.katalon.core.main.TestCaseExecutor.execute(TestCaseExecutor.java:224)
	at com.kms.katalon.core.main.TestSuiteExecutor.accessTestCaseMainPhase(TestSuiteExecutor.java:129)
	at com.kms.katalon.core.main.TestSuiteExecutor.accessTestSuiteMainPhase(TestSuiteExecutor.java:112)
	at com.kms.katalon.core.main.TestSuiteExecutor.execute(TestSuiteExecutor.java:81)
	at com.kms.katalon.core.main.TestCaseMain.startTestSuite(TestCaseMain.java:149)
	at com.kms.katalon.core.main.TestCaseMain$startTestSuite$0.call(Unknown Source)
	at TempTestSuite1550463528097.run(TempTestSuite1550463528097.groovy:36)]]></system-out>
      <system-err><![CDATA[2019-02-18 11:18:51 - [TEST_SUITE][FAILED] - ITSupporter: Test Cases/ITSupporter/01Login FAILED.
Reason:
com.kms.katalon.core.exception.StepFailedException: Unable to verify element property value (Root cause: java.lang.NullPointerException: Cannot get property 'order' on null object)
	at com.kms.katalon.core.keyword.internal.KeywordMain.stepFailed(KeywordMain.groovy:32)
	at com.kms.katalon.core.keyword.internal.KeywordMain.stepFailed(KeywordMain.groovy)
	at com.kms.katalon.core.keyword.internal.KeywordMain.runKeyword(KeywordMain.groovy:56)
	at com.kms.katalon.core.webservice.keyword.builtin.VerifyElementPropertyValueKeyword.verifyElementPropertyValue(VerifyElementPropertyValueKeyword.groovy:48)
	at com.kms.katalon.core.webservice.keyword.builtin.VerifyElementPropertyValueKeyword.execute(VerifyElementPropertyValueKeyword.groovy:43)
	at com.kms.katalon.core.keyword.internal.KeywordExecutor.executeKeywordForPlatform(KeywordExecutor.groovy:53)
	at com.kms.katalon.core.webservice.keyword.WSBuiltInKeywords.verifyElementPropertyValue(WSBuiltInKeywords.groovy:123)
	at com.kms.katalon.core.webservice.keyword.WSBuiltInKeywords$verifyElementPropertyValue$1.call(Unknown Source)
	at 01Login.run(01Login:20)
	at com.kms.katalon.core.main.ScriptEngine.run(ScriptEngine.java:194)
	at com.kms.katalon.core.main.ScriptEngine.runScriptAsRawText(ScriptEngine.java:119)
	at com.kms.katalon.core.main.TestCaseExecutor.runScript(TestCaseExecutor.java:328)
	at com.kms.katalon.core.main.TestCaseExecutor.doExecute(TestCaseExecutor.java:319)
	at com.kms.katalon.core.main.TestCaseExecutor.processExecutionPhase(TestCaseExecutor.java:298)
	at com.kms.katalon.core.main.TestCaseExecutor.accessMainPhase(TestCaseExecutor.java:290)
	at com.kms.katalon.core.main.TestCaseExecutor.execute(TestCaseExecutor.java:224)
	at com.kms.katalon.core.main.TestSuiteExecutor.accessTestCaseMainPhase(TestSuiteExecutor.java:129)
	at com.kms.katalon.core.main.TestSuiteExecutor.accessTestSuiteMainPhase(TestSuiteExecutor.java:112)
	at com.kms.katalon.core.main.TestSuiteExecutor.execute(TestSuiteExecutor.java:81)
	at com.kms.katalon.core.main.TestCaseMain.startTestSuite(TestCaseMain.java:149)
	at com.kms.katalon.core.main.TestCaseMain$startTestSuite$0.call(Unknown Source)
	at TempTestSuite1550463528097.run(TempTestSuite1550463528097.groovy:36)]]></system-err>
   </testsuite>
</testsuites>
