<?xml version="1.0" encoding="UTF-8"?>
<testsuites name="ITSupporter" time="23" tests="0" failures="9" errors="0">
   <testsuite name="ITSupporter" tests="0" failures="9" errors="0" time="23" timestamp="2019-02-13 16:25:01" hostname="Ninja - AnhNVSE63446" id="Test Suites/ITSupporter">
      <properties>
         <property name="deviceName" value=""/>
         <property name="devicePlatform" value=""/>
         <property name="logFolder" value="E:\\Internship\\Tester\\TestKatalon\\test\\Reports\\ITSupporter\\20190213_162453"/>
         <property name="logFiles" value="E:\\Internship\\Tester\\TestKatalon\\test\\Reports\\ITSupporter\\20190213_162453\\execution0.log"/>
         <property name="attachments" value=""/>
         <property name="hostName" value="Ninja - AnhNVSE63446"/>
         <property name="hostAddress" value="192.168.175.1"/>
         <property name="os" value="Windows 10 64bit"/>
         <property name="katalonVersion" value="5.10.0.1"/>
      </properties>
      <testcase name="Test Cases/ITSupporter/01Login" classname="Test Cases/ITSupporter/01Login" status="FAILED">
         <failure type="FAILED" message="Test Cases/ITSupporter/01Login FAILED.
Reason:
com.kms.katalon.core.exception.StepFailedException: Expected element property value '1' is not equal with actual property value '0'
	at com.kms.katalon.core.keyword.internal.KeywordMain.stepFailed(KeywordMain.groovy:32)
	at com.kms.katalon.core.webservice.keyword.builtin.VerifyElementPropertyValueKeyword$_verifyElementPropertyValue_closure1.doCall(VerifyElementPropertyValueKeyword.groovy:56)
	at com.kms.katalon.core.webservice.keyword.builtin.VerifyElementPropertyValueKeyword$_verifyElementPropertyValue_closure1.call(VerifyElementPropertyValueKeyword.groovy)
	at com.kms.katalon.core.keyword.internal.KeywordMain.runKeyword(KeywordMain.groovy:54)
	at com.kms.katalon.core.webservice.keyword.builtin.VerifyElementPropertyValueKeyword.verifyElementPropertyValue(VerifyElementPropertyValueKeyword.groovy:48)
	at com.kms.katalon.core.webservice.keyword.builtin.VerifyElementPropertyValueKeyword.execute(VerifyElementPropertyValueKeyword.groovy:43)
	at com.kms.katalon.core.keyword.internal.KeywordExecutor.executeKeywordForPlatform(KeywordExecutor.groovy:53)
	at com.kms.katalon.core.webservice.keyword.WSBuiltInKeywords.verifyElementPropertyValue(WSBuiltInKeywords.groovy:123)
	at com.kms.katalon.core.webservice.keyword.WSBuiltInKeywords$verifyElementPropertyValue$1.call(Unknown Source)
	at 01Login.run(01Login:20)
	at com.kms.katalon.core.main.ScriptEngine.run(ScriptEngine.java:194)
	at com.kms.katalon.core.main.ScriptEngine.runScriptAsRawText(ScriptEngine.java:119)
	at com.kms.katalon.core.main.TestCaseExecutor.runScript(TestCaseExecutor.java:328)
	at com.kms.katalon.core.main.TestCaseExecutor.doExecute(TestCaseExecutor.java:319)
	at com.kms.katalon.core.main.TestCaseExecutor.processExecutionPhase(TestCaseExecutor.java:298)
	at com.kms.katalon.core.main.TestCaseExecutor.accessMainPhase(TestCaseExecutor.java:290)
	at com.kms.katalon.core.main.TestCaseExecutor.execute(TestCaseExecutor.java:224)
	at com.kms.katalon.core.main.TestSuiteExecutor.accessTestCaseMainPhase(TestSuiteExecutor.java:129)
	at com.kms.katalon.core.main.TestSuiteExecutor.accessTestSuiteMainPhase(TestSuiteExecutor.java:112)
	at com.kms.katalon.core.main.TestSuiteExecutor.execute(TestSuiteExecutor.java:81)
	at com.kms.katalon.core.main.TestCaseMain.startTestSuite(TestCaseMain.java:149)
	at com.kms.katalon.core.main.TestCaseMain$startTestSuite$0.call(Unknown Source)
	at TempTestSuite1550049898086.run(TempTestSuite1550049898086.groovy:36)
"/>
         <system-out><![CDATA[2019-02-13 16:25:02 - [TEST_CASE][FAILED] - Test Cases/ITSupporter/01Login: Test Cases/ITSupporter/01Login FAILED.
Reason:
com.kms.katalon.core.exception.StepFailedException: Expected element property value '1' is not equal with actual property value '0'
	at com.kms.katalon.core.keyword.internal.KeywordMain.stepFailed(KeywordMain.groovy:32)
	at com.kms.katalon.core.webservice.keyword.builtin.VerifyElementPropertyValueKeyword$_verifyElementPropertyValue_closure1.doCall(VerifyElementPropertyValueKeyword.groovy:56)
	at com.kms.katalon.core.webservice.keyword.builtin.VerifyElementPropertyValueKeyword$_verifyElementPropertyValue_closure1.call(VerifyElementPropertyValueKeyword.groovy)
	at com.kms.katalon.core.keyword.internal.KeywordMain.runKeyword(KeywordMain.groovy:54)
	at com.kms.katalon.core.webservice.keyword.builtin.VerifyElementPropertyValueKeyword.verifyElementPropertyValue(VerifyElementPropertyValueKeyword.groovy:48)
	at com.kms.katalon.core.webservice.keyword.builtin.VerifyElementPropertyValueKeyword.execute(VerifyElementPropertyValueKeyword.groovy:43)
	at com.kms.katalon.core.keyword.internal.KeywordExecutor.executeKeywordForPlatform(KeywordExecutor.groovy:53)
	at com.kms.katalon.core.webservice.keyword.WSBuiltInKeywords.verifyElementPropertyValue(WSBuiltInKeywords.groovy:123)
	at com.kms.katalon.core.webservice.keyword.WSBuiltInKeywords$verifyElementPropertyValue$1.call(Unknown Source)
	at 01Login.run(01Login:20)
	at com.kms.katalon.core.main.ScriptEngine.run(ScriptEngine.java:194)
	at com.kms.katalon.core.main.ScriptEngine.runScriptAsRawText(ScriptEngine.java:119)
	at com.kms.katalon.core.main.TestCaseExecutor.runScript(TestCaseExecutor.java:328)
	at com.kms.katalon.core.main.TestCaseExecutor.doExecute(TestCaseExecutor.java:319)
	at com.kms.katalon.core.main.TestCaseExecutor.processExecutionPhase(TestCaseExecutor.java:298)
	at com.kms.katalon.core.main.TestCaseExecutor.accessMainPhase(TestCaseExecutor.java:290)
	at com.kms.katalon.core.main.TestCaseExecutor.execute(TestCaseExecutor.java:224)
	at com.kms.katalon.core.main.TestSuiteExecutor.accessTestCaseMainPhase(TestSuiteExecutor.java:129)
	at com.kms.katalon.core.main.TestSuiteExecutor.accessTestSuiteMainPhase(TestSuiteExecutor.java:112)
	at com.kms.katalon.core.main.TestSuiteExecutor.execute(TestSuiteExecutor.java:81)
	at com.kms.katalon.core.main.TestCaseMain.startTestSuite(TestCaseMain.java:149)
	at com.kms.katalon.core.main.TestCaseMain$startTestSuite$0.call(Unknown Source)
	at TempTestSuite1550049898086.run(TempTestSuite1550049898086.groovy:36)


2019-02-13 16:25:03 - [TEST_STEP][PASSED] - a = sendRequest(findTestObject("ITSupporter/01Login")): Send request successfully

2019-02-13 16:25:08 - [MESSAGE][PASSED] - Send request successfully

2019-02-13 16:25:08 - [TEST_STEP][PASSED] - verifyResponseStatusCode(a, 200): Verify response status code successfully

2019-02-13 16:25:08 - [MESSAGE][PASSED] - Verify response status code successfully

2019-02-13 16:25:08 - [TEST_STEP][FAILED] - verifyElementPropertyValue(a, "ObjReturn.NumericalOrder", 1): Expected element property value '1' is not equal with actual property value '0'

2019-02-13 16:25:08 - [MESSAGE][FAILED] - Expected element property value '1' is not equal with actual property value '0'

2019-02-13 16:25:08 - [TEST_STEP][FAILED] - verifyElementPropertyValue(a, "ObjReturn.ITSupporterId", 33): Expected element property value '33' is not equal with actual property value '1'

2019-02-13 16:25:08 - [MESSAGE][FAILED] - Expected element property value '33' is not equal with actual property value '1'

2019-02-13 16:25:08 - [TEST_STEP][FAILED] - verifyElementPropertyValue(a, "ObjReturn.ITSupporterName", "Phạm Phú Tiến"): Expected element property value 'Phạm Phú Tiến' is not equal with actual property value 'Lê Hồng Ân'

2019-02-13 16:25:08 - [MESSAGE][FAILED] - Expected element property value 'Phạm Phú Tiến' is not equal with actual property value 'Lê Hồng Ân'

2019-02-13 16:25:08 - [TEST_STEP][FAILED] - verifyElementPropertyValue(a, "ObjReturn.AccountId", 162): Expected element property value '162' is not equal with actual property value '2'

2019-02-13 16:25:09 - [MESSAGE][FAILED] - Expected element property value '162' is not equal with actual property value '2'

2019-02-13 16:25:09 - [TEST_STEP][FAILED] - verifyElementPropertyValue(a, "ObjReturn.Username", "qwerty"): Expected element property value 'qwerty' is not equal with actual property value 'lehongan'

2019-02-13 16:25:09 - [MESSAGE][FAILED] - Expected element property value 'qwerty' is not equal with actual property value 'lehongan'

2019-02-13 16:25:09 - [TEST_STEP][PASSED] - verifyElementPropertyValue(a, "ObjReturn.OldUsername", null): Verify element property value successfully

2019-02-13 16:25:09 - [MESSAGE][PASSED] - Verify element property value successfully

2019-02-13 16:25:09 - [TEST_STEP][FAILED] - verifyElementPropertyValue(a, "ObjReturn.Telephone", "bddgsr"): Expected element property value 'bddgsr' is not equal with actual property value '0152012421'

2019-02-13 16:25:09 - [MESSAGE][FAILED] - Expected element property value 'bddgsr' is not equal with actual property value '0152012421'

2019-02-13 16:25:09 - [TEST_STEP][FAILED] - verifyElementPropertyValue(a, "ObjReturn.Email", "fads"): Expected element property value 'fads' is not equal with actual property value 'anh@gmail.com'

2019-02-13 16:25:09 - [MESSAGE][FAILED] - Expected element property value 'fads' is not equal with actual property value 'anh@gmail.com'

2019-02-13 16:25:09 - [TEST_STEP][FAILED] - verifyElementPropertyValue(a, "ObjReturn.Gender", "Male"): Expected element property value 'Male' is not equal with actual property value '1'

2019-02-13 16:25:10 - [MESSAGE][FAILED] - Expected element property value 'Male' is not equal with actual property value '1'

2019-02-13 16:25:10 - [TEST_STEP][FAILED] - verifyElementPropertyValue(a, "ObjReturn.Address", "rsafsz3r"): Expected element property value 'rsafsz3r' is not equal with actual property value '742 Lê Đức Thọ'

2019-02-13 16:25:10 - [MESSAGE][FAILED] - Expected element property value 'rsafsz3r' is not equal with actual property value '742 Lê Đức Thọ'

2019-02-13 16:25:10 - [TEST_STEP][FAILED] - verifyElementPropertyValue(a, "ObjReturn.RatingAVG", 3.0): Expected element property value '3' is not equal with actual property value '4.4375'

2019-02-13 16:25:10 - [MESSAGE][FAILED] - Expected element property value '3' is not equal with actual property value '4.4375'

2019-02-13 16:25:10 - [TEST_STEP][FAILED] - verifyElementPropertyValue(a, "ObjReturn.IsBusy", 0): Expected element property value '0' is not equal with actual property value 'True'

2019-02-13 16:25:10 - [MESSAGE][FAILED] - Expected element property value '0' is not equal with actual property value 'True'

2019-02-13 16:25:10 - [TEST_STEP][FAILED] - verifyElementPropertyValue(a, "ObjReturn.IsBusyValue", false): Expected element property value 'false' is not equal with actual property value 'null'

2019-02-13 16:25:10 - [MESSAGE][FAILED] - Expected element property value 'false' is not equal with actual property value 'null'

2019-02-13 16:25:10 - [TEST_STEP][PASSED] - verifyElementPropertyValue(a, "ObjReturn.IsDelete", false): Verify element property value successfully

2019-02-13 16:25:10 - [MESSAGE][PASSED] - Verify element property value successfully

2019-02-13 16:25:10 - [TEST_STEP][FAILED] - verifyElementPropertyValue(a, "ObjReturn.IsOnline", false): Expected element property value 'false' is not equal with actual property value 'True'

2019-02-13 16:25:10 - [MESSAGE][FAILED] - Expected element property value 'false' is not equal with actual property value 'True'

2019-02-13 16:25:10 - [TEST_STEP][FAILED] - verifyElementPropertyValue(a, "ObjReturn.CreateDate", "18:20 22/01/2019"): Expected element property value '18:20 22/01/2019' is not equal with actual property value '10/3/2018 1:00:00 AM'

2019-02-13 16:25:11 - [MESSAGE][FAILED] - Expected element property value '18:20 22/01/2019' is not equal with actual property value '10/3/2018 1:00:00 AM'

2019-02-13 16:25:11 - [TEST_STEP][FAILED] - verifyElementPropertyValue(a, "ObjReturn.UpdateDate", "10:15 24/01/2019"): Expected element property value '10:15 24/01/2019' is not equal with actual property value '1/17/2019 3:45:58 PM'

2019-02-13 16:25:11 - [MESSAGE][FAILED] - Expected element property value '10:15 24/01/2019' is not equal with actual property value '1/17/2019 3:45:58 PM'

2019-02-13 16:25:11 - [TEST_STEP][PASSED] - verifyElementPropertyValue(a, "ObjReturn.RequestWattingForAccept", 0): Verify element property value successfully

2019-02-13 16:25:11 - [MESSAGE][PASSED] - Verify element property value successfully

2019-02-13 16:25:11 - [TEST_STEP][PASSED] - verifyElementPropertyValue(a, "ObjReturn.ServiceITSupportName", null): Verify element property value successfully

2019-02-13 16:25:11 - [MESSAGE][PASSED] - Verify element property value successfully

2019-02-13 16:25:11 - [TEST_STEP][FAILED] - verifyElementPropertyValue(a, "ObjReturn.Password", "c9130efba1317c16406d67270f657af3"): Expected element property value 'c9130efba1317c16406d67270f657af3' is not equal with actual property value 'null'

2019-02-13 16:25:11 - [MESSAGE][FAILED] - Expected element property value 'c9130efba1317c16406d67270f657af3' is not equal with actual property value 'null'

2019-02-13 16:25:11 - [TEST_STEP][FAILED] - verifyElementPropertyValue(a, "ObjReturn.MonthExperience", "12"): Expected element property value '12' is not equal with actual property value 'null'

2019-02-13 16:25:11 - [MESSAGE][FAILED] - Expected element property value '12' is not equal with actual property value 'null'

2019-02-13 16:25:11 - [TEST_STEP][FAILED] - verifyElementPropertyValue(a, "ObjReturn.ServiceITSupportId", "14"): Expected element property value '14' is not equal with actual property value '0'

2019-02-13 16:25:11 - [MESSAGE][FAILED] - Expected element property value '14' is not equal with actual property value '0'

2019-02-13 16:25:11 - [TEST_STEP][PASSED] - verifyElementPropertyValue(a, "ObjReturn.RoleId", 2): Verify element property value successfully

2019-02-13 16:25:11 - [MESSAGE][PASSED] - Verify element property value successfully

2019-02-13 16:25:11 - [TEST_STEP][PASSED] - verifyElementPropertyValue(a, "ObjReturn.RoleName", "ITSupporter"): Verify element property value successfully

2019-02-13 16:25:12 - [MESSAGE][PASSED] - Verify element property value successfully

2019-02-13 16:25:12 - [TEST_STEP][FAILED] - verifyElementPropertyValue(a, "ObjReturn.RoleName", "ITSupporter"): verifyElementPropertyValue(a, "ObjReturn.RoleName", "ITSupporter") FAILED.
Reason:
com.kms.katalon.core.exception.StepFailedException: Expected element property value '1' is not equal with actual property value '0'
	at com.kms.katalon.core.keyword.internal.KeywordMain.stepFailed(KeywordMain.groovy:32)
	at com.kms.katalon.core.webservice.keyword.builtin.VerifyElementPropertyValueKeyword$_verifyElementPropertyValue_closure1.doCall(VerifyElementPropertyValueKeyword.groovy:56)
	at com.kms.katalon.core.webservice.keyword.builtin.VerifyElementPropertyValueKeyword$_verifyElementPropertyValue_closure1.call(VerifyElementPropertyValueKeyword.groovy)
	at com.kms.katalon.core.keyword.internal.KeywordMain.runKeyword(KeywordMain.groovy:54)
	at com.kms.katalon.core.webservice.keyword.builtin.VerifyElementPropertyValueKeyword.verifyElementPropertyValue(VerifyElementPropertyValueKeyword.groovy:48)
	at com.kms.katalon.core.webservice.keyword.builtin.VerifyElementPropertyValueKeyword.execute(VerifyElementPropertyValueKeyword.groovy:43)
	at com.kms.katalon.core.keyword.internal.KeywordExecutor.executeKeywordForPlatform(KeywordExecutor.groovy:53)
	at com.kms.katalon.core.webservice.keyword.WSBuiltInKeywords.verifyElementPropertyValue(WSBuiltInKeywords.groovy:123)
	at com.kms.katalon.core.webservice.keyword.WSBuiltInKeywords$verifyElementPropertyValue$1.call(Unknown Source)
	at 01Login.run(01Login:20)
	at com.kms.katalon.core.main.ScriptEngine.run(ScriptEngine.java:194)
	at com.kms.katalon.core.main.ScriptEngine.runScriptAsRawText(ScriptEngine.java:119)
	at com.kms.katalon.core.main.TestCaseExecutor.runScript(TestCaseExecutor.java:328)
	at com.kms.katalon.core.main.TestCaseExecutor.doExecute(TestCaseExecutor.java:319)
	at com.kms.katalon.core.main.TestCaseExecutor.processExecutionPhase(TestCaseExecutor.java:298)
	at com.kms.katalon.core.main.TestCaseExecutor.accessMainPhase(TestCaseExecutor.java:290)
	at com.kms.katalon.core.main.TestCaseExecutor.execute(TestCaseExecutor.java:224)
	at com.kms.katalon.core.main.TestSuiteExecutor.accessTestCaseMainPhase(TestSuiteExecutor.java:129)
	at com.kms.katalon.core.main.TestSuiteExecutor.accessTestSuiteMainPhase(TestSuiteExecutor.java:112)
	at com.kms.katalon.core.main.TestSuiteExecutor.execute(TestSuiteExecutor.java:81)
	at com.kms.katalon.core.main.TestCaseMain.startTestSuite(TestCaseMain.java:149)
	at com.kms.katalon.core.main.TestCaseMain$startTestSuite$0.call(Unknown Source)
	at TempTestSuite1550049898086.run(TempTestSuite1550049898086.groovy:36)


2019-02-13 16:25:12 - [MESSAGE][PASSED] - Verify element property value successfully

2019-02-13 16:25:12 - [MESSAGE][FAILED] - verifyElementPropertyValue(a, "ObjReturn.RoleName", "ITSupporter") FAILED.
Reason:
com.kms.katalon.core.exception.StepFailedException: Expected element property value '1' is not equal with actual property value '0'
	at com.kms.katalon.core.keyword.internal.KeywordMain.stepFailed(KeywordMain.groovy:32)
	at com.kms.katalon.core.webservice.keyword.builtin.VerifyElementPropertyValueKeyword$_verifyElementPropertyValue_closure1.doCall(VerifyElementPropertyValueKeyword.groovy:56)
	at com.kms.katalon.core.webservice.keyword.builtin.VerifyElementPropertyValueKeyword$_verifyElementPropertyValue_closure1.call(VerifyElementPropertyValueKeyword.groovy)
	at com.kms.katalon.core.keyword.internal.KeywordMain.runKeyword(KeywordMain.groovy:54)
	at com.kms.katalon.core.webservice.keyword.builtin.VerifyElementPropertyValueKeyword.verifyElementPropertyValue(VerifyElementPropertyValueKeyword.groovy:48)
	at com.kms.katalon.core.webservice.keyword.builtin.VerifyElementPropertyValueKeyword.execute(VerifyElementPropertyValueKeyword.groovy:43)
	at com.kms.katalon.core.keyword.internal.KeywordExecutor.executeKeywordForPlatform(KeywordExecutor.groovy:53)
	at com.kms.katalon.core.webservice.keyword.WSBuiltInKeywords.verifyElementPropertyValue(WSBuiltInKeywords.groovy:123)
	at com.kms.katalon.core.webservice.keyword.WSBuiltInKeywords$verifyElementPropertyValue$1.call(Unknown Source)
	at 01Login.run(01Login:20)
	at com.kms.katalon.core.main.ScriptEngine.run(ScriptEngine.java:194)
	at com.kms.katalon.core.main.ScriptEngine.runScriptAsRawText(ScriptEngine.java:119)
	at com.kms.katalon.core.main.TestCaseExecutor.runScript(TestCaseExecutor.java:328)
	at com.kms.katalon.core.main.TestCaseExecutor.doExecute(TestCaseExecutor.java:319)
	at com.kms.katalon.core.main.TestCaseExecutor.processExecutionPhase(TestCaseExecutor.java:298)
	at com.kms.katalon.core.main.TestCaseExecutor.accessMainPhase(TestCaseExecutor.java:290)
	at com.kms.katalon.core.main.TestCaseExecutor.execute(TestCaseExecutor.java:224)
	at com.kms.katalon.core.main.TestSuiteExecutor.accessTestCaseMainPhase(TestSuiteExecutor.java:129)
	at com.kms.katalon.core.main.TestSuiteExecutor.accessTestSuiteMainPhase(TestSuiteExecutor.java:112)
	at com.kms.katalon.core.main.TestSuiteExecutor.execute(TestSuiteExecutor.java:81)
	at com.kms.katalon.core.main.TestCaseMain.startTestSuite(TestCaseMain.java:149)
	at com.kms.katalon.core.main.TestCaseMain$startTestSuite$0.call(Unknown Source)
	at TempTestSuite1550049898086.run(TempTestSuite1550049898086.groovy:36)]]></system-out>
         <system-err><![CDATA[2019-02-13 16:25:02 - [TEST_CASE][FAILED] - Test Cases/ITSupporter/01Login: Test Cases/ITSupporter/01Login FAILED.
Reason:
com.kms.katalon.core.exception.StepFailedException: Expected element property value '1' is not equal with actual property value '0'
	at com.kms.katalon.core.keyword.internal.KeywordMain.stepFailed(KeywordMain.groovy:32)
	at com.kms.katalon.core.webservice.keyword.builtin.VerifyElementPropertyValueKeyword$_verifyElementPropertyValue_closure1.doCall(VerifyElementPropertyValueKeyword.groovy:56)
	at com.kms.katalon.core.webservice.keyword.builtin.VerifyElementPropertyValueKeyword$_verifyElementPropertyValue_closure1.call(VerifyElementPropertyValueKeyword.groovy)
	at com.kms.katalon.core.keyword.internal.KeywordMain.runKeyword(KeywordMain.groovy:54)
	at com.kms.katalon.core.webservice.keyword.builtin.VerifyElementPropertyValueKeyword.verifyElementPropertyValue(VerifyElementPropertyValueKeyword.groovy:48)
	at com.kms.katalon.core.webservice.keyword.builtin.VerifyElementPropertyValueKeyword.execute(VerifyElementPropertyValueKeyword.groovy:43)
	at com.kms.katalon.core.keyword.internal.KeywordExecutor.executeKeywordForPlatform(KeywordExecutor.groovy:53)
	at com.kms.katalon.core.webservice.keyword.WSBuiltInKeywords.verifyElementPropertyValue(WSBuiltInKeywords.groovy:123)
	at com.kms.katalon.core.webservice.keyword.WSBuiltInKeywords$verifyElementPropertyValue$1.call(Unknown Source)
	at 01Login.run(01Login:20)
	at com.kms.katalon.core.main.ScriptEngine.run(ScriptEngine.java:194)
	at com.kms.katalon.core.main.ScriptEngine.runScriptAsRawText(ScriptEngine.java:119)
	at com.kms.katalon.core.main.TestCaseExecutor.runScript(TestCaseExecutor.java:328)
	at com.kms.katalon.core.main.TestCaseExecutor.doExecute(TestCaseExecutor.java:319)
	at com.kms.katalon.core.main.TestCaseExecutor.processExecutionPhase(TestCaseExecutor.java:298)
	at com.kms.katalon.core.main.TestCaseExecutor.accessMainPhase(TestCaseExecutor.java:290)
	at com.kms.katalon.core.main.TestCaseExecutor.execute(TestCaseExecutor.java:224)
	at com.kms.katalon.core.main.TestSuiteExecutor.accessTestCaseMainPhase(TestSuiteExecutor.java:129)
	at com.kms.katalon.core.main.TestSuiteExecutor.accessTestSuiteMainPhase(TestSuiteExecutor.java:112)
	at com.kms.katalon.core.main.TestSuiteExecutor.execute(TestSuiteExecutor.java:81)
	at com.kms.katalon.core.main.TestCaseMain.startTestSuite(TestCaseMain.java:149)
	at com.kms.katalon.core.main.TestCaseMain$startTestSuite$0.call(Unknown Source)
	at TempTestSuite1550049898086.run(TempTestSuite1550049898086.groovy:36)]]></system-err>
      </testcase>
      <testcase name="Test Cases/ITSupporter/03ViewProfile" classname="Test Cases/ITSupporter/03ViewProfile" status="FAILED">
         <failure type="FAILED" message="Test Cases/ITSupporter/03ViewProfile FAILED.
Reason:
com.kms.katalon.core.exception.StepFailedException: Expected element property value 'true' is not equal with actual property value 'null'
	at com.kms.katalon.core.keyword.internal.KeywordMain.stepFailed(KeywordMain.groovy:32)
	at com.kms.katalon.core.webservice.keyword.builtin.VerifyElementPropertyValueKeyword$_verifyElementPropertyValue_closure1.doCall(VerifyElementPropertyValueKeyword.groovy:56)
	at com.kms.katalon.core.webservice.keyword.builtin.VerifyElementPropertyValueKeyword$_verifyElementPropertyValue_closure1.call(VerifyElementPropertyValueKeyword.groovy)
	at com.kms.katalon.core.keyword.internal.KeywordMain.runKeyword(KeywordMain.groovy:54)
	at com.kms.katalon.core.webservice.keyword.builtin.VerifyElementPropertyValueKeyword.verifyElementPropertyValue(VerifyElementPropertyValueKeyword.groovy:48)
	at com.kms.katalon.core.webservice.keyword.builtin.VerifyElementPropertyValueKeyword.execute(VerifyElementPropertyValueKeyword.groovy:43)
	at com.kms.katalon.core.keyword.internal.KeywordExecutor.executeKeywordForPlatform(KeywordExecutor.groovy:53)
	at com.kms.katalon.core.webservice.keyword.WSBuiltInKeywords.verifyElementPropertyValue(WSBuiltInKeywords.groovy:123)
	at com.kms.katalon.core.webservice.keyword.WSBuiltInKeywords$verifyElementPropertyValue$1.call(Unknown Source)
	at 03ViewProfile.run(03ViewProfile:42)
	at com.kms.katalon.core.main.ScriptEngine.run(ScriptEngine.java:194)
	at com.kms.katalon.core.main.ScriptEngine.runScriptAsRawText(ScriptEngine.java:119)
	at com.kms.katalon.core.main.TestCaseExecutor.runScript(TestCaseExecutor.java:328)
	at com.kms.katalon.core.main.TestCaseExecutor.doExecute(TestCaseExecutor.java:319)
	at com.kms.katalon.core.main.TestCaseExecutor.processExecutionPhase(TestCaseExecutor.java:298)
	at com.kms.katalon.core.main.TestCaseExecutor.accessMainPhase(TestCaseExecutor.java:290)
	at com.kms.katalon.core.main.TestCaseExecutor.execute(TestCaseExecutor.java:224)
	at com.kms.katalon.core.main.TestSuiteExecutor.accessTestCaseMainPhase(TestSuiteExecutor.java:129)
	at com.kms.katalon.core.main.TestSuiteExecutor.accessTestSuiteMainPhase(TestSuiteExecutor.java:112)
	at com.kms.katalon.core.main.TestSuiteExecutor.execute(TestSuiteExecutor.java:81)
	at com.kms.katalon.core.main.TestCaseMain.startTestSuite(TestCaseMain.java:149)
	at com.kms.katalon.core.main.TestCaseMain$startTestSuite$0.call(Unknown Source)
	at TempTestSuite1550049898086.run(TempTestSuite1550049898086.groovy:36)
"/>
         <system-out><![CDATA[2019-02-13 16:25:12 - [TEST_CASE][FAILED] - Test Cases/ITSupporter/03ViewProfile: Test Cases/ITSupporter/03ViewProfile FAILED.
Reason:
com.kms.katalon.core.exception.StepFailedException: Expected element property value 'true' is not equal with actual property value 'null'
	at com.kms.katalon.core.keyword.internal.KeywordMain.stepFailed(KeywordMain.groovy:32)
	at com.kms.katalon.core.webservice.keyword.builtin.VerifyElementPropertyValueKeyword$_verifyElementPropertyValue_closure1.doCall(VerifyElementPropertyValueKeyword.groovy:56)
	at com.kms.katalon.core.webservice.keyword.builtin.VerifyElementPropertyValueKeyword$_verifyElementPropertyValue_closure1.call(VerifyElementPropertyValueKeyword.groovy)
	at com.kms.katalon.core.keyword.internal.KeywordMain.runKeyword(KeywordMain.groovy:54)
	at com.kms.katalon.core.webservice.keyword.builtin.VerifyElementPropertyValueKeyword.verifyElementPropertyValue(VerifyElementPropertyValueKeyword.groovy:48)
	at com.kms.katalon.core.webservice.keyword.builtin.VerifyElementPropertyValueKeyword.execute(VerifyElementPropertyValueKeyword.groovy:43)
	at com.kms.katalon.core.keyword.internal.KeywordExecutor.executeKeywordForPlatform(KeywordExecutor.groovy:53)
	at com.kms.katalon.core.webservice.keyword.WSBuiltInKeywords.verifyElementPropertyValue(WSBuiltInKeywords.groovy:123)
	at com.kms.katalon.core.webservice.keyword.WSBuiltInKeywords$verifyElementPropertyValue$1.call(Unknown Source)
	at 03ViewProfile.run(03ViewProfile:42)
	at com.kms.katalon.core.main.ScriptEngine.run(ScriptEngine.java:194)
	at com.kms.katalon.core.main.ScriptEngine.runScriptAsRawText(ScriptEngine.java:119)
	at com.kms.katalon.core.main.TestCaseExecutor.runScript(TestCaseExecutor.java:328)
	at com.kms.katalon.core.main.TestCaseExecutor.doExecute(TestCaseExecutor.java:319)
	at com.kms.katalon.core.main.TestCaseExecutor.processExecutionPhase(TestCaseExecutor.java:298)
	at com.kms.katalon.core.main.TestCaseExecutor.accessMainPhase(TestCaseExecutor.java:290)
	at com.kms.katalon.core.main.TestCaseExecutor.execute(TestCaseExecutor.java:224)
	at com.kms.katalon.core.main.TestSuiteExecutor.accessTestCaseMainPhase(TestSuiteExecutor.java:129)
	at com.kms.katalon.core.main.TestSuiteExecutor.accessTestSuiteMainPhase(TestSuiteExecutor.java:112)
	at com.kms.katalon.core.main.TestSuiteExecutor.execute(TestSuiteExecutor.java:81)
	at com.kms.katalon.core.main.TestCaseMain.startTestSuite(TestCaseMain.java:149)
	at com.kms.katalon.core.main.TestCaseMain$startTestSuite$0.call(Unknown Source)
	at TempTestSuite1550049898086.run(TempTestSuite1550049898086.groovy:36)


2019-02-13 16:25:12 - [TEST_STEP][PASSED] - response = sendRequest(findTestObject("ITSupporter/03ViewProfile")): Send request successfully

2019-02-13 16:25:12 - [MESSAGE][PASSED] - Send request successfully

2019-02-13 16:25:12 - [TEST_STEP][PASSED] - verifyResponseStatusCode(response, 200): Verify response status code successfully

2019-02-13 16:25:12 - [MESSAGE][PASSED] - Verify response status code successfully

2019-02-13 16:25:12 - [TEST_STEP][PASSED] - verifyElementPropertyValue(response, "ObjReturn.NumericalOrder", 0): Verify element property value successfully

2019-02-13 16:25:12 - [MESSAGE][PASSED] - Verify element property value successfully

2019-02-13 16:25:12 - [TEST_STEP][PASSED] - verifyElementPropertyValue(response, "ObjReturn.ITSupporterId", 1): Verify element property value successfully

2019-02-13 16:25:12 - [MESSAGE][PASSED] - Verify element property value successfully

2019-02-13 16:25:12 - [TEST_STEP][PASSED] - verifyElementPropertyValue(response, "ObjReturn.ITSupporterName", "Lê Hồng Ân"): Verify element property value successfully

2019-02-13 16:25:13 - [MESSAGE][PASSED] - Verify element property value successfully

2019-02-13 16:25:13 - [TEST_STEP][PASSED] - verifyElementPropertyValue(response, "ObjReturn.AccountId", 2): Verify element property value successfully

2019-02-13 16:25:13 - [MESSAGE][PASSED] - Verify element property value successfully

2019-02-13 16:25:13 - [TEST_STEP][PASSED] - verifyElementPropertyValue(response, "ObjReturn.Username", "lehongan"): Verify element property value successfully

2019-02-13 16:25:13 - [MESSAGE][PASSED] - Verify element property value successfully

2019-02-13 16:25:13 - [TEST_STEP][PASSED] - verifyElementPropertyValue(response, "ObjReturn.OldUsername", null): Verify element property value successfully

2019-02-13 16:25:13 - [MESSAGE][PASSED] - Verify element property value successfully

2019-02-13 16:25:13 - [TEST_STEP][PASSED] - verifyElementPropertyValue(response, "ObjReturn.Telephone", "0152012421"): Verify element property value successfully

2019-02-13 16:25:13 - [MESSAGE][PASSED] - Verify element property value successfully

2019-02-13 16:25:13 - [TEST_STEP][PASSED] - verifyElementPropertyValue(response, "ObjReturn.Gender", "Nam"): Verify element property value successfully

2019-02-13 16:25:13 - [MESSAGE][PASSED] - Verify element property value successfully

2019-02-13 16:25:13 - [TEST_STEP][PASSED] - verifyElementPropertyValue(response, "ObjReturn.Address", "742 Lê Đức Thọ"): Verify element property value successfully

2019-02-13 16:25:13 - [MESSAGE][PASSED] - Verify element property value successfully

2019-02-13 16:25:13 - [TEST_STEP][PASSED] - verifyElementPropertyValue(response, "ObjReturn.RatingAVG", 4.4375): Verify element property value successfully

2019-02-13 16:25:13 - [MESSAGE][PASSED] - Verify element property value successfully

2019-02-13 16:25:13 - [TEST_STEP][PASSED] - verifyElementPropertyValue(response, "ObjReturn.IsBusy", "Đang bận!"): Verify element property value successfully

2019-02-13 16:25:13 - [MESSAGE][PASSED] - Verify element property value successfully

2019-02-13 16:25:13 - [TEST_STEP][FAILED] - verifyElementPropertyValue(response, "ObjReturn.IsBusyValue", true): Expected element property value 'true' is not equal with actual property value 'null'

2019-02-13 16:25:13 - [MESSAGE][FAILED] - Expected element property value 'true' is not equal with actual property value 'null'

2019-02-13 16:25:13 - [TEST_STEP][PASSED] - verifyElementPropertyValue(response, "ObjReturn.IsDelete", false): Verify element property value successfully

2019-02-13 16:25:13 - [MESSAGE][PASSED] - Verify element property value successfully

2019-02-13 16:25:13 - [TEST_STEP][FAILED] - verifyElementPropertyValue(response, "ObjReturn.IsOnline", false): Expected element property value 'false' is not equal with actual property value 'đang online'

2019-02-13 16:25:13 - [MESSAGE][FAILED] - Expected element property value 'false' is not equal with actual property value 'đang online'

2019-02-13 16:25:13 - [TEST_STEP][FAILED] - verifyElementPropertyValue(response, "ObjReturn.CreateDate", "00:00 03/10/2018"): Expected element property value '00:00 03/10/2018' is not equal with actual property value '01:00 03/10/2018'

2019-02-13 16:25:14 - [MESSAGE][FAILED] - Expected element property value '00:00 03/10/2018' is not equal with actual property value '01:00 03/10/2018'

2019-02-13 16:25:14 - [TEST_STEP][PASSED] - verifyElementPropertyValue(response, "ObjReturn.UpdateDate", "15:45 17/01/2019"): Verify element property value successfully

2019-02-13 16:25:14 - [MESSAGE][PASSED] - Verify element property value successfully

2019-02-13 16:25:14 - [TEST_STEP][PASSED] - verifyElementPropertyValue(response, "ObjReturn.RequestWattingForAccept", 0): Verify element property value successfully

2019-02-13 16:25:14 - [MESSAGE][PASSED] - Verify element property value successfully

2019-02-13 16:25:14 - [TEST_STEP][PASSED] - verifyElementPropertyValue(response, "ObjReturn.ServiceITSupportName", null): Verify element property value successfully

2019-02-13 16:25:14 - [MESSAGE][PASSED] - Verify element property value successfully

2019-02-13 16:25:14 - [TEST_STEP][FAILED] - verifyElementPropertyValue(response, "ObjReturn.Password", "123456"): Expected element property value '123456' is not equal with actual property value 'e10adc3949ba59abbe56e057f20f883e'

2019-02-13 16:25:14 - [MESSAGE][FAILED] - Expected element property value '123456' is not equal with actual property value 'e10adc3949ba59abbe56e057f20f883e'

2019-02-13 16:25:14 - [TEST_STEP][PASSED] - verifyElementPropertyValue(response, "ObjReturn.MonthExperience", null): Verify element property value successfully

2019-02-13 16:25:14 - [MESSAGE][PASSED] - Verify element property value successfully

2019-02-13 16:25:14 - [TEST_STEP][PASSED] - verifyElementPropertyValue(response, "ObjReturn.ServiceITSupportId", 0): Verify element property value successfully

2019-02-13 16:25:14 - [MESSAGE][PASSED] - Verify element property value successfully

2019-02-13 16:25:14 - [TEST_STEP][PASSED] - verifyElementPropertyValue(response, "ObjReturn.RoleId", 2): Verify element property value successfully

2019-02-13 16:25:14 - [MESSAGE][PASSED] - Verify element property value successfully

2019-02-13 16:25:14 - [TEST_STEP][FAILED] - verifyElementPropertyValue(response, "ObjReturn.RoleName", "ITSupporter"): verifyElementPropertyValue(response, "ObjReturn.RoleName", "ITSupporter") FAILED.
Reason:
com.kms.katalon.core.exception.StepFailedException: Expected element property value 'true' is not equal with actual property value 'null'
	at com.kms.katalon.core.keyword.internal.KeywordMain.stepFailed(KeywordMain.groovy:32)
	at com.kms.katalon.core.webservice.keyword.builtin.VerifyElementPropertyValueKeyword$_verifyElementPropertyValue_closure1.doCall(VerifyElementPropertyValueKeyword.groovy:56)
	at com.kms.katalon.core.webservice.keyword.builtin.VerifyElementPropertyValueKeyword$_verifyElementPropertyValue_closure1.call(VerifyElementPropertyValueKeyword.groovy)
	at com.kms.katalon.core.keyword.internal.KeywordMain.runKeyword(KeywordMain.groovy:54)
	at com.kms.katalon.core.webservice.keyword.builtin.VerifyElementPropertyValueKeyword.verifyElementPropertyValue(VerifyElementPropertyValueKeyword.groovy:48)
	at com.kms.katalon.core.webservice.keyword.builtin.VerifyElementPropertyValueKeyword.execute(VerifyElementPropertyValueKeyword.groovy:43)
	at com.kms.katalon.core.keyword.internal.KeywordExecutor.executeKeywordForPlatform(KeywordExecutor.groovy:53)
	at com.kms.katalon.core.webservice.keyword.WSBuiltInKeywords.verifyElementPropertyValue(WSBuiltInKeywords.groovy:123)
	at com.kms.katalon.core.webservice.keyword.WSBuiltInKeywords$verifyElementPropertyValue$1.call(Unknown Source)
	at 03ViewProfile.run(03ViewProfile:42)
	at com.kms.katalon.core.main.ScriptEngine.run(ScriptEngine.java:194)
	at com.kms.katalon.core.main.ScriptEngine.runScriptAsRawText(ScriptEngine.java:119)
	at com.kms.katalon.core.main.TestCaseExecutor.runScript(TestCaseExecutor.java:328)
	at com.kms.katalon.core.main.TestCaseExecutor.doExecute(TestCaseExecutor.java:319)
	at com.kms.katalon.core.main.TestCaseExecutor.processExecutionPhase(TestCaseExecutor.java:298)
	at com.kms.katalon.core.main.TestCaseExecutor.accessMainPhase(TestCaseExecutor.java:290)
	at com.kms.katalon.core.main.TestCaseExecutor.execute(TestCaseExecutor.java:224)
	at com.kms.katalon.core.main.TestSuiteExecutor.accessTestCaseMainPhase(TestSuiteExecutor.java:129)
	at com.kms.katalon.core.main.TestSuiteExecutor.accessTestSuiteMainPhase(TestSuiteExecutor.java:112)
	at com.kms.katalon.core.main.TestSuiteExecutor.execute(TestSuiteExecutor.java:81)
	at com.kms.katalon.core.main.TestCaseMain.startTestSuite(TestCaseMain.java:149)
	at com.kms.katalon.core.main.TestCaseMain$startTestSuite$0.call(Unknown Source)
	at TempTestSuite1550049898086.run(TempTestSuite1550049898086.groovy:36)


2019-02-13 16:25:14 - [MESSAGE][PASSED] - Verify element property value successfully

2019-02-13 16:25:14 - [MESSAGE][FAILED] - verifyElementPropertyValue(response, "ObjReturn.RoleName", "ITSupporter") FAILED.
Reason:
com.kms.katalon.core.exception.StepFailedException: Expected element property value 'true' is not equal with actual property value 'null'
	at com.kms.katalon.core.keyword.internal.KeywordMain.stepFailed(KeywordMain.groovy:32)
	at com.kms.katalon.core.webservice.keyword.builtin.VerifyElementPropertyValueKeyword$_verifyElementPropertyValue_closure1.doCall(VerifyElementPropertyValueKeyword.groovy:56)
	at com.kms.katalon.core.webservice.keyword.builtin.VerifyElementPropertyValueKeyword$_verifyElementPropertyValue_closure1.call(VerifyElementPropertyValueKeyword.groovy)
	at com.kms.katalon.core.keyword.internal.KeywordMain.runKeyword(KeywordMain.groovy:54)
	at com.kms.katalon.core.webservice.keyword.builtin.VerifyElementPropertyValueKeyword.verifyElementPropertyValue(VerifyElementPropertyValueKeyword.groovy:48)
	at com.kms.katalon.core.webservice.keyword.builtin.VerifyElementPropertyValueKeyword.execute(VerifyElementPropertyValueKeyword.groovy:43)
	at com.kms.katalon.core.keyword.internal.KeywordExecutor.executeKeywordForPlatform(KeywordExecutor.groovy:53)
	at com.kms.katalon.core.webservice.keyword.WSBuiltInKeywords.verifyElementPropertyValue(WSBuiltInKeywords.groovy:123)
	at com.kms.katalon.core.webservice.keyword.WSBuiltInKeywords$verifyElementPropertyValue$1.call(Unknown Source)
	at 03ViewProfile.run(03ViewProfile:42)
	at com.kms.katalon.core.main.ScriptEngine.run(ScriptEngine.java:194)
	at com.kms.katalon.core.main.ScriptEngine.runScriptAsRawText(ScriptEngine.java:119)
	at com.kms.katalon.core.main.TestCaseExecutor.runScript(TestCaseExecutor.java:328)
	at com.kms.katalon.core.main.TestCaseExecutor.doExecute(TestCaseExecutor.java:319)
	at com.kms.katalon.core.main.TestCaseExecutor.processExecutionPhase(TestCaseExecutor.java:298)
	at com.kms.katalon.core.main.TestCaseExecutor.accessMainPhase(TestCaseExecutor.java:290)
	at com.kms.katalon.core.main.TestCaseExecutor.execute(TestCaseExecutor.java:224)
	at com.kms.katalon.core.main.TestSuiteExecutor.accessTestCaseMainPhase(TestSuiteExecutor.java:129)
	at com.kms.katalon.core.main.TestSuiteExecutor.accessTestSuiteMainPhase(TestSuiteExecutor.java:112)
	at com.kms.katalon.core.main.TestSuiteExecutor.execute(TestSuiteExecutor.java:81)
	at com.kms.katalon.core.main.TestCaseMain.startTestSuite(TestCaseMain.java:149)
	at com.kms.katalon.core.main.TestCaseMain$startTestSuite$0.call(Unknown Source)
	at TempTestSuite1550049898086.run(TempTestSuite1550049898086.groovy:36)]]></system-out>
         <system-err><![CDATA[2019-02-13 16:25:12 - [TEST_CASE][FAILED] - Test Cases/ITSupporter/03ViewProfile: Test Cases/ITSupporter/03ViewProfile FAILED.
Reason:
com.kms.katalon.core.exception.StepFailedException: Expected element property value 'true' is not equal with actual property value 'null'
	at com.kms.katalon.core.keyword.internal.KeywordMain.stepFailed(KeywordMain.groovy:32)
	at com.kms.katalon.core.webservice.keyword.builtin.VerifyElementPropertyValueKeyword$_verifyElementPropertyValue_closure1.doCall(VerifyElementPropertyValueKeyword.groovy:56)
	at com.kms.katalon.core.webservice.keyword.builtin.VerifyElementPropertyValueKeyword$_verifyElementPropertyValue_closure1.call(VerifyElementPropertyValueKeyword.groovy)
	at com.kms.katalon.core.keyword.internal.KeywordMain.runKeyword(KeywordMain.groovy:54)
	at com.kms.katalon.core.webservice.keyword.builtin.VerifyElementPropertyValueKeyword.verifyElementPropertyValue(VerifyElementPropertyValueKeyword.groovy:48)
	at com.kms.katalon.core.webservice.keyword.builtin.VerifyElementPropertyValueKeyword.execute(VerifyElementPropertyValueKeyword.groovy:43)
	at com.kms.katalon.core.keyword.internal.KeywordExecutor.executeKeywordForPlatform(KeywordExecutor.groovy:53)
	at com.kms.katalon.core.webservice.keyword.WSBuiltInKeywords.verifyElementPropertyValue(WSBuiltInKeywords.groovy:123)
	at com.kms.katalon.core.webservice.keyword.WSBuiltInKeywords$verifyElementPropertyValue$1.call(Unknown Source)
	at 03ViewProfile.run(03ViewProfile:42)
	at com.kms.katalon.core.main.ScriptEngine.run(ScriptEngine.java:194)
	at com.kms.katalon.core.main.ScriptEngine.runScriptAsRawText(ScriptEngine.java:119)
	at com.kms.katalon.core.main.TestCaseExecutor.runScript(TestCaseExecutor.java:328)
	at com.kms.katalon.core.main.TestCaseExecutor.doExecute(TestCaseExecutor.java:319)
	at com.kms.katalon.core.main.TestCaseExecutor.processExecutionPhase(TestCaseExecutor.java:298)
	at com.kms.katalon.core.main.TestCaseExecutor.accessMainPhase(TestCaseExecutor.java:290)
	at com.kms.katalon.core.main.TestCaseExecutor.execute(TestCaseExecutor.java:224)
	at com.kms.katalon.core.main.TestSuiteExecutor.accessTestCaseMainPhase(TestSuiteExecutor.java:129)
	at com.kms.katalon.core.main.TestSuiteExecutor.accessTestSuiteMainPhase(TestSuiteExecutor.java:112)
	at com.kms.katalon.core.main.TestSuiteExecutor.execute(TestSuiteExecutor.java:81)
	at com.kms.katalon.core.main.TestCaseMain.startTestSuite(TestCaseMain.java:149)
	at com.kms.katalon.core.main.TestCaseMain$startTestSuite$0.call(Unknown Source)
	at TempTestSuite1550049898086.run(TempTestSuite1550049898086.groovy:36)]]></system-err>
      </testcase>
      <testcase name="Test Cases/ITSupporter/09AllTaskByRequestID" classname="Test Cases/ITSupporter/09AllTaskByRequestID" status="FAILED">
         <failure type="FAILED" message="Test Cases/ITSupporter/09AllTaskByRequestID FAILED.
Reason:
com.kms.katalon.core.exception.StepFailedException: Expected element property value '00:00 10/10/2019' is not equal with actual property value '10/10/2019 12:00:00 AM'
	at com.kms.katalon.core.keyword.internal.KeywordMain.stepFailed(KeywordMain.groovy:32)
	at com.kms.katalon.core.webservice.keyword.builtin.VerifyElementPropertyValueKeyword$_verifyElementPropertyValue_closure1.doCall(VerifyElementPropertyValueKeyword.groovy:56)
	at com.kms.katalon.core.webservice.keyword.builtin.VerifyElementPropertyValueKeyword$_verifyElementPropertyValue_closure1.call(VerifyElementPropertyValueKeyword.groovy)
	at com.kms.katalon.core.keyword.internal.KeywordMain.runKeyword(KeywordMain.groovy:54)
	at com.kms.katalon.core.webservice.keyword.builtin.VerifyElementPropertyValueKeyword.verifyElementPropertyValue(VerifyElementPropertyValueKeyword.groovy:48)
	at com.kms.katalon.core.webservice.keyword.builtin.VerifyElementPropertyValueKeyword.execute(VerifyElementPropertyValueKeyword.groovy:43)
	at com.kms.katalon.core.keyword.internal.KeywordExecutor.executeKeywordForPlatform(KeywordExecutor.groovy:53)
	at com.kms.katalon.core.webservice.keyword.WSBuiltInKeywords.verifyElementPropertyValue(WSBuiltInKeywords.groovy:123)
	at com.kms.katalon.core.webservice.keyword.WSBuiltInKeywords$verifyElementPropertyValue$1.call(Unknown Source)
	at 09AllTaskByRequestID.run(09AllTaskByRequestID:30)
	at com.kms.katalon.core.main.ScriptEngine.run(ScriptEngine.java:194)
	at com.kms.katalon.core.main.ScriptEngine.runScriptAsRawText(ScriptEngine.java:119)
	at com.kms.katalon.core.main.TestCaseExecutor.runScript(TestCaseExecutor.java:328)
	at com.kms.katalon.core.main.TestCaseExecutor.doExecute(TestCaseExecutor.java:319)
	at com.kms.katalon.core.main.TestCaseExecutor.processExecutionPhase(TestCaseExecutor.java:298)
	at com.kms.katalon.core.main.TestCaseExecutor.accessMainPhase(TestCaseExecutor.java:290)
	at com.kms.katalon.core.main.TestCaseExecutor.execute(TestCaseExecutor.java:224)
	at com.kms.katalon.core.main.TestSuiteExecutor.accessTestCaseMainPhase(TestSuiteExecutor.java:129)
	at com.kms.katalon.core.main.TestSuiteExecutor.accessTestSuiteMainPhase(TestSuiteExecutor.java:112)
	at com.kms.katalon.core.main.TestSuiteExecutor.execute(TestSuiteExecutor.java:81)
	at com.kms.katalon.core.main.TestCaseMain.startTestSuite(TestCaseMain.java:149)
	at com.kms.katalon.core.main.TestCaseMain$startTestSuite$0.call(Unknown Source)
	at TempTestSuite1550049898086.run(TempTestSuite1550049898086.groovy:36)
"/>
         <system-out><![CDATA[2019-02-13 16:25:14 - [TEST_CASE][FAILED] - Test Cases/ITSupporter/09AllTaskByRequestID: Test Cases/ITSupporter/09AllTaskByRequestID FAILED.
Reason:
com.kms.katalon.core.exception.StepFailedException: Expected element property value '00:00 10/10/2019' is not equal with actual property value '10/10/2019 12:00:00 AM'
	at com.kms.katalon.core.keyword.internal.KeywordMain.stepFailed(KeywordMain.groovy:32)
	at com.kms.katalon.core.webservice.keyword.builtin.VerifyElementPropertyValueKeyword$_verifyElementPropertyValue_closure1.doCall(VerifyElementPropertyValueKeyword.groovy:56)
	at com.kms.katalon.core.webservice.keyword.builtin.VerifyElementPropertyValueKeyword$_verifyElementPropertyValue_closure1.call(VerifyElementPropertyValueKeyword.groovy)
	at com.kms.katalon.core.keyword.internal.KeywordMain.runKeyword(KeywordMain.groovy:54)
	at com.kms.katalon.core.webservice.keyword.builtin.VerifyElementPropertyValueKeyword.verifyElementPropertyValue(VerifyElementPropertyValueKeyword.groovy:48)
	at com.kms.katalon.core.webservice.keyword.builtin.VerifyElementPropertyValueKeyword.execute(VerifyElementPropertyValueKeyword.groovy:43)
	at com.kms.katalon.core.keyword.internal.KeywordExecutor.executeKeywordForPlatform(KeywordExecutor.groovy:53)
	at com.kms.katalon.core.webservice.keyword.WSBuiltInKeywords.verifyElementPropertyValue(WSBuiltInKeywords.groovy:123)
	at com.kms.katalon.core.webservice.keyword.WSBuiltInKeywords$verifyElementPropertyValue$1.call(Unknown Source)
	at 09AllTaskByRequestID.run(09AllTaskByRequestID:30)
	at com.kms.katalon.core.main.ScriptEngine.run(ScriptEngine.java:194)
	at com.kms.katalon.core.main.ScriptEngine.runScriptAsRawText(ScriptEngine.java:119)
	at com.kms.katalon.core.main.TestCaseExecutor.runScript(TestCaseExecutor.java:328)
	at com.kms.katalon.core.main.TestCaseExecutor.doExecute(TestCaseExecutor.java:319)
	at com.kms.katalon.core.main.TestCaseExecutor.processExecutionPhase(TestCaseExecutor.java:298)
	at com.kms.katalon.core.main.TestCaseExecutor.accessMainPhase(TestCaseExecutor.java:290)
	at com.kms.katalon.core.main.TestCaseExecutor.execute(TestCaseExecutor.java:224)
	at com.kms.katalon.core.main.TestSuiteExecutor.accessTestCaseMainPhase(TestSuiteExecutor.java:129)
	at com.kms.katalon.core.main.TestSuiteExecutor.accessTestSuiteMainPhase(TestSuiteExecutor.java:112)
	at com.kms.katalon.core.main.TestSuiteExecutor.execute(TestSuiteExecutor.java:81)
	at com.kms.katalon.core.main.TestCaseMain.startTestSuite(TestCaseMain.java:149)
	at com.kms.katalon.core.main.TestCaseMain$startTestSuite$0.call(Unknown Source)
	at TempTestSuite1550049898086.run(TempTestSuite1550049898086.groovy:36)


2019-02-13 16:25:14 - [TEST_STEP][PASSED] - a = sendRequest(findTestObject("ITSupporter/09AllTaskByRequestID")): Send request successfully

2019-02-13 16:25:14 - [MESSAGE][PASSED] - Send request successfully

2019-02-13 16:25:15 - [TEST_STEP][PASSED] - verifyResponseStatusCode(a, 200): Verify response status code successfully

2019-02-13 16:25:15 - [MESSAGE][PASSED] - Verify response status code successfully

2019-02-13 16:25:15 - [TEST_STEP][PASSED] - verifyElementPropertyValue(a, "ObjReturn[0].RequestId", 1): Verify element property value successfully

2019-02-13 16:25:15 - [MESSAGE][PASSED] - Verify element property value successfully

2019-02-13 16:25:15 - [TEST_STEP][PASSED] - verifyElementPropertyValue(a, "ObjReturn[0].RequestTaskId", 1): Verify element property value successfully

2019-02-13 16:25:15 - [MESSAGE][PASSED] - Verify element property value successfully

2019-02-13 16:25:15 - [TEST_STEP][PASSED] - verifyElementPropertyValue(a, "ObjReturn[0].TaskStatus", 1): Verify element property value successfully

2019-02-13 16:25:15 - [MESSAGE][PASSED] - Verify element property value successfully

2019-02-13 16:25:15 - [TEST_STEP][PASSED] - verifyElementPropertyValue(a, "ObjReturn[0].TaskDetail", "anh"): Verify element property value successfully

2019-02-13 16:25:15 - [MESSAGE][PASSED] - Verify element property value successfully

2019-02-13 16:25:15 - [TEST_STEP][PASSED] - verifyElementPropertyValue(a, "ObjReturn[0].CreateByITSupporter", 1): Verify element property value successfully

2019-02-13 16:25:15 - [MESSAGE][PASSED] - Verify element property value successfully

2019-02-13 16:25:15 - [TEST_STEP][FAILED] - verifyElementPropertyValue(a, "ObjReturn[0].StartTime", "00:00 10/10/2019"): Expected element property value '00:00 10/10/2019' is not equal with actual property value '10/10/2019 12:00:00 AM'

2019-02-13 16:25:15 - [MESSAGE][FAILED] - Expected element property value '00:00 10/10/2019' is not equal with actual property value '10/10/2019 12:00:00 AM'

2019-02-13 16:25:15 - [TEST_STEP][FAILED] - verifyElementPropertyValue(a, "ObjReturn[0].EndTime", "00:00 11/10/2019"): Expected element property value '00:00 11/10/2019' is not equal with actual property value '10/11/2019 12:00:00 AM'

2019-02-13 16:25:15 - [MESSAGE][FAILED] - Expected element property value '00:00 11/10/2019' is not equal with actual property value '10/11/2019 12:00:00 AM'

2019-02-13 16:25:15 - [TEST_STEP][FAILED] - verifyElementPropertyValue(a, "ObjReturn[0].Priority", 1): Expected element property value '1' is not equal with actual property value '0'

2019-02-13 16:25:15 - [MESSAGE][FAILED] - Expected element property value '1' is not equal with actual property value '0'

2019-02-13 16:25:15 - [TEST_STEP][FAILED] - verifyElementPropertyValue(a, "ObjReturn[0].PreTaskCondition", 2): Expected element property value '2' is not equal with actual property value '0'

2019-02-13 16:25:15 - [MESSAGE][FAILED] - Expected element property value '2' is not equal with actual property value '0'

2019-02-13 16:25:15 - [TEST_STEP][PASSED] - verifyElementPropertyValue(a, "ObjReturn[1].RequestId", 1): Verify element property value successfully

2019-02-13 16:25:15 - [MESSAGE][PASSED] - Verify element property value successfully

2019-02-13 16:25:15 - [TEST_STEP][PASSED] - verifyElementPropertyValue(a, "ObjReturn[1].RequestTaskId", 4): Verify element property value successfully

2019-02-13 16:25:15 - [MESSAGE][PASSED] - Verify element property value successfully

2019-02-13 16:25:15 - [TEST_STEP][PASSED] - verifyElementPropertyValue(a, "ObjReturn[1].TaskStatus", 2): Verify element property value successfully

2019-02-13 16:25:15 - [MESSAGE][PASSED] - Verify element property value successfully

2019-02-13 16:25:15 - [TEST_STEP][PASSED] - verifyElementPropertyValue(a, "ObjReturn[1].TaskDetail", "nguyen"): Verify element property value successfully

2019-02-13 16:25:15 - [MESSAGE][PASSED] - Verify element property value successfully

2019-02-13 16:25:15 - [TEST_STEP][PASSED] - verifyElementPropertyValue(a, "ObjReturn[1].CreateByITSupporter", 3): Verify element property value successfully

2019-02-13 16:25:15 - [MESSAGE][PASSED] - Verify element property value successfully

2019-02-13 16:25:15 - [TEST_STEP][FAILED] - verifyElementPropertyValue(a, "ObjReturn[1].StartTime", "00:00 04/04/2019"): Expected element property value '00:00 04/04/2019' is not equal with actual property value '4/4/2019 12:00:00 AM'

2019-02-13 16:25:15 - [MESSAGE][FAILED] - Expected element property value '00:00 04/04/2019' is not equal with actual property value '4/4/2019 12:00:00 AM'

2019-02-13 16:25:15 - [TEST_STEP][FAILED] - verifyElementPropertyValue(a, "ObjReturn[1].EndTime", "00:00 01/08/2019"): Expected element property value '00:00 01/08/2019' is not equal with actual property value '8/1/2019 12:00:00 AM'

2019-02-13 16:25:15 - [MESSAGE][FAILED] - Expected element property value '00:00 01/08/2019' is not equal with actual property value '8/1/2019 12:00:00 AM'

2019-02-13 16:25:15 - [TEST_STEP][FAILED] - verifyElementPropertyValue(a, "ObjReturn[1].Priority", 3): Expected element property value '3' is not equal with actual property value '0'

2019-02-13 16:25:15 - [MESSAGE][FAILED] - Expected element property value '3' is not equal with actual property value '0'

2019-02-13 16:25:15 - [TEST_STEP][FAILED] - verifyElementPropertyValue(a, "ObjReturn[1].PreTaskCondition", 4): verifyElementPropertyValue(a, "ObjReturn[1].PreTaskCondition", 4) FAILED.
Reason:
com.kms.katalon.core.exception.StepFailedException: Expected element property value '00:00 10/10/2019' is not equal with actual property value '10/10/2019 12:00:00 AM'
	at com.kms.katalon.core.keyword.internal.KeywordMain.stepFailed(KeywordMain.groovy:32)
	at com.kms.katalon.core.webservice.keyword.builtin.VerifyElementPropertyValueKeyword$_verifyElementPropertyValue_closure1.doCall(VerifyElementPropertyValueKeyword.groovy:56)
	at com.kms.katalon.core.webservice.keyword.builtin.VerifyElementPropertyValueKeyword$_verifyElementPropertyValue_closure1.call(VerifyElementPropertyValueKeyword.groovy)
	at com.kms.katalon.core.keyword.internal.KeywordMain.runKeyword(KeywordMain.groovy:54)
	at com.kms.katalon.core.webservice.keyword.builtin.VerifyElementPropertyValueKeyword.verifyElementPropertyValue(VerifyElementPropertyValueKeyword.groovy:48)
	at com.kms.katalon.core.webservice.keyword.builtin.VerifyElementPropertyValueKeyword.execute(VerifyElementPropertyValueKeyword.groovy:43)
	at com.kms.katalon.core.keyword.internal.KeywordExecutor.executeKeywordForPlatform(KeywordExecutor.groovy:53)
	at com.kms.katalon.core.webservice.keyword.WSBuiltInKeywords.verifyElementPropertyValue(WSBuiltInKeywords.groovy:123)
	at com.kms.katalon.core.webservice.keyword.WSBuiltInKeywords$verifyElementPropertyValue$1.call(Unknown Source)
	at 09AllTaskByRequestID.run(09AllTaskByRequestID:30)
	at com.kms.katalon.core.main.ScriptEngine.run(ScriptEngine.java:194)
	at com.kms.katalon.core.main.ScriptEngine.runScriptAsRawText(ScriptEngine.java:119)
	at com.kms.katalon.core.main.TestCaseExecutor.runScript(TestCaseExecutor.java:328)
	at com.kms.katalon.core.main.TestCaseExecutor.doExecute(TestCaseExecutor.java:319)
	at com.kms.katalon.core.main.TestCaseExecutor.processExecutionPhase(TestCaseExecutor.java:298)
	at com.kms.katalon.core.main.TestCaseExecutor.accessMainPhase(TestCaseExecutor.java:290)
	at com.kms.katalon.core.main.TestCaseExecutor.execute(TestCaseExecutor.java:224)
	at com.kms.katalon.core.main.TestSuiteExecutor.accessTestCaseMainPhase(TestSuiteExecutor.java:129)
	at com.kms.katalon.core.main.TestSuiteExecutor.accessTestSuiteMainPhase(TestSuiteExecutor.java:112)
	at com.kms.katalon.core.main.TestSuiteExecutor.execute(TestSuiteExecutor.java:81)
	at com.kms.katalon.core.main.TestCaseMain.startTestSuite(TestCaseMain.java:149)
	at com.kms.katalon.core.main.TestCaseMain$startTestSuite$0.call(Unknown Source)
	at TempTestSuite1550049898086.run(TempTestSuite1550049898086.groovy:36)


2019-02-13 16:25:16 - [MESSAGE][FAILED] - Expected element property value '4' is not equal with actual property value '0'

2019-02-13 16:25:16 - [MESSAGE][FAILED] - verifyElementPropertyValue(a, "ObjReturn[1].PreTaskCondition", 4) FAILED.
Reason:
com.kms.katalon.core.exception.StepFailedException: Expected element property value '00:00 10/10/2019' is not equal with actual property value '10/10/2019 12:00:00 AM'
	at com.kms.katalon.core.keyword.internal.KeywordMain.stepFailed(KeywordMain.groovy:32)
	at com.kms.katalon.core.webservice.keyword.builtin.VerifyElementPropertyValueKeyword$_verifyElementPropertyValue_closure1.doCall(VerifyElementPropertyValueKeyword.groovy:56)
	at com.kms.katalon.core.webservice.keyword.builtin.VerifyElementPropertyValueKeyword$_verifyElementPropertyValue_closure1.call(VerifyElementPropertyValueKeyword.groovy)
	at com.kms.katalon.core.keyword.internal.KeywordMain.runKeyword(KeywordMain.groovy:54)
	at com.kms.katalon.core.webservice.keyword.builtin.VerifyElementPropertyValueKeyword.verifyElementPropertyValue(VerifyElementPropertyValueKeyword.groovy:48)
	at com.kms.katalon.core.webservice.keyword.builtin.VerifyElementPropertyValueKeyword.execute(VerifyElementPropertyValueKeyword.groovy:43)
	at com.kms.katalon.core.keyword.internal.KeywordExecutor.executeKeywordForPlatform(KeywordExecutor.groovy:53)
	at com.kms.katalon.core.webservice.keyword.WSBuiltInKeywords.verifyElementPropertyValue(WSBuiltInKeywords.groovy:123)
	at com.kms.katalon.core.webservice.keyword.WSBuiltInKeywords$verifyElementPropertyValue$1.call(Unknown Source)
	at 09AllTaskByRequestID.run(09AllTaskByRequestID:30)
	at com.kms.katalon.core.main.ScriptEngine.run(ScriptEngine.java:194)
	at com.kms.katalon.core.main.ScriptEngine.runScriptAsRawText(ScriptEngine.java:119)
	at com.kms.katalon.core.main.TestCaseExecutor.runScript(TestCaseExecutor.java:328)
	at com.kms.katalon.core.main.TestCaseExecutor.doExecute(TestCaseExecutor.java:319)
	at com.kms.katalon.core.main.TestCaseExecutor.processExecutionPhase(TestCaseExecutor.java:298)
	at com.kms.katalon.core.main.TestCaseExecutor.accessMainPhase(TestCaseExecutor.java:290)
	at com.kms.katalon.core.main.TestCaseExecutor.execute(TestCaseExecutor.java:224)
	at com.kms.katalon.core.main.TestSuiteExecutor.accessTestCaseMainPhase(TestSuiteExecutor.java:129)
	at com.kms.katalon.core.main.TestSuiteExecutor.accessTestSuiteMainPhase(TestSuiteExecutor.java:112)
	at com.kms.katalon.core.main.TestSuiteExecutor.execute(TestSuiteExecutor.java:81)
	at com.kms.katalon.core.main.TestCaseMain.startTestSuite(TestCaseMain.java:149)
	at com.kms.katalon.core.main.TestCaseMain$startTestSuite$0.call(Unknown Source)
	at TempTestSuite1550049898086.run(TempTestSuite1550049898086.groovy:36)]]></system-out>
         <system-err><![CDATA[2019-02-13 16:25:14 - [TEST_CASE][FAILED] - Test Cases/ITSupporter/09AllTaskByRequestID: Test Cases/ITSupporter/09AllTaskByRequestID FAILED.
Reason:
com.kms.katalon.core.exception.StepFailedException: Expected element property value '00:00 10/10/2019' is not equal with actual property value '10/10/2019 12:00:00 AM'
	at com.kms.katalon.core.keyword.internal.KeywordMain.stepFailed(KeywordMain.groovy:32)
	at com.kms.katalon.core.webservice.keyword.builtin.VerifyElementPropertyValueKeyword$_verifyElementPropertyValue_closure1.doCall(VerifyElementPropertyValueKeyword.groovy:56)
	at com.kms.katalon.core.webservice.keyword.builtin.VerifyElementPropertyValueKeyword$_verifyElementPropertyValue_closure1.call(VerifyElementPropertyValueKeyword.groovy)
	at com.kms.katalon.core.keyword.internal.KeywordMain.runKeyword(KeywordMain.groovy:54)
	at com.kms.katalon.core.webservice.keyword.builtin.VerifyElementPropertyValueKeyword.verifyElementPropertyValue(VerifyElementPropertyValueKeyword.groovy:48)
	at com.kms.katalon.core.webservice.keyword.builtin.VerifyElementPropertyValueKeyword.execute(VerifyElementPropertyValueKeyword.groovy:43)
	at com.kms.katalon.core.keyword.internal.KeywordExecutor.executeKeywordForPlatform(KeywordExecutor.groovy:53)
	at com.kms.katalon.core.webservice.keyword.WSBuiltInKeywords.verifyElementPropertyValue(WSBuiltInKeywords.groovy:123)
	at com.kms.katalon.core.webservice.keyword.WSBuiltInKeywords$verifyElementPropertyValue$1.call(Unknown Source)
	at 09AllTaskByRequestID.run(09AllTaskByRequestID:30)
	at com.kms.katalon.core.main.ScriptEngine.run(ScriptEngine.java:194)
	at com.kms.katalon.core.main.ScriptEngine.runScriptAsRawText(ScriptEngine.java:119)
	at com.kms.katalon.core.main.TestCaseExecutor.runScript(TestCaseExecutor.java:328)
	at com.kms.katalon.core.main.TestCaseExecutor.doExecute(TestCaseExecutor.java:319)
	at com.kms.katalon.core.main.TestCaseExecutor.processExecutionPhase(TestCaseExecutor.java:298)
	at com.kms.katalon.core.main.TestCaseExecutor.accessMainPhase(TestCaseExecutor.java:290)
	at com.kms.katalon.core.main.TestCaseExecutor.execute(TestCaseExecutor.java:224)
	at com.kms.katalon.core.main.TestSuiteExecutor.accessTestCaseMainPhase(TestSuiteExecutor.java:129)
	at com.kms.katalon.core.main.TestSuiteExecutor.accessTestSuiteMainPhase(TestSuiteExecutor.java:112)
	at com.kms.katalon.core.main.TestSuiteExecutor.execute(TestSuiteExecutor.java:81)
	at com.kms.katalon.core.main.TestCaseMain.startTestSuite(TestCaseMain.java:149)
	at com.kms.katalon.core.main.TestCaseMain$startTestSuite$0.call(Unknown Source)
	at TempTestSuite1550049898086.run(TempTestSuite1550049898086.groovy:36)]]></system-err>
      </testcase>
      <testcase name="Test Cases/ITSupporter/10TaskByRequestTaskID" classname="Test Cases/ITSupporter/10TaskByRequestTaskID" status="FAILED">
         <failure type="FAILED" message="Test Cases/ITSupporter/10TaskByRequestTaskID FAILED.
Reason:
com.kms.katalon.core.exception.StepFailedException: Expected element property value '2' is not equal with actual property value '1'
	at com.kms.katalon.core.keyword.internal.KeywordMain.stepFailed(KeywordMain.groovy:32)
	at com.kms.katalon.core.webservice.keyword.builtin.VerifyElementPropertyValueKeyword$_verifyElementPropertyValue_closure1.doCall(VerifyElementPropertyValueKeyword.groovy:56)
	at com.kms.katalon.core.webservice.keyword.builtin.VerifyElementPropertyValueKeyword$_verifyElementPropertyValue_closure1.call(VerifyElementPropertyValueKeyword.groovy)
	at com.kms.katalon.core.keyword.internal.KeywordMain.runKeyword(KeywordMain.groovy:54)
	at com.kms.katalon.core.webservice.keyword.builtin.VerifyElementPropertyValueKeyword.verifyElementPropertyValue(VerifyElementPropertyValueKeyword.groovy:48)
	at com.kms.katalon.core.webservice.keyword.builtin.VerifyElementPropertyValueKeyword.execute(VerifyElementPropertyValueKeyword.groovy:43)
	at com.kms.katalon.core.keyword.internal.KeywordExecutor.executeKeywordForPlatform(KeywordExecutor.groovy:53)
	at com.kms.katalon.core.webservice.keyword.WSBuiltInKeywords.verifyElementPropertyValue(WSBuiltInKeywords.groovy:123)
	at com.kms.katalon.core.webservice.keyword.WSBuiltInKeywords$verifyElementPropertyValue$1.call(Unknown Source)
	at 10TaskByRequestTaskID.run(10TaskByRequestTaskID:20)
	at com.kms.katalon.core.main.ScriptEngine.run(ScriptEngine.java:194)
	at com.kms.katalon.core.main.ScriptEngine.runScriptAsRawText(ScriptEngine.java:119)
	at com.kms.katalon.core.main.TestCaseExecutor.runScript(TestCaseExecutor.java:328)
	at com.kms.katalon.core.main.TestCaseExecutor.doExecute(TestCaseExecutor.java:319)
	at com.kms.katalon.core.main.TestCaseExecutor.processExecutionPhase(TestCaseExecutor.java:298)
	at com.kms.katalon.core.main.TestCaseExecutor.accessMainPhase(TestCaseExecutor.java:290)
	at com.kms.katalon.core.main.TestCaseExecutor.execute(TestCaseExecutor.java:224)
	at com.kms.katalon.core.main.TestSuiteExecutor.accessTestCaseMainPhase(TestSuiteExecutor.java:129)
	at com.kms.katalon.core.main.TestSuiteExecutor.accessTestSuiteMainPhase(TestSuiteExecutor.java:112)
	at com.kms.katalon.core.main.TestSuiteExecutor.execute(TestSuiteExecutor.java:81)
	at com.kms.katalon.core.main.TestCaseMain.startTestSuite(TestCaseMain.java:149)
	at com.kms.katalon.core.main.TestCaseMain$startTestSuite$0.call(Unknown Source)
	at TempTestSuite1550049898086.run(TempTestSuite1550049898086.groovy:36)
"/>
         <system-out><![CDATA[2019-02-13 16:25:16 - [TEST_CASE][FAILED] - Test Cases/ITSupporter/10TaskByRequestTaskID: Test Cases/ITSupporter/10TaskByRequestTaskID FAILED.
Reason:
com.kms.katalon.core.exception.StepFailedException: Expected element property value '2' is not equal with actual property value '1'
	at com.kms.katalon.core.keyword.internal.KeywordMain.stepFailed(KeywordMain.groovy:32)
	at com.kms.katalon.core.webservice.keyword.builtin.VerifyElementPropertyValueKeyword$_verifyElementPropertyValue_closure1.doCall(VerifyElementPropertyValueKeyword.groovy:56)
	at com.kms.katalon.core.webservice.keyword.builtin.VerifyElementPropertyValueKeyword$_verifyElementPropertyValue_closure1.call(VerifyElementPropertyValueKeyword.groovy)
	at com.kms.katalon.core.keyword.internal.KeywordMain.runKeyword(KeywordMain.groovy:54)
	at com.kms.katalon.core.webservice.keyword.builtin.VerifyElementPropertyValueKeyword.verifyElementPropertyValue(VerifyElementPropertyValueKeyword.groovy:48)
	at com.kms.katalon.core.webservice.keyword.builtin.VerifyElementPropertyValueKeyword.execute(VerifyElementPropertyValueKeyword.groovy:43)
	at com.kms.katalon.core.keyword.internal.KeywordExecutor.executeKeywordForPlatform(KeywordExecutor.groovy:53)
	at com.kms.katalon.core.webservice.keyword.WSBuiltInKeywords.verifyElementPropertyValue(WSBuiltInKeywords.groovy:123)
	at com.kms.katalon.core.webservice.keyword.WSBuiltInKeywords$verifyElementPropertyValue$1.call(Unknown Source)
	at 10TaskByRequestTaskID.run(10TaskByRequestTaskID:20)
	at com.kms.katalon.core.main.ScriptEngine.run(ScriptEngine.java:194)
	at com.kms.katalon.core.main.ScriptEngine.runScriptAsRawText(ScriptEngine.java:119)
	at com.kms.katalon.core.main.TestCaseExecutor.runScript(TestCaseExecutor.java:328)
	at com.kms.katalon.core.main.TestCaseExecutor.doExecute(TestCaseExecutor.java:319)
	at com.kms.katalon.core.main.TestCaseExecutor.processExecutionPhase(TestCaseExecutor.java:298)
	at com.kms.katalon.core.main.TestCaseExecutor.accessMainPhase(TestCaseExecutor.java:290)
	at com.kms.katalon.core.main.TestCaseExecutor.execute(TestCaseExecutor.java:224)
	at com.kms.katalon.core.main.TestSuiteExecutor.accessTestCaseMainPhase(TestSuiteExecutor.java:129)
	at com.kms.katalon.core.main.TestSuiteExecutor.accessTestSuiteMainPhase(TestSuiteExecutor.java:112)
	at com.kms.katalon.core.main.TestSuiteExecutor.execute(TestSuiteExecutor.java:81)
	at com.kms.katalon.core.main.TestCaseMain.startTestSuite(TestCaseMain.java:149)
	at com.kms.katalon.core.main.TestCaseMain$startTestSuite$0.call(Unknown Source)
	at TempTestSuite1550049898086.run(TempTestSuite1550049898086.groovy:36)


2019-02-13 16:25:16 - [TEST_STEP][PASSED] - a = sendRequest(findTestObject("ITSupporter/10TaskByRequestTaskID")): Send request successfully

2019-02-13 16:25:16 - [MESSAGE][PASSED] - Send request successfully

2019-02-13 16:25:16 - [TEST_STEP][PASSED] - verifyResponseStatusCode(a, 200): Verify response status code successfully

2019-02-13 16:25:16 - [MESSAGE][PASSED] - Verify response status code successfully

2019-02-13 16:25:16 - [TEST_STEP][FAILED] - verifyElementPropertyValue(a, "ObjReturn.RequestId", 2): Expected element property value '2' is not equal with actual property value '1'

2019-02-13 16:25:16 - [MESSAGE][FAILED] - Expected element property value '2' is not equal with actual property value '1'

2019-02-13 16:25:16 - [TEST_STEP][FAILED] - verifyElementPropertyValue(a, "ObjReturn.RequestTaskId", 3): Expected element property value '3' is not equal with actual property value '1'

2019-02-13 16:25:16 - [MESSAGE][FAILED] - Expected element property value '3' is not equal with actual property value '1'

2019-02-13 16:25:16 - [TEST_STEP][PASSED] - verifyElementPropertyValue(a, "ObjReturn.TaskStatus", 1): Verify element property value successfully

2019-02-13 16:25:16 - [MESSAGE][PASSED] - Verify element property value successfully

2019-02-13 16:25:16 - [TEST_STEP][FAILED] - verifyElementPropertyValue(a, "ObjReturn.TaskDetail", "viet"): Expected element property value 'viet' is not equal with actual property value 'anh'

2019-02-13 16:25:16 - [MESSAGE][FAILED] - Expected element property value 'viet' is not equal with actual property value 'anh'

2019-02-13 16:25:16 - [TEST_STEP][PASSED] - verifyElementPropertyValue(a, "ObjReturn.CreateByITSupporter", 1): Verify element property value successfully

2019-02-13 16:25:16 - [MESSAGE][PASSED] - Verify element property value successfully

2019-02-13 16:25:16 - [TEST_STEP][FAILED] - verifyElementPropertyValue(a, "ObjReturn.StartTime", "00:00 01/01/2019"): Expected element property value '00:00 01/01/2019' is not equal with actual property value '10/10/2019 12:00:00 AM'

2019-02-13 16:25:16 - [MESSAGE][FAILED] - Expected element property value '00:00 01/01/2019' is not equal with actual property value '10/10/2019 12:00:00 AM'

2019-02-13 16:25:16 - [TEST_STEP][FAILED] - verifyElementPropertyValue(a, "ObjReturn.EndTime", "00:00 02/02/2019"): Expected element property value '00:00 02/02/2019' is not equal with actual property value '10/11/2019 12:00:00 AM'

2019-02-13 16:25:16 - [MESSAGE][FAILED] - Expected element property value '00:00 02/02/2019' is not equal with actual property value '10/11/2019 12:00:00 AM'

2019-02-13 16:25:16 - [TEST_STEP][FAILED] - verifyElementPropertyValue(a, "ObjReturn.Priority", 2): Expected element property value '2' is not equal with actual property value '1'

2019-02-13 16:25:16 - [MESSAGE][FAILED] - Expected element property value '2' is not equal with actual property value '1'

2019-02-13 16:25:16 - [TEST_STEP][FAILED] - verifyElementPropertyValue(a, "ObjReturn.PreTaskCondition", 3): verifyElementPropertyValue(a, "ObjReturn.PreTaskCondition", 3) FAILED.
Reason:
com.kms.katalon.core.exception.StepFailedException: Expected element property value '2' is not equal with actual property value '1'
	at com.kms.katalon.core.keyword.internal.KeywordMain.stepFailed(KeywordMain.groovy:32)
	at com.kms.katalon.core.webservice.keyword.builtin.VerifyElementPropertyValueKeyword$_verifyElementPropertyValue_closure1.doCall(VerifyElementPropertyValueKeyword.groovy:56)
	at com.kms.katalon.core.webservice.keyword.builtin.VerifyElementPropertyValueKeyword$_verifyElementPropertyValue_closure1.call(VerifyElementPropertyValueKeyword.groovy)
	at com.kms.katalon.core.keyword.internal.KeywordMain.runKeyword(KeywordMain.groovy:54)
	at com.kms.katalon.core.webservice.keyword.builtin.VerifyElementPropertyValueKeyword.verifyElementPropertyValue(VerifyElementPropertyValueKeyword.groovy:48)
	at com.kms.katalon.core.webservice.keyword.builtin.VerifyElementPropertyValueKeyword.execute(VerifyElementPropertyValueKeyword.groovy:43)
	at com.kms.katalon.core.keyword.internal.KeywordExecutor.executeKeywordForPlatform(KeywordExecutor.groovy:53)
	at com.kms.katalon.core.webservice.keyword.WSBuiltInKeywords.verifyElementPropertyValue(WSBuiltInKeywords.groovy:123)
	at com.kms.katalon.core.webservice.keyword.WSBuiltInKeywords$verifyElementPropertyValue$1.call(Unknown Source)
	at 10TaskByRequestTaskID.run(10TaskByRequestTaskID:20)
	at com.kms.katalon.core.main.ScriptEngine.run(ScriptEngine.java:194)
	at com.kms.katalon.core.main.ScriptEngine.runScriptAsRawText(ScriptEngine.java:119)
	at com.kms.katalon.core.main.TestCaseExecutor.runScript(TestCaseExecutor.java:328)
	at com.kms.katalon.core.main.TestCaseExecutor.doExecute(TestCaseExecutor.java:319)
	at com.kms.katalon.core.main.TestCaseExecutor.processExecutionPhase(TestCaseExecutor.java:298)
	at com.kms.katalon.core.main.TestCaseExecutor.accessMainPhase(TestCaseExecutor.java:290)
	at com.kms.katalon.core.main.TestCaseExecutor.execute(TestCaseExecutor.java:224)
	at com.kms.katalon.core.main.TestSuiteExecutor.accessTestCaseMainPhase(TestSuiteExecutor.java:129)
	at com.kms.katalon.core.main.TestSuiteExecutor.accessTestSuiteMainPhase(TestSuiteExecutor.java:112)
	at com.kms.katalon.core.main.TestSuiteExecutor.execute(TestSuiteExecutor.java:81)
	at com.kms.katalon.core.main.TestCaseMain.startTestSuite(TestCaseMain.java:149)
	at com.kms.katalon.core.main.TestCaseMain$startTestSuite$0.call(Unknown Source)
	at TempTestSuite1550049898086.run(TempTestSuite1550049898086.groovy:36)


2019-02-13 16:25:16 - [MESSAGE][FAILED] - Expected element property value '3' is not equal with actual property value '2'

2019-02-13 16:25:16 - [MESSAGE][FAILED] - verifyElementPropertyValue(a, "ObjReturn.PreTaskCondition", 3) FAILED.
Reason:
com.kms.katalon.core.exception.StepFailedException: Expected element property value '2' is not equal with actual property value '1'
	at com.kms.katalon.core.keyword.internal.KeywordMain.stepFailed(KeywordMain.groovy:32)
	at com.kms.katalon.core.webservice.keyword.builtin.VerifyElementPropertyValueKeyword$_verifyElementPropertyValue_closure1.doCall(VerifyElementPropertyValueKeyword.groovy:56)
	at com.kms.katalon.core.webservice.keyword.builtin.VerifyElementPropertyValueKeyword$_verifyElementPropertyValue_closure1.call(VerifyElementPropertyValueKeyword.groovy)
	at com.kms.katalon.core.keyword.internal.KeywordMain.runKeyword(KeywordMain.groovy:54)
	at com.kms.katalon.core.webservice.keyword.builtin.VerifyElementPropertyValueKeyword.verifyElementPropertyValue(VerifyElementPropertyValueKeyword.groovy:48)
	at com.kms.katalon.core.webservice.keyword.builtin.VerifyElementPropertyValueKeyword.execute(VerifyElementPropertyValueKeyword.groovy:43)
	at com.kms.katalon.core.keyword.internal.KeywordExecutor.executeKeywordForPlatform(KeywordExecutor.groovy:53)
	at com.kms.katalon.core.webservice.keyword.WSBuiltInKeywords.verifyElementPropertyValue(WSBuiltInKeywords.groovy:123)
	at com.kms.katalon.core.webservice.keyword.WSBuiltInKeywords$verifyElementPropertyValue$1.call(Unknown Source)
	at 10TaskByRequestTaskID.run(10TaskByRequestTaskID:20)
	at com.kms.katalon.core.main.ScriptEngine.run(ScriptEngine.java:194)
	at com.kms.katalon.core.main.ScriptEngine.runScriptAsRawText(ScriptEngine.java:119)
	at com.kms.katalon.core.main.TestCaseExecutor.runScript(TestCaseExecutor.java:328)
	at com.kms.katalon.core.main.TestCaseExecutor.doExecute(TestCaseExecutor.java:319)
	at com.kms.katalon.core.main.TestCaseExecutor.processExecutionPhase(TestCaseExecutor.java:298)
	at com.kms.katalon.core.main.TestCaseExecutor.accessMainPhase(TestCaseExecutor.java:290)
	at com.kms.katalon.core.main.TestCaseExecutor.execute(TestCaseExecutor.java:224)
	at com.kms.katalon.core.main.TestSuiteExecutor.accessTestCaseMainPhase(TestSuiteExecutor.java:129)
	at com.kms.katalon.core.main.TestSuiteExecutor.accessTestSuiteMainPhase(TestSuiteExecutor.java:112)
	at com.kms.katalon.core.main.TestSuiteExecutor.execute(TestSuiteExecutor.java:81)
	at com.kms.katalon.core.main.TestCaseMain.startTestSuite(TestCaseMain.java:149)
	at com.kms.katalon.core.main.TestCaseMain$startTestSuite$0.call(Unknown Source)
	at TempTestSuite1550049898086.run(TempTestSuite1550049898086.groovy:36)]]></system-out>
         <system-err><![CDATA[2019-02-13 16:25:16 - [TEST_CASE][FAILED] - Test Cases/ITSupporter/10TaskByRequestTaskID: Test Cases/ITSupporter/10TaskByRequestTaskID FAILED.
Reason:
com.kms.katalon.core.exception.StepFailedException: Expected element property value '2' is not equal with actual property value '1'
	at com.kms.katalon.core.keyword.internal.KeywordMain.stepFailed(KeywordMain.groovy:32)
	at com.kms.katalon.core.webservice.keyword.builtin.VerifyElementPropertyValueKeyword$_verifyElementPropertyValue_closure1.doCall(VerifyElementPropertyValueKeyword.groovy:56)
	at com.kms.katalon.core.webservice.keyword.builtin.VerifyElementPropertyValueKeyword$_verifyElementPropertyValue_closure1.call(VerifyElementPropertyValueKeyword.groovy)
	at com.kms.katalon.core.keyword.internal.KeywordMain.runKeyword(KeywordMain.groovy:54)
	at com.kms.katalon.core.webservice.keyword.builtin.VerifyElementPropertyValueKeyword.verifyElementPropertyValue(VerifyElementPropertyValueKeyword.groovy:48)
	at com.kms.katalon.core.webservice.keyword.builtin.VerifyElementPropertyValueKeyword.execute(VerifyElementPropertyValueKeyword.groovy:43)
	at com.kms.katalon.core.keyword.internal.KeywordExecutor.executeKeywordForPlatform(KeywordExecutor.groovy:53)
	at com.kms.katalon.core.webservice.keyword.WSBuiltInKeywords.verifyElementPropertyValue(WSBuiltInKeywords.groovy:123)
	at com.kms.katalon.core.webservice.keyword.WSBuiltInKeywords$verifyElementPropertyValue$1.call(Unknown Source)
	at 10TaskByRequestTaskID.run(10TaskByRequestTaskID:20)
	at com.kms.katalon.core.main.ScriptEngine.run(ScriptEngine.java:194)
	at com.kms.katalon.core.main.ScriptEngine.runScriptAsRawText(ScriptEngine.java:119)
	at com.kms.katalon.core.main.TestCaseExecutor.runScript(TestCaseExecutor.java:328)
	at com.kms.katalon.core.main.TestCaseExecutor.doExecute(TestCaseExecutor.java:319)
	at com.kms.katalon.core.main.TestCaseExecutor.processExecutionPhase(TestCaseExecutor.java:298)
	at com.kms.katalon.core.main.TestCaseExecutor.accessMainPhase(TestCaseExecutor.java:290)
	at com.kms.katalon.core.main.TestCaseExecutor.execute(TestCaseExecutor.java:224)
	at com.kms.katalon.core.main.TestSuiteExecutor.accessTestCaseMainPhase(TestSuiteExecutor.java:129)
	at com.kms.katalon.core.main.TestSuiteExecutor.accessTestSuiteMainPhase(TestSuiteExecutor.java:112)
	at com.kms.katalon.core.main.TestSuiteExecutor.execute(TestSuiteExecutor.java:81)
	at com.kms.katalon.core.main.TestCaseMain.startTestSuite(TestCaseMain.java:149)
	at com.kms.katalon.core.main.TestCaseMain$startTestSuite$0.call(Unknown Source)
	at TempTestSuite1550049898086.run(TempTestSuite1550049898086.groovy:36)]]></system-err>
      </testcase>
      <testcase name="Test Cases/ITSupporter/13ViewGuideLine" classname="Test Cases/ITSupporter/13ViewGuideLine" status="FAILED">
         <failure type="FAILED" message="Test Cases/ITSupporter/13ViewGuideLine FAILED.
Reason:
com.kms.katalon.core.exception.StepFailedException: Expected element property value '29' is not equal with actual property value '30'
	at com.kms.katalon.core.keyword.internal.KeywordMain.stepFailed(KeywordMain.groovy:32)
	at com.kms.katalon.core.webservice.keyword.builtin.VerifyElementPropertyValueKeyword$_verifyElementPropertyValue_closure1.doCall(VerifyElementPropertyValueKeyword.groovy:56)
	at com.kms.katalon.core.webservice.keyword.builtin.VerifyElementPropertyValueKeyword$_verifyElementPropertyValue_closure1.call(VerifyElementPropertyValueKeyword.groovy)
	at com.kms.katalon.core.keyword.internal.KeywordMain.runKeyword(KeywordMain.groovy:54)
	at com.kms.katalon.core.webservice.keyword.builtin.VerifyElementPropertyValueKeyword.verifyElementPropertyValue(VerifyElementPropertyValueKeyword.groovy:48)
	at com.kms.katalon.core.webservice.keyword.builtin.VerifyElementPropertyValueKeyword.execute(VerifyElementPropertyValueKeyword.groovy:43)
	at com.kms.katalon.core.keyword.internal.KeywordExecutor.executeKeywordForPlatform(KeywordExecutor.groovy:53)
	at com.kms.katalon.core.webservice.keyword.WSBuiltInKeywords.verifyElementPropertyValue(WSBuiltInKeywords.groovy:123)
	at com.kms.katalon.core.webservice.keyword.WSBuiltInKeywords$verifyElementPropertyValue$1.call(Unknown Source)
	at 13ViewGuideLine.run(13ViewGuideLine:70)
	at com.kms.katalon.core.main.ScriptEngine.run(ScriptEngine.java:194)
	at com.kms.katalon.core.main.ScriptEngine.runScriptAsRawText(ScriptEngine.java:119)
	at com.kms.katalon.core.main.TestCaseExecutor.runScript(TestCaseExecutor.java:328)
	at com.kms.katalon.core.main.TestCaseExecutor.doExecute(TestCaseExecutor.java:319)
	at com.kms.katalon.core.main.TestCaseExecutor.processExecutionPhase(TestCaseExecutor.java:298)
	at com.kms.katalon.core.main.TestCaseExecutor.accessMainPhase(TestCaseExecutor.java:290)
	at com.kms.katalon.core.main.TestCaseExecutor.execute(TestCaseExecutor.java:224)
	at com.kms.katalon.core.main.TestSuiteExecutor.accessTestCaseMainPhase(TestSuiteExecutor.java:129)
	at com.kms.katalon.core.main.TestSuiteExecutor.accessTestSuiteMainPhase(TestSuiteExecutor.java:112)
[...]

2019-02-13 16:25:24 - [MESSAGE][FAILED] - Expected element property value '00:00 10/10/2018' is not equal with actual property value '10/10/2018 12:00:00 AM'

2019-02-13 16:25:24 - [TEST_STEP][PASSED] - verifyElementPropertyValue(a, "ObjReturn.CompanyName", "Uni space"): Verify element property value successfully

2019-02-13 16:25:24 - [MESSAGE][PASSED] - Verify element property value successfully

2019-02-13 16:25:24 - [TEST_STEP][PASSED] - verifyElementPropertyValue(a, "ObjReturn.CompanyId", 2): Verify element property value successfully

2019-02-13 16:25:24 - [MESSAGE][PASSED] - Verify element property value successfully

2019-02-13 16:25:24 - [TEST_STEP][PASSED] - verifyElementPropertyValue(a, "ObjReturn.TicketList[0].TicketId", 11): Verify element property value successfully

2019-02-13 16:25:24 - [MESSAGE][PASSED] - Verify element property value successfully

2019-02-13 16:25:24 - [TEST_STEP][PASSED] - verifyElementPropertyValue(a, "ObjReturn.TicketList[0].RequestId", 4): Verify element property value successfully

2019-02-13 16:25:24 - [MESSAGE][PASSED] - Verify element property value successfully

2019-02-13 16:25:24 - [TEST_STEP][PASSED] - verifyElementPropertyValue(a, "ObjReturn.TicketList[0].DeviceId", 8): Verify element property value successfully

2019-02-13 16:25:24 - [MESSAGE][PASSED] - Verify element property value successfully

2019-02-13 16:25:24 - [TEST_STEP][FAILED] - verifyElementPropertyValue(a, "ObjReturn.TicketList[0].ServiceItemName", "Sửa chữa máy POS  không in được."): Expected element property value 'Sửa chữa máy POS  không in được.' is not equal with actual property value 'null'

2019-02-13 16:25:24 - [MESSAGE][FAILED] - Expected element property value 'Sửa chữa máy POS  không in được.' is not equal with actual property value 'null'

2019-02-13 16:25:24 - [TEST_STEP][PASSED] - verifyElementPropertyValue(a, "ObjReturn.TicketList[0].Desciption", "Được Thêm bởi Admin vào lúc 1/17/2019 9:42:44 AM cho sự cố Uni deli - Sửa chữa máy POS  không in được."): Verify element property value successfully

2019-02-13 16:25:24 - [MESSAGE][PASSED] - Verify element property value successfully

2019-02-13 16:25:24 - [TEST_STEP][PASSED] - verifyElementPropertyValue(a, "ObjReturn.TicketList[0].CreateDate", "09:42 17/01/2019"): Verify element property value successfully

2019-02-13 16:25:24 - [MESSAGE][PASSED] - Verify element property value successfully

2019-02-13 16:25:24 - [TEST_STEP][FAILED] - verifyElementPropertyValue(a, "ObjReturn.TicketList[0].UpdateDate", "09:42 17/01/2019"): Expected element property value '09:42 17/01/2019' is not equal with actual property value 'null'

2019-02-13 16:25:24 - [MESSAGE][FAILED] - Expected element property value '09:42 17/01/2019' is not equal with actual property value 'null'

2019-02-13 16:25:24 - [TEST_STEP][PASSED] - verifyElementPropertyValue(a, "ObjReturn.TicketList[1].TicketId", 12): Verify element property value successfully

2019-02-13 16:25:24 - [MESSAGE][PASSED] - Verify element property value successfully

2019-02-13 16:25:24 - [TEST_STEP][PASSED] - verifyElementPropertyValue(a, "ObjReturn.TicketList[1].RequestId", 12): Verify element property value successfully

2019-02-13 16:25:24 - [MESSAGE][PASSED] - Verify element property value successfully

2019-02-13 16:25:24 - [TEST_STEP][PASSED] - verifyElementPropertyValue(a, "ObjReturn.TicketList[1].DeviceId", 8): Verify element property value successfully

2019-02-13 16:25:24 - [MESSAGE][PASSED] - Verify element property value successfully

2019-02-13 16:25:25 - [TEST_STEP][FAILED] - verifyElementPropertyValue(a, "ObjReturn.TicketList[1].ServiceItemName", "Sửa chữa máy POS  không in được."): Expected element property value 'Sửa chữa máy POS  không in được.' is not equal with actual property value 'null'

2019-02-13 16:25:25 - [MESSAGE][FAILED] - Expected element property value 'Sửa chữa máy POS  không in được.' is not equal with actual property value 'null'

2019-02-13 16:25:25 - [TEST_STEP][PASSED] - verifyElementPropertyValue(a, "ObjReturn.TicketList[1].Desciption", null): Verify element property value successfully

2019-02-13 16:25:25 - [MESSAGE][PASSED] - Verify element property value successfully

2019-02-13 16:25:25 - [TEST_STEP][PASSED] - verifyElementPropertyValue(a, "ObjReturn.TicketList[1].CreateDate", "09:45 17/01/2019"): Verify element property value successfully

2019-02-13 16:25:25 - [MESSAGE][PASSED] - Verify element property value successfully

2019-02-13 16:25:25 - [TEST_STEP][PASSED] - verifyElementPropertyValue(a, "ObjReturn.TicketList[1].UpdateDate", null): Verify element property value successfully

2019-02-13 16:25:25 - [MESSAGE][PASSED] - Verify element property value successfully

2019-02-13 16:25:25 - [TEST_STEP][PASSED] - verifyElementPropertyValue(a, "ObjReturn.TicketList[2].TicketId", 13): Verify element property value successfully

2019-02-13 16:25:25 - [MESSAGE][PASSED] - Verify element property value successfully

2019-02-13 16:25:25 - [TEST_STEP][FAILED] - verifyElementPropertyValue(a, "ObjReturn.TicketList[2].RequestId", 8): Expected element property value '8' is not equal with actual property value '7'

2019-02-13 16:25:25 - [MESSAGE][FAILED] - Expected element property value '8' is not equal with actual property value '7'

2019-02-13 16:25:25 - [TEST_STEP][PASSED] - verifyElementPropertyValue(a, "ObjReturn.TicketList[2].DeviceId", 8): Verify element property value successfully

2019-02-13 16:25:25 - [MESSAGE][PASSED] - Verify element property value successfully

2019-02-13 16:25:25 - [TEST_STEP][FAILED] - verifyElementPropertyValue(a, "ObjReturn.TicketList[2].ServiceItemName", "Sửa chữa máy POS  không in được."): Expected element property value 'Sửa chữa máy POS  không in được.' is not equal with actual property value 'null'

2019-02-13 16:25:25 - [MESSAGE][FAILED] - Expected element property value 'Sửa chữa máy POS  không in được.' is not equal with actual property value 'null'

2019-02-13 16:25:25 - [TEST_STEP][PASSED] - verifyElementPropertyValue(a, "ObjReturn.TicketList[2].Desciption", "Được Thêm bởi Admin vào lúc 1/17/2019 12:24:23 PM cho sự cố Uni deli - Sửa chữa máy POS  không in được."): Verify element property value successfully

2019-02-13 16:25:25 - [MESSAGE][PASSED] - Verify element property value successfully

2019-02-13 16:25:25 - [TEST_STEP][PASSED] - verifyElementPropertyValue(a, "ObjReturn.TicketList[2].CreateDate", "12:24 17/01/2019"): Verify element property value successfully

2019-02-13 16:25:25 - [MESSAGE][PASSED] - Verify element property value successfully

2019-02-13 16:25:25 - [TEST_STEP][FAILED] - verifyElementPropertyValue(a, "ObjReturn.TicketList[2].UpdateDate", null): verifyElementPropertyValue(a, "ObjReturn.TicketList[2].UpdateDate", null) FAILED.
Reason:
com.kms.katalon.core.exception.StepFailedException: Expected element property value '' is not equal with actual property value '0'
	at com.kms.katalon.core.keyword.internal.KeywordMain.stepFailed(KeywordMain.groovy:32)
	at com.kms.katalon.core.webservice.keyword.builtin.VerifyElementPropertyValueKeyword$_verifyElementPropertyValue_closure1.doCall(VerifyElementPropertyValueKeyword.groovy:56)
	at com.kms.katalon.core.webservice.keyword.builtin.VerifyElementPropertyValueKeyword$_verifyElementPropertyValue_closure1.call(VerifyElementPropertyValueKeyword.groovy)
	at com.kms.katalon.core.keyword.internal.KeywordMain.runKeyword(KeywordMain.groovy:54)
	at com.kms.katalon.core.webservice.keyword.builtin.VerifyElementPropertyValueKeyword.verifyElementPropertyValue(VerifyElementPropertyValueKeyword.groovy:48)
	at com.kms.katalon.core.webservice.keyword.builtin.VerifyElementPropertyValueKeyword.execute(VerifyElementPropertyValueKeyword.groovy:43)
	at com.kms.katalon.core.keyword.internal.KeywordExecutor.executeKeywordForPlatform(KeywordExecutor.groovy:53)
	at com.kms.katalon.core.webservice.keyword.WSBuiltInKeywords.verifyElementPropertyValue(WSBuiltInKeywords.groovy:123)
	at com.kms.katalon.core.webservice.keyword.WSBuiltInKeywords$verifyElementPropertyValue$1.call(Unknown Source)
	at 24CheckDeviceInfoByCode.run(24CheckDeviceInfoByCode:20)
	at com.kms.katalon.core.main.ScriptEngine.run(ScriptEngine.java:194)
	at com.kms.katalon.core.main.ScriptEngine.runScriptAsRawText(ScriptEngine.java:119)
	at com.kms.katalon.core.main.TestCaseExecutor.runScript(TestCaseExecutor.java:328)
	at com.kms.katalon.core.main.TestCaseExecutor.doExecute(TestCaseExecutor.java:319)
	at com.kms.katalon.core.main.TestCaseExecutor.processExecutionPhase(TestCaseExecutor.java:298)
	at com.kms.katalon.core.main.TestCaseExecutor.accessMainPhase(TestCaseExecutor.java:290)
	at com.kms.katalon.core.main.TestCaseExecutor.execute(TestCaseExecutor.java:224)
	at com.kms.katalon.core.main.TestSuiteExecutor.accessTestCaseMainPhase(TestSuiteExecutor.java:129)
	at com.kms.katalon.core.main.TestSuiteExecutor.accessTestSuiteMainPhase(TestSuiteExecutor.java:112)
	at com.kms.katalon.core.main.TestSuiteExecutor.execute(TestSuiteExecutor.java:81)
	at com.kms.katalon.core.main.TestCaseMain.startTestSuite(TestCaseMain.java:149)
	at com.kms.katalon.core.main.TestCaseMain$startTestSuite$0.call(Unknown Source)
	at TempTestSuite1550049898086.run(TempTestSuite1550049898086.groovy:36)


2019-02-13 16:25:25 - [MESSAGE][PASSED] - Verify element property value successfully

2019-02-13 16:25:25 - [MESSAGE][FAILED] - verifyElementPropertyValue(a, "ObjReturn.TicketList[2].UpdateDate", null) FAILED.
Reason:
com.kms.katalon.core.exception.StepFailedException: Expected element property value '' is not equal with actual property value '0'
	at com.kms.katalon.core.keyword.internal.KeywordMain.stepFailed(KeywordMain.groovy:32)
	at com.kms.katalon.core.webservice.keyword.builtin.VerifyElementPropertyValueKeyword$_verifyElementPropertyValue_closure1.doCall(VerifyElementPropertyValueKeyword.groovy:56)
	at com.kms.katalon.core.webservice.keyword.builtin.VerifyElementPropertyValueKeyword$_verifyElementPropertyValue_closure1.call(VerifyElementPropertyValueKeyword.groovy)
	at com.kms.katalon.core.keyword.internal.KeywordMain.runKeyword(KeywordMain.groovy:54)
	at com.kms.katalon.core.webservice.keyword.builtin.VerifyElementPropertyValueKeyword.verifyElementPropertyValue(VerifyElementPropertyValueKeyword.groovy:48)
	at com.kms.katalon.core.webservice.keyword.builtin.VerifyElementPropertyValueKeyword.execute(VerifyElementPropertyValueKeyword.groovy:43)
	at com.kms.katalon.core.keyword.internal.KeywordExecutor.executeKeywordForPlatform(KeywordExecutor.groovy:53)
	at com.kms.katalon.core.webservice.keyword.WSBuiltInKeywords.verifyElementPropertyValue(WSBuiltInKeywords.groovy:123)
	at com.kms.katalon.core.webservice.keyword.WSBuiltInKeywords$verifyElementPropertyValue$1.call(Unknown Source)
	at 24CheckDeviceInfoByCode.run(24CheckDeviceInfoByCode:20)
	at com.kms.katalon.core.main.ScriptEngine.run(ScriptEngine.java:194)
	at com.kms.katalon.core.main.ScriptEngine.runScriptAsRawText(ScriptEngine.java:119)
	at com.kms.katalon.core.main.TestCaseExecutor.runScript(TestCaseExecutor.java:328)
	at com.kms.katalon.core.main.TestCaseExecutor.doExecute(TestCaseExecutor.java:319)
	at com.kms.katalon.core.main.TestCaseExecutor.processExecutionPhase(TestCaseExecutor.java:298)
	at com.kms.katalon.core.main.TestCaseExecutor.accessMainPhase(TestCaseExecutor.java:290)
	at com.kms.katalon.core.main.TestCaseExecutor.execute(TestCaseExecutor.java:224)
	at com.kms.katalon.core.main.TestSuiteExecutor.accessTestCaseMainPhase(TestSuiteExecutor.java:129)
	at com.kms.katalon.core.main.TestSuiteExecutor.accessTestSuiteMainPhase(TestSuiteExecutor.java:112)
	at com.kms.katalon.core.main.TestSuiteExecutor.execute(TestSuiteExecutor.java:81)
	at com.kms.katalon.core.main.TestCaseMain.startTestSuite(TestCaseMain.java:149)
	at com.kms.katalon.core.main.TestCaseMain$startTestSuite$0.call(Unknown Source)
	at TempTestSuite1550049898086.run(TempTestSuite1550049898086.groovy:36)]]></system-out>
         <system-err><![CDATA[2019-02-13 16:25:23 - [TEST_CASE][FAILED] - Test Cases/ITSupporter/24CheckDeviceInfoByCode: Test Cases/ITSupporter/24CheckDeviceInfoByCode FAILED.
Reason:
com.kms.katalon.core.exception.StepFailedException: Expected element property value '' is not equal with actual property value '0'
	at com.kms.katalon.core.keyword.internal.KeywordMain.stepFailed(KeywordMain.groovy:32)
	at com.kms.katalon.core.webservice.keyword.builtin.VerifyElementPropertyValueKeyword$_verifyElementPropertyValue_closure1.doCall(VerifyElementPropertyValueKeyword.groovy:56)
	at com.kms.katalon.core.webservice.keyword.builtin.VerifyElementPropertyValueKeyword$_verifyElementPropertyValue_closure1.call(VerifyElementPropertyValueKeyword.groovy)
	at com.kms.katalon.core.keyword.internal.KeywordMain.runKeyword(KeywordMain.groovy:54)
	at com.kms.katalon.core.webservice.keyword.builtin.VerifyElementPropertyValueKeyword.verifyElementPropertyValue(VerifyElementPropertyValueKeyword.groovy:48)
	at com.kms.katalon.core.webservice.keyword.builtin.VerifyElementPropertyValueKeyword.execute(VerifyElementPropertyValueKeyword.groovy:43)
	at com.kms.katalon.core.keyword.internal.KeywordExecutor.executeKeywordForPlatform(KeywordExecutor.groovy:53)
	at com.kms.katalon.core.webservice.keyword.WSBuiltInKeywords.verifyElementPropertyValue(WSBuiltInKeywords.groovy:123)
	at com.kms.katalon.core.webservice.keyword.WSBuiltInKeywords$verifyElementPropertyValue$1.call(Unknown Source)
	at 24CheckDeviceInfoByCode.run(24CheckDeviceInfoByCode:20)
	at com.kms.katalon.core.main.ScriptEngine.run(ScriptEngine.java:194)
	at com.kms.katalon.core.main.ScriptEngine.runScriptAsRawText(ScriptEngine.java:119)
	at com.kms.katalon.core.main.TestCaseExecutor.runScript(TestCaseExecutor.java:328)
	at com.kms.katalon.core.main.TestCaseExecutor.doExecute(TestCaseExecutor.java:319)
	at com.kms.katalon.core.main.TestCaseExecutor.processExecutionPhase(TestCaseExecutor.java:298)
	at com.kms.katalon.core.main.TestCaseExecutor.accessMainPhase(TestCaseExecutor.java:290)
	at com.kms.katalon.core.main.TestCaseExecutor.execute(TestCaseExecutor.java:224)
	at com.kms.katalon.core.main.TestSuiteExecutor.accessTestCaseMainPhase(TestSuiteExecutor.java:129)
	at com.kms.katalon.core.main.TestSuiteExecutor.accessTestSuiteMainPhase(TestSuiteExecutor.java:112)
	at com.kms.katalon.core.main.TestSuiteExecutor.execute(TestSuiteExecutor.java:81)
	at com.kms.katalon.core.main.TestCaseMain.startTestSuite(TestCaseMain.java:149)
	at com.kms.katalon.core.main.TestCaseMain$startTestSuite$0.call(Unknown Source)
	at TempTestSuite1550049898086.run(TempTestSuite1550049898086.groovy:36)]]></system-err>
      </testcase>
      <system-out><![CDATA[2019-02-13 16:25:01 - [TEST_SUITE][FAILED] - ITSupporter: Test Cases/ITSupporter/01Login FAILED.
Reason:
com.kms.katalon.core.exception.StepFailedException: Expected element property value '1' is not equal with actual property value '0'
	at com.kms.katalon.core.keyword.internal.KeywordMain.stepFailed(KeywordMain.groovy:32)
	at com.kms.katalon.core.webservice.keyword.builtin.VerifyElementPropertyValueKeyword$_verifyElementPropertyValue_closure1.doCall(VerifyElementPropertyValueKeyword.groovy:56)
	at com.kms.katalon.core.webservice.keyword.builtin.VerifyElementPropertyValueKeyword$_verifyElementPropertyValue_closure1.call(VerifyElementPropertyValueKeyword.groovy)
	at com.kms.katalon.core.keyword.internal.KeywordMain.runKeyword(KeywordMain.groovy:54)
	at com.kms.katalon.core.webservice.keyword.builtin.VerifyElementPropertyValueKeyword.verifyElementPropertyValue(VerifyElementPropertyValueKeyword.groovy:48)
	at com.kms.katalon.core.webservice.keyword.builtin.VerifyElementPropertyValueKeyword.execute(VerifyElementPropertyValueKeyword.groovy:43)
	at com.kms.katalon.core.keyword.internal.KeywordExecutor.executeKeywordForPlatform(KeywordExecutor.groovy:53)
	at com.kms.katalon.core.webservice.keyword.WSBuiltInKeywords.verifyElementPropertyValue(WSBuiltInKeywords.groovy:123)
	at com.kms.katalon.core.webservice.keyword.WSBuiltInKeywords$verifyElementPropertyValue$1.call(Unknown Source)
	at 01Login.run(01Login:20)
	at com.kms.katalon.core.main.ScriptEngine.run(ScriptEngine.java:194)
	at com.kms.katalon.core.main.ScriptEngine.runScriptAsRawText(ScriptEngine.java:119)
	at com.kms.katalon.core.main.TestCaseExecutor.runScript(TestCaseExecutor.java:328)
	at com.kms.katalon.core.main.TestCaseExecutor.doExecute(TestCaseExecutor.java:319)
	at com.kms.katalon.core.main.TestCaseExecutor.processExecutionPhase(TestCaseExecutor.java:298)
	at com.kms.katalon.core.main.TestCaseExecutor.accessMainPhase(TestCaseExecutor.java:290)
	at com.kms.katalon.core.main.TestCaseExecutor.execute(TestCaseExecutor.java:224)
	at com.kms.katalon.core.main.TestSuiteExecutor.accessTestCaseMainPhase(TestSuiteExecutor.java:129)
	at com.kms.katalon.core.main.TestSuiteExecutor.accessTestSuiteMainPhase(TestSuiteExecutor.java:112)
	at com.kms.katalon.core.main.TestSuiteExecutor.execute(TestSuiteExecutor.java:81)
	at com.kms.katalon.core.main.TestCaseMain.startTestSuite(TestCaseMain.java:149)
	at com.kms.katalon.core.main.TestCaseMain$startTestSuite$0.call(Unknown Source)
	at TempTestSuite1550049898086.run(TempTestSuite1550049898086.groovy:36)]]></system-out>
      <system-err><![CDATA[2019-02-13 16:25:01 - [TEST_SUITE][FAILED] - ITSupporter: Test Cases/ITSupporter/01Login FAILED.
Reason:
com.kms.katalon.core.exception.StepFailedException: Expected element property value '1' is not equal with actual property value '0'
	at com.kms.katalon.core.keyword.internal.KeywordMain.stepFailed(KeywordMain.groovy:32)
	at com.kms.katalon.core.webservice.keyword.builtin.VerifyElementPropertyValueKeyword$_verifyElementPropertyValue_closure1.doCall(VerifyElementPropertyValueKeyword.groovy:56)
	at com.kms.katalon.core.webservice.keyword.builtin.VerifyElementPropertyValueKeyword$_verifyElementPropertyValue_closure1.call(VerifyElementPropertyValueKeyword.groovy)
	at com.kms.katalon.core.keyword.internal.KeywordMain.runKeyword(KeywordMain.groovy:54)
	at com.kms.katalon.core.webservice.keyword.builtin.VerifyElementPropertyValueKeyword.verifyElementPropertyValue(VerifyElementPropertyValueKeyword.groovy:48)
	at com.kms.katalon.core.webservice.keyword.builtin.VerifyElementPropertyValueKeyword.execute(VerifyElementPropertyValueKeyword.groovy:43)
	at com.kms.katalon.core.keyword.internal.KeywordExecutor.executeKeywordForPlatform(KeywordExecutor.groovy:53)
	at com.kms.katalon.core.webservice.keyword.WSBuiltInKeywords.verifyElementPropertyValue(WSBuiltInKeywords.groovy:123)
	at com.kms.katalon.core.webservice.keyword.WSBuiltInKeywords$verifyElementPropertyValue$1.call(Unknown Source)
	at 01Login.run(01Login:20)
	at com.kms.katalon.core.main.ScriptEngine.run(ScriptEngine.java:194)
	at com.kms.katalon.core.main.ScriptEngine.runScriptAsRawText(ScriptEngine.java:119)
	at com.kms.katalon.core.main.TestCaseExecutor.runScript(TestCaseExecutor.java:328)
	at com.kms.katalon.core.main.TestCaseExecutor.doExecute(TestCaseExecutor.java:319)
	at com.kms.katalon.core.main.TestCaseExecutor.processExecutionPhase(TestCaseExecutor.java:298)
	at com.kms.katalon.core.main.TestCaseExecutor.accessMainPhase(TestCaseExecutor.java:290)
	at com.kms.katalon.core.main.TestCaseExecutor.execute(TestCaseExecutor.java:224)
	at com.kms.katalon.core.main.TestSuiteExecutor.accessTestCaseMainPhase(TestSuiteExecutor.java:129)
	at com.kms.katalon.core.main.TestSuiteExecutor.accessTestSuiteMainPhase(TestSuiteExecutor.java:112)
	at com.kms.katalon.core.main.TestSuiteExecutor.execute(TestSuiteExecutor.java:81)
	at com.kms.katalon.core.main.TestCaseMain.startTestSuite(TestCaseMain.java:149)
	at com.kms.katalon.core.main.TestCaseMain$startTestSuite$0.call(Unknown Source)
	at TempTestSuite1550049898086.run(TempTestSuite1550049898086.groovy:36)]]></system-err>
   </testsuite>
</testsuites>
